This file contains any messages produced by compilers while
running configure, to aid debugging if configure makes a mistake.

It was created by cpplib configure  , which was
generated by GNU Autoconf 2.64.  Invocation command line was

  $ /home/simon/work/goldilocks/tmp/work-shared/gcc-5.2.0-r0/gcc-5.2.0/libcpp/configure --srcdir=/home/simon/work/goldilocks/tmp/work-shared/gcc-5.2.0-r0/gcc-5.2.0/libcpp --cache-file=./config.cache --with-system-zlib --prefix=/home/simon/work/goldilocks/tmp/sysroots/x86_64-linux/usr --exec_prefix=/home/simon/work/goldilocks/tmp/sysroots/x86_64-linux/usr --bindir=/home/simon/work/goldilocks/tmp/sysroots/x86_64-linux/usr/bin/arm-dey-linux-gnueabi --sbindir=/home/simon/work/goldilocks/tmp/sysroots/x86_64-linux/usr/bin/arm-dey-linux-gnueabi --libexecdir=/home/simon/work/goldilocks/tmp/sysroots/x86_64-linux/usr/libexec/arm-dey-linux-gnueabi --datadir=/home/simon/work/goldilocks/tmp/sysroots/x86_64-linux/usr/share --sysconfdir=/home/simon/work/goldilocks/tmp/sysroots/x86_64-linux/etc --sharedstatedir=/home/simon/work/goldilocks/tmp/sysroots/x86_64-linux/com --localstatedir=/home/simon/work/goldilocks/tmp/sysroots/x86_64-linux/var --libdir=/home/simon/work/goldilocks/tmp/sysroots/x86_64-linux/usr/lib/arm-dey-linux-gnueabi --includedir=/home/simon/work/goldilocks/tmp/sysroots/x86_64-linux/usr/include --oldincludedir=/home/simon/work/goldilocks/tmp/sysroots/x86_64-linux/usr/include --infodir=/home/simon/work/goldilocks/tmp/sysroots/x86_64-linux/usr/share/info --mandir=/home/simon/work/goldilocks/tmp/sysroots/x86_64-linux/usr/share/man --disable-silent-rules --disable-dependency-tracking --with-libtool-sysroot=/home/simon/work/goldilocks/tmp/sysroots/x86_64-linux --enable-clocale=generic --with-gnu-ld --enable-shared --enable-threads=posix --disable-multilib --enable-c99 --enable-long-long --enable-symvers=gnu --enable-libstdcxx-pch --without-local-prefix --enable-target-optspace --enable-lto --enable-libssp --disable-bootstrap --disable-libmudflap --with-linker-hash-style=gnu --enable-linker-build-id --with-ppl=no --with-cloog=no --enable-checking=release --enable-cheaders=c_global --without-isl --with-gxx-include-dir=/not/exist/usr/include/c++/5.2.0 --with-sysroot=/not/exist --with-build-sysroot=/home/simon/work/goldilocks/tmp/sysroots/ccimx6ulstarter --enable-poison-system-directories --with-mpfr=/home/simon/work/goldilocks/tmp/sysroots/x86_64-linux/usr --with-system-zlib --disable-nls --with-arch=armv7-a --enable-languages=c,c++,lto --program-transform-name=s&^&arm-dey-linux-gnueabi-& --disable-option-checking --build=x86_64-linux --host=x86_64-linux --target=arm-dey-linux-gnueabi

## --------- ##
## Platform. ##
## --------- ##

hostname = simon-XNOTE
uname -m = x86_64
uname -r = 4.2.0-27-generic
uname -s = Linux
uname -v = #32~14.04.1-Ubuntu SMP Fri Jan 22 15:32:26 UTC 2016

/usr/bin/uname -p = unknown
/bin/uname -X     = unknown

/bin/arch              = unknown
/usr/bin/arch -k       = unknown
/usr/convex/getsysinfo = unknown
/usr/bin/hostinfo      = unknown
/bin/machine           = unknown
/usr/bin/oslevel       = unknown
/bin/universe          = unknown

PATH: /home/simon/work/goldilocks/tmp/sysroots/x86_64-linux/usr/bin/texinfo-dummy-native
PATH: /usr/local/dey-2.0/sources/poky/scripts
PATH: /home/simon/work/goldilocks/tmp/sysroots/x86_64-linux/usr/bin/arm-dey-linux-gnueabi
PATH: /home/simon/work/goldilocks/tmp/sysroots/x86_64-linux/home/simon/work/goldilocks/tmp/sysroots/x86_64-linux/usr/bin/arm-dey-linux-gnueabi/crossscripts
PATH: /home/simon/work/goldilocks/tmp/sysroots/x86_64-linux/usr/sbin
PATH: /home/simon/work/goldilocks/tmp/sysroots/x86_64-linux/usr/bin
PATH: /home/simon/work/goldilocks/tmp/sysroots/x86_64-linux/sbin
PATH: /home/simon/work/goldilocks/tmp/sysroots/x86_64-linux/bin
PATH: /usr/local/dey-2.0/sources/poky/scripts
PATH: /usr/local/dey-2.0/sources/poky/bitbake/bin
PATH: /usr/local/sbin
PATH: /usr/local/bin
PATH: /usr/sbin
PATH: /usr/bin
PATH: /sbin
PATH: /bin
PATH: /usr/games
PATH: /usr/local/games


## ----------- ##
## Core tests. ##
## ----------- ##

configure:2490: creating cache ./config.cache
configure:2595: checking build system type
configure:2609: result: x86_64-pc-linux-gnu
configure:2629: checking host system type
configure:2642: result: x86_64-pc-linux-gnu
configure:2662: checking target system type
configure:2675: result: arm-dey-linux-gnueabi
configure:2704: checking whether make sets $(MAKE)
configure:2726: result: yes
configure:2749: checking for a BSD-compatible install
configure:2817: result: /usr/bin/install -c
configure:2836: checking for x86_64-linux-gcc
configure:2863: result: gcc 
configure:3132: checking for C compiler version
configure:3141: gcc  --version >&5
gcc (Ubuntu 4.8.4-2ubuntu1~14.04.3) 4.8.4
Copyright (C) 2013 Free Software Foundation, Inc.
This is free software; see the source for copying conditions.  There is NO
warranty; not even for MERCHANTABILITY or FITNESS FOR A PARTICULAR PURPOSE.

configure:3152: $? = 0
configure:3141: gcc  -v >&5
Using built-in specs.
COLLECT_GCC=gcc
COLLECT_LTO_WRAPPER=/usr/lib/gcc/x86_64-linux-gnu/4.8/lto-wrapper
Target: x86_64-linux-gnu
Configured with: ../src/configure -v --with-pkgversion='Ubuntu 4.8.4-2ubuntu1~14.04.3' --with-bugurl=file:///usr/share/doc/gcc-4.8/README.Bugs --enable-languages=c,c++,java,go,d,fortran,objc,obj-c++ --prefix=/usr --program-suffix=-4.8 --enable-shared --enable-linker-build-id --libexecdir=/usr/lib --without-included-gettext --enable-threads=posix --with-gxx-include-dir=/usr/include/c++/4.8 --libdir=/usr/lib --enable-nls --with-sysroot=/ --enable-clocale=gnu --enable-libstdcxx-debug --enable-libstdcxx-time=yes --enable-gnu-unique-object --disable-libmudflap --enable-plugin --with-system-zlib --disable-browser-plugin --enable-java-awt=gtk --enable-gtk-cairo --with-java-home=/usr/lib/jvm/java-1.5.0-gcj-4.8-amd64/jre --enable-java-home --with-jvm-root-dir=/usr/lib/jvm/java-1.5.0-gcj-4.8-amd64 --with-jvm-jar-dir=/usr/lib/jvm-exports/java-1.5.0-gcj-4.8-amd64 --with-arch-directory=amd64 --with-ecj-jar=/usr/share/java/eclipse-ecj.jar --enable-objc-gc --enable-multiarch --disable-werror --with-arch-32=i686 --with-abi=m64 --with-multilib-list=m32,m64,mx32 --with-tune=generic --enable-checking=release --build=x86_64-linux-gnu --host=x86_64-linux-gnu --target=x86_64-linux-gnu
Thread model: posix
gcc version 4.8.4 (Ubuntu 4.8.4-2ubuntu1~14.04.3) 
configure:3152: $? = 0
configure:3141: gcc  -V >&5
gcc: error: unrecognized command line option '-V'
gcc: fatal error: no input files
compilation terminated.
configure:3152: $? = 4
configure:3141: gcc  -qversion >&5
gcc: error: unrecognized command line option '-qversion'
gcc: fatal error: no input files
compilation terminated.
configure:3152: $? = 4
configure:3172: checking for C compiler default output file name
configure:3194: gcc  -isystem/home/simon/work/goldilocks/tmp/sysroots/x86_64-linux/usr/include -O2 -pipe  -static-libstdc++ -static-libgcc -L/home/simon/work/goldilocks/tmp/sysroots/x86_64-linux/usr/lib -L/home/simon/work/goldilocks/tmp/sysroots/x86_64-linux/lib -Wl,-rpath-link,/home/simon/work/goldilocks/tmp/sysroots/x86_64-linux/usr/lib -Wl,-rpath-link,/home/simon/work/goldilocks/tmp/sysroots/x86_64-linux/lib -Wl,-rpath,/home/simon/work/goldilocks/tmp/sysroots/x86_64-linux/usr/lib -Wl,-rpath,/home/simon/work/goldilocks/tmp/sysroots/x86_64-linux/lib -Wl,-O1 conftest.c  >&5
configure:3198: $? = 0
configure:3235: result: a.out
configure:3251: checking whether the C compiler works
configure:3260: ./a.out
configure:3264: $? = 0
configure:3279: result: yes
configure:3286: checking whether we are cross compiling
configure:3288: result: no
configure:3291: checking for suffix of executables
configure:3298: gcc  -o conftest -isystem/home/simon/work/goldilocks/tmp/sysroots/x86_64-linux/usr/include -O2 -pipe  -static-libstdc++ -static-libgcc -L/home/simon/work/goldilocks/tmp/sysroots/x86_64-linux/usr/lib -L/home/simon/work/goldilocks/tmp/sysroots/x86_64-linux/lib -Wl,-rpath-link,/home/simon/work/goldilocks/tmp/sysroots/x86_64-linux/usr/lib -Wl,-rpath-link,/home/simon/work/goldilocks/tmp/sysroots/x86_64-linux/lib -Wl,-rpath,/home/simon/work/goldilocks/tmp/sysroots/x86_64-linux/usr/lib -Wl,-rpath,/home/simon/work/goldilocks/tmp/sysroots/x86_64-linux/lib -Wl,-O1 conftest.c  >&5
configure:3302: $? = 0
configure:3324: result: 
configure:3330: checking for suffix of object files
configure:3352: gcc  -c -isystem/home/simon/work/goldilocks/tmp/sysroots/x86_64-linux/usr/include -O2 -pipe  conftest.c >&5
configure:3356: $? = 0
configure:3377: result: o
configure:3381: checking whether we are using the GNU C compiler
configure:3400: gcc  -c -isystem/home/simon/work/goldilocks/tmp/sysroots/x86_64-linux/usr/include -O2 -pipe  conftest.c >&5
configure:3400: $? = 0
configure:3409: result: yes
configure:3418: checking whether gcc  accepts -g
configure:3438: gcc  -c -g  conftest.c >&5
configure:3438: $? = 0
configure:3479: result: yes
configure:3496: checking for gcc  option to accept ISO C89
configure:3560: gcc   -c -isystem/home/simon/work/goldilocks/tmp/sysroots/x86_64-linux/usr/include -O2 -pipe  conftest.c >&5
configure:3560: $? = 0
configure:3573: result: none needed
configure:3705: checking for C++ compiler version
configure:3714: g++  --version >&5
g++ (Ubuntu 4.8.4-2ubuntu1~14.04.3) 4.8.4
Copyright (C) 2013 Free Software Foundation, Inc.
This is free software; see the source for copying conditions.  There is NO
warranty; not even for MERCHANTABILITY or FITNESS FOR A PARTICULAR PURPOSE.

configure:3725: $? = 0
configure:3714: g++  -v >&5
Using built-in specs.
COLLECT_GCC=g++
COLLECT_LTO_WRAPPER=/usr/lib/gcc/x86_64-linux-gnu/4.8/lto-wrapper
Target: x86_64-linux-gnu
Configured with: ../src/configure -v --with-pkgversion='Ubuntu 4.8.4-2ubuntu1~14.04.3' --with-bugurl=file:///usr/share/doc/gcc-4.8/README.Bugs --enable-languages=c,c++,java,go,d,fortran,objc,obj-c++ --prefix=/usr --program-suffix=-4.8 --enable-shared --enable-linker-build-id --libexecdir=/usr/lib --without-included-gettext --enable-threads=posix --with-gxx-include-dir=/usr/include/c++/4.8 --libdir=/usr/lib --enable-nls --with-sysroot=/ --enable-clocale=gnu --enable-libstdcxx-debug --enable-libstdcxx-time=yes --enable-gnu-unique-object --disable-libmudflap --enable-plugin --with-system-zlib --disable-browser-plugin --enable-java-awt=gtk --enable-gtk-cairo --with-java-home=/usr/lib/jvm/java-1.5.0-gcj-4.8-amd64/jre --enable-java-home --with-jvm-root-dir=/usr/lib/jvm/java-1.5.0-gcj-4.8-amd64 --with-jvm-jar-dir=/usr/lib/jvm-exports/java-1.5.0-gcj-4.8-amd64 --with-arch-directory=amd64 --with-ecj-jar=/usr/share/java/eclipse-ecj.jar --enable-objc-gc --enable-multiarch --disable-werror --with-arch-32=i686 --with-abi=m64 --with-multilib-list=m32,m64,mx32 --with-tune=generic --enable-checking=release --build=x86_64-linux-gnu --host=x86_64-linux-gnu --target=x86_64-linux-gnu
Thread model: posix
gcc version 4.8.4 (Ubuntu 4.8.4-2ubuntu1~14.04.3) 
configure:3725: $? = 0
configure:3714: g++  -V >&5
g++: error: unrecognized command line option '-V'
g++: fatal error: no input files
compilation terminated.
configure:3725: $? = 4
configure:3714: g++  -qversion >&5
g++: error: unrecognized command line option '-qversion'
g++: fatal error: no input files
compilation terminated.
configure:3725: $? = 4
configure:3729: checking whether we are using the GNU C++ compiler
configure:3748: g++  -c -isystem/home/simon/work/goldilocks/tmp/sysroots/x86_64-linux/usr/include -O2 -pipe  conftest.cpp >&5
configure:3748: $? = 0
configure:3757: result: yes
configure:3766: checking whether g++  accepts -g
configure:3786: g++  -c -g  conftest.cpp >&5
configure:3786: $? = 0
configure:3827: result: yes
configure:3853: checking for x86_64-linux-ranlib
configure:3880: result: ranlib
configure:3949: checking how to run the C preprocessor
configure:4019: result: gcc  -E
configure:4039: gcc  -E  conftest.c
configure:4039: $? = 0
configure:4053: gcc  -E  conftest.c
conftest.c:9:28: fatal error: ac_nonexistent.h: No such file or directory
 #include <ac_nonexistent.h>
                            ^
compilation terminated.
configure:4053: $? = 1
configure: failed program was:
| /* confdefs.h */
| #define PACKAGE_NAME "cpplib"
| #define PACKAGE_TARNAME "cpplib"
| #define PACKAGE_VERSION " "
| #define PACKAGE_STRING "cpplib  "
| #define PACKAGE_BUGREPORT "gcc-bugs@gcc.gnu.org"
| #define PACKAGE_URL ""
| /* end confdefs.h.  */
| #include <ac_nonexistent.h>
configure:4082: checking for grep that handles long lines and -e
configure:4140: result: /bin/grep
configure:4145: checking for egrep
configure:4207: result: /bin/grep -E
configure:4212: checking for ANSI C header files
configure:4232: gcc  -c -isystem/home/simon/work/goldilocks/tmp/sysroots/x86_64-linux/usr/include -O2 -pipe  conftest.c >&5
configure:4232: $? = 0
configure:4305: gcc  -o conftest -isystem/home/simon/work/goldilocks/tmp/sysroots/x86_64-linux/usr/include -O2 -pipe  -static-libstdc++ -static-libgcc -L/home/simon/work/goldilocks/tmp/sysroots/x86_64-linux/usr/lib -L/home/simon/work/goldilocks/tmp/sysroots/x86_64-linux/lib -Wl,-rpath-link,/home/simon/work/goldilocks/tmp/sysroots/x86_64-linux/usr/lib -Wl,-rpath-link,/home/simon/work/goldilocks/tmp/sysroots/x86_64-linux/lib -Wl,-rpath,/home/simon/work/goldilocks/tmp/sysroots/x86_64-linux/usr/lib -Wl,-rpath,/home/simon/work/goldilocks/tmp/sysroots/x86_64-linux/lib -Wl,-O1 conftest.c  >&5
configure:4305: $? = 0
configure:4305: ./conftest
configure:4305: $? = 0
configure:4316: result: yes
configure:4329: checking for sys/types.h
configure:4329: gcc  -c -isystem/home/simon/work/goldilocks/tmp/sysroots/x86_64-linux/usr/include -O2 -pipe  conftest.c >&5
configure:4329: $? = 0
configure:4329: result: yes
configure:4329: checking for sys/stat.h
configure:4329: gcc  -c -isystem/home/simon/work/goldilocks/tmp/sysroots/x86_64-linux/usr/include -O2 -pipe  conftest.c >&5
configure:4329: $? = 0
configure:4329: result: yes
configure:4329: checking for stdlib.h
configure:4329: gcc  -c -isystem/home/simon/work/goldilocks/tmp/sysroots/x86_64-linux/usr/include -O2 -pipe  conftest.c >&5
configure:4329: $? = 0
configure:4329: result: yes
configure:4329: checking for string.h
configure:4329: gcc  -c -isystem/home/simon/work/goldilocks/tmp/sysroots/x86_64-linux/usr/include -O2 -pipe  conftest.c >&5
configure:4329: $? = 0
configure:4329: result: yes
configure:4329: checking for memory.h
configure:4329: gcc  -c -isystem/home/simon/work/goldilocks/tmp/sysroots/x86_64-linux/usr/include -O2 -pipe  conftest.c >&5
configure:4329: $? = 0
configure:4329: result: yes
configure:4329: checking for strings.h
configure:4329: gcc  -c -isystem/home/simon/work/goldilocks/tmp/sysroots/x86_64-linux/usr/include -O2 -pipe  conftest.c >&5
configure:4329: $? = 0
configure:4329: result: yes
configure:4329: checking for inttypes.h
configure:4329: gcc  -c -isystem/home/simon/work/goldilocks/tmp/sysroots/x86_64-linux/usr/include -O2 -pipe  conftest.c >&5
configure:4329: $? = 0
configure:4329: result: yes
configure:4329: checking for stdint.h
configure:4329: gcc  -c -isystem/home/simon/work/goldilocks/tmp/sysroots/x86_64-linux/usr/include -O2 -pipe  conftest.c >&5
configure:4329: $? = 0
configure:4329: result: yes
configure:4329: checking for unistd.h
configure:4329: gcc  -c -isystem/home/simon/work/goldilocks/tmp/sysroots/x86_64-linux/usr/include -O2 -pipe  conftest.c >&5
configure:4329: $? = 0
configure:4329: result: yes
configure:4343: checking minix/config.h usability
configure:4343: gcc  -c -isystem/home/simon/work/goldilocks/tmp/sysroots/x86_64-linux/usr/include -O2 -pipe  conftest.c >&5
conftest.c:52:26: fatal error: minix/config.h: No such file or directory
 #include <minix/config.h>
                          ^
compilation terminated.
configure:4343: $? = 1
configure: failed program was:
| /* confdefs.h */
| #define PACKAGE_NAME "cpplib"
| #define PACKAGE_TARNAME "cpplib"
| #define PACKAGE_VERSION " "
| #define PACKAGE_STRING "cpplib  "
| #define PACKAGE_BUGREPORT "gcc-bugs@gcc.gnu.org"
| #define PACKAGE_URL ""
| #define STDC_HEADERS 1
| #define HAVE_SYS_TYPES_H 1
| #define HAVE_SYS_STAT_H 1
| #define HAVE_STDLIB_H 1
| #define HAVE_STRING_H 1
| #define HAVE_MEMORY_H 1
| #define HAVE_STRINGS_H 1
| #define HAVE_INTTYPES_H 1
| #define HAVE_STDINT_H 1
| #define HAVE_UNISTD_H 1
| /* end confdefs.h.  */
| #include <stdio.h>
| #ifdef HAVE_SYS_TYPES_H
| # include <sys/types.h>
| #endif
| #ifdef HAVE_SYS_STAT_H
| # include <sys/stat.h>
| #endif
| #ifdef STDC_HEADERS
| # include <stdlib.h>
| # include <stddef.h>
| #else
| # ifdef HAVE_STDLIB_H
| #  include <stdlib.h>
| # endif
| #endif
| #ifdef HAVE_STRING_H
| # if !defined STDC_HEADERS && defined HAVE_MEMORY_H
| #  include <memory.h>
| # endif
| # include <string.h>
| #endif
| #ifdef HAVE_STRINGS_H
| # include <strings.h>
| #endif
| #ifdef HAVE_INTTYPES_H
| # include <inttypes.h>
| #endif
| #ifdef HAVE_STDINT_H
| # include <stdint.h>
| #endif
| #ifdef HAVE_UNISTD_H
| # include <unistd.h>
| #endif
| #include <minix/config.h>
configure:4343: result: no
configure:4343: checking minix/config.h presence
configure:4343: gcc  -E  conftest.c
conftest.c:19:26: fatal error: minix/config.h: No such file or directory
 #include <minix/config.h>
                          ^
compilation terminated.
configure:4343: $? = 1
configure: failed program was:
| /* confdefs.h */
| #define PACKAGE_NAME "cpplib"
| #define PACKAGE_TARNAME "cpplib"
| #define PACKAGE_VERSION " "
| #define PACKAGE_STRING "cpplib  "
| #define PACKAGE_BUGREPORT "gcc-bugs@gcc.gnu.org"
| #define PACKAGE_URL ""
| #define STDC_HEADERS 1
| #define HAVE_SYS_TYPES_H 1
| #define HAVE_SYS_STAT_H 1
| #define HAVE_STDLIB_H 1
| #define HAVE_STRING_H 1
| #define HAVE_MEMORY_H 1
| #define HAVE_STRINGS_H 1
| #define HAVE_INTTYPES_H 1
| #define HAVE_STDINT_H 1
| #define HAVE_UNISTD_H 1
| /* end confdefs.h.  */
| #include <minix/config.h>
configure:4343: result: no
configure:4343: checking for minix/config.h
configure:4343: result: no
configure:4364: checking whether it is safe to define __EXTENSIONS__
configure:4382: gcc  -c -isystem/home/simon/work/goldilocks/tmp/sysroots/x86_64-linux/usr/include -O2 -pipe  conftest.c >&5
configure:4382: $? = 0
configure:4389: result: yes
configure:4410: checking for special C compiler options needed for large files
configure:4455: result: no
configure:4461: checking for _FILE_OFFSET_BITS value needed for large files
configure:4486: gcc  -c -isystem/home/simon/work/goldilocks/tmp/sysroots/x86_64-linux/usr/include -O2 -pipe  conftest.c >&5
configure:4486: $? = 0
configure:4518: result: no
configure:4607: checking for aclocal
configure:4623: found /home/simon/work/goldilocks/tmp/sysroots/x86_64-linux/usr/bin/aclocal
configure:4634: result: aclocal
configure:4650: checking for autoconf
configure:4666: found /home/simon/work/goldilocks/tmp/sysroots/x86_64-linux/usr/bin/autoconf
configure:4677: result: autoconf
configure:4693: checking for autoheader
configure:4709: found /home/simon/work/goldilocks/tmp/sysroots/x86_64-linux/usr/bin/autoheader
configure:4720: result: autoheader
configure:4748: checking whether gcc  supports -W
configure:4765: gcc  -c -W  conftest.c >&5
configure:4765: $? = 0
configure:4774: result: yes
configure:4748: checking whether gcc  supports -Wall
configure:4765: gcc  -c -Wall  conftest.c >&5
configure:4765: $? = 0
configure:4774: result: yes
configure:4748: checking whether gcc  supports -Wnarrowing
configure:4765: gcc  -c -Wnarrowing  conftest.c >&5
configure:4765: $? = 0
configure:4774: result: yes
configure:4748: checking whether gcc  supports -Wwrite-strings
configure:4765: gcc  -c -Wwrite-strings  conftest.c >&5
configure:4765: $? = 0
configure:4774: result: yes
configure:4748: checking whether gcc  supports -Wmissing-format-attribute
configure:4765: gcc  -c -Wmissing-format-attribute  conftest.c >&5
configure:4765: $? = 0
configure:4774: result: yes
configure:4794: checking whether gcc  supports -Wstrict-prototypes
configure:4811: gcc  -c -Wstrict-prototypes  conftest.c >&5
conftest.c:26:1: warning: function declaration isn't a prototype [-Wstrict-prototypes]
 main ()
 ^
configure:4811: $? = 0
configure:4820: result: yes
configure:4794: checking whether gcc  supports -Wmissing-prototypes
configure:4811: gcc  -c -Wmissing-prototypes  conftest.c >&5
configure:4811: $? = 0
configure:4820: result: yes
configure:4794: checking whether gcc  supports -Wold-style-definition
configure:4811: gcc  -c -Wold-style-definition  conftest.c >&5
conftest.c: In function 'main':
conftest.c:26:1: warning: old-style function definition [-Wold-style-definition]
 main ()
 ^
configure:4811: $? = 0
configure:4820: result: yes
configure:4794: checking whether gcc  supports -Wc++-compat
configure:4811: gcc  -c -Wc++-compat  conftest.c >&5
configure:4811: $? = 0
configure:4820: result: yes
configure:4832: checking whether gcc  supports -pedantic -Wlong-long
configure:4850: gcc  -c -pedantic -Wlong-long  conftest.c >&5
configure:4850: $? = 0
configure:4858: result: yes
configure:4879: checking whether gcc  supports -fno-exceptions
configure:4896: gcc  -c -fno-exceptions  conftest.c >&5
configure:4896: $? = 0
configure:4905: result: yes
configure:4879: checking whether gcc  supports -fno-rtti
configure:4896: gcc  -c -fno-rtti  conftest.c >&5
cc1: warning: command line option '-fno-rtti' is valid for C++/ObjC++ but not for C [enabled by default]
configure:4896: $? = 0
configure:4905: result: yes
configure:4956: g++  -c -isystem/home/simon/work/goldilocks/tmp/sysroots/x86_64-linux/usr/include -O2 -pipe  conftest.cpp >&5
configure:4956: $? = 0
configure:4971: checking dependency style of g++ 
configure:5002: trying gcc3
| depmode=gcc3 source=sub/conftest.c object=sub/conftest.o depfile=sub/conftest.Po tmpdepfile=sub/conftest.TPo /bin/bash ./depcomp g++ -c -o sub/conftest.o sub/conftest.c
configure:5041: success
configure:5056: result: gcc3
configure:5066: checking whether time.h and sys/time.h may both be included
configure:5086: gcc  -c -isystem/home/simon/work/goldilocks/tmp/sysroots/x86_64-linux/usr/include -O2 -pipe  conftest.c >&5
configure:5086: $? = 0
configure:5093: result: yes
configure:5101: checking whether string.h and strings.h may both be included
configure:5118: gcc  -c -isystem/home/simon/work/goldilocks/tmp/sysroots/x86_64-linux/usr/include -O2 -pipe  conftest.c >&5
configure:5118: $? = 0
configure:5125: result: yes
configure:5138: checking locale.h usability
configure:5138: gcc  -c -isystem/home/simon/work/goldilocks/tmp/sysroots/x86_64-linux/usr/include -O2 -pipe  conftest.c >&5
configure:5138: $? = 0
configure:5138: result: yes
configure:5138: checking locale.h presence
configure:5138: gcc  -E  conftest.c
configure:5138: $? = 0
configure:5138: result: yes
configure:5138: checking for locale.h
configure:5138: result: yes
configure:5138: checking fcntl.h usability
configure:5138: gcc  -c -isystem/home/simon/work/goldilocks/tmp/sysroots/x86_64-linux/usr/include -O2 -pipe  conftest.c >&5
configure:5138: $? = 0
configure:5138: result: yes
configure:5138: checking fcntl.h presence
configure:5138: gcc  -E  conftest.c
configure:5138: $? = 0
configure:5138: result: yes
configure:5138: checking for fcntl.h
configure:5138: result: yes
configure:5138: checking limits.h usability
configure:5138: gcc  -c -isystem/home/simon/work/goldilocks/tmp/sysroots/x86_64-linux/usr/include -O2 -pipe  conftest.c >&5
configure:5138: $? = 0
configure:5138: result: yes
configure:5138: checking limits.h presence
configure:5138: gcc  -E  conftest.c
configure:5138: $? = 0
configure:5138: result: yes
configure:5138: checking for limits.h
configure:5138: result: yes
configure:5138: checking stddef.h usability
configure:5138: gcc  -c -isystem/home/simon/work/goldilocks/tmp/sysroots/x86_64-linux/usr/include -O2 -pipe  conftest.c >&5
configure:5138: $? = 0
configure:5138: result: yes
configure:5138: checking stddef.h presence
configure:5138: gcc  -E  conftest.c
configure:5138: $? = 0
configure:5138: result: yes
configure:5138: checking for stddef.h
configure:5138: result: yes
configure:5138: checking for stdlib.h
configure:5138: result: yes
configure:5138: checking for strings.h
configure:5138: result: yes
configure:5138: checking for string.h
configure:5138: result: yes
configure:5138: checking sys/file.h usability
configure:5138: gcc  -c -isystem/home/simon/work/goldilocks/tmp/sysroots/x86_64-linux/usr/include -O2 -pipe  conftest.c >&5
configure:5138: $? = 0
configure:5138: result: yes
configure:5138: checking sys/file.h presence
configure:5138: gcc  -E  conftest.c
configure:5138: $? = 0
configure:5138: result: yes
configure:5138: checking for sys/file.h
configure:5138: result: yes
configure:5138: checking for unistd.h
configure:5138: result: yes
configure:5151: checking whether byte ordering is bigendian
configure:5166: gcc  -c -isystem/home/simon/work/goldilocks/tmp/sysroots/x86_64-linux/usr/include -O2 -pipe  conftest.c >&5
conftest.c:36:9: error: unknown type name 'not'
         not a universal capable compiler
         ^
conftest.c:36:15: error: expected '=', ',', ';', 'asm' or '__attribute__' before 'universal'
         not a universal capable compiler
               ^
conftest.c:36:15: error: unknown type name 'universal'
configure:5166: $? = 1
configure: failed program was:
| /* confdefs.h */
| #define PACKAGE_NAME "cpplib"
| #define PACKAGE_TARNAME "cpplib"
| #define PACKAGE_VERSION " "
| #define PACKAGE_STRING "cpplib  "
| #define PACKAGE_BUGREPORT "gcc-bugs@gcc.gnu.org"
| #define PACKAGE_URL ""
| #define STDC_HEADERS 1
| #define HAVE_SYS_TYPES_H 1
| #define HAVE_SYS_STAT_H 1
| #define HAVE_STDLIB_H 1
| #define HAVE_STRING_H 1
| #define HAVE_MEMORY_H 1
| #define HAVE_STRINGS_H 1
| #define HAVE_INTTYPES_H 1
| #define HAVE_STDINT_H 1
| #define HAVE_UNISTD_H 1
| #define __EXTENSIONS__ 1
| #define _ALL_SOURCE 1
| #define _GNU_SOURCE 1
| #define _POSIX_PTHREAD_SEMANTICS 1
| #define _TANDEM_SOURCE 1
| #define TIME_WITH_SYS_TIME 1
| #define STRING_WITH_STRINGS 1
| #define HAVE_LOCALE_H 1
| #define HAVE_FCNTL_H 1
| #define HAVE_LIMITS_H 1
| #define HAVE_STDDEF_H 1
| #define HAVE_STDLIB_H 1
| #define HAVE_STRINGS_H 1
| #define HAVE_STRING_H 1
| #define HAVE_SYS_FILE_H 1
| #define HAVE_UNISTD_H 1
| /* end confdefs.h.  */
| #ifndef __APPLE_CC__
| 	       not a universal capable compiler
| 	     #endif
| 	     typedef int dummy;
| 
configure:5211: gcc  -c -isystem/home/simon/work/goldilocks/tmp/sysroots/x86_64-linux/usr/include -O2 -pipe  conftest.c >&5
configure:5211: $? = 0
configure:5229: gcc  -c -isystem/home/simon/work/goldilocks/tmp/sysroots/x86_64-linux/usr/include -O2 -pipe  conftest.c >&5
conftest.c: In function 'main':
conftest.c:42:4: error: unknown type name 'not'
    not big endian
    ^
conftest.c:42:12: error: expected '=', ',', ';', 'asm' or '__attribute__' before 'endian'
    not big endian
            ^
configure:5229: $? = 1
configure: failed program was:
| /* confdefs.h */
| #define PACKAGE_NAME "cpplib"
| #define PACKAGE_TARNAME "cpplib"
| #define PACKAGE_VERSION " "
| #define PACKAGE_STRING "cpplib  "
| #define PACKAGE_BUGREPORT "gcc-bugs@gcc.gnu.org"
| #define PACKAGE_URL ""
| #define STDC_HEADERS 1
| #define HAVE_SYS_TYPES_H 1
| #define HAVE_SYS_STAT_H 1
| #define HAVE_STDLIB_H 1
| #define HAVE_STRING_H 1
| #define HAVE_MEMORY_H 1
| #define HAVE_STRINGS_H 1
| #define HAVE_INTTYPES_H 1
| #define HAVE_STDINT_H 1
| #define HAVE_UNISTD_H 1
| #define __EXTENSIONS__ 1
| #define _ALL_SOURCE 1
| #define _GNU_SOURCE 1
| #define _POSIX_PTHREAD_SEMANTICS 1
| #define _TANDEM_SOURCE 1
| #define TIME_WITH_SYS_TIME 1
| #define STRING_WITH_STRINGS 1
| #define HAVE_LOCALE_H 1
| #define HAVE_FCNTL_H 1
| #define HAVE_LIMITS_H 1
| #define HAVE_STDDEF_H 1
| #define HAVE_STDLIB_H 1
| #define HAVE_STRINGS_H 1
| #define HAVE_STRING_H 1
| #define HAVE_SYS_FILE_H 1
| #define HAVE_UNISTD_H 1
| /* end confdefs.h.  */
| #include <sys/types.h>
| 		#include <sys/param.h>
| 
| int
| main ()
| {
| #if BYTE_ORDER != BIG_ENDIAN
| 		 not big endian
| 		#endif
| 
|   ;
|   return 0;
| }
configure:5357: result: no
configure:5375: checking for an ANSI C-conforming const
configure:5440: gcc  -c -isystem/home/simon/work/goldilocks/tmp/sysroots/x86_64-linux/usr/include -O2 -pipe  conftest.c >&5
configure:5440: $? = 0
configure:5447: result: yes
configure:5455: checking for inline
configure:5471: gcc  -c -isystem/home/simon/work/goldilocks/tmp/sysroots/x86_64-linux/usr/include -O2 -pipe  conftest.c >&5
configure:5471: $? = 0
configure:5479: result: inline
configure:5497: checking for obstacks
configure:5518: gcc  -o conftest -isystem/home/simon/work/goldilocks/tmp/sysroots/x86_64-linux/usr/include -O2 -pipe  -static-libstdc++ -static-libgcc -L/home/simon/work/goldilocks/tmp/sysroots/x86_64-linux/usr/lib -L/home/simon/work/goldilocks/tmp/sysroots/x86_64-linux/lib -Wl,-rpath-link,/home/simon/work/goldilocks/tmp/sysroots/x86_64-linux/usr/lib -Wl,-rpath-link,/home/simon/work/goldilocks/tmp/sysroots/x86_64-linux/lib -Wl,-rpath,/home/simon/work/goldilocks/tmp/sysroots/x86_64-linux/usr/lib -Wl,-rpath,/home/simon/work/goldilocks/tmp/sysroots/x86_64-linux/lib -Wl,-O1 conftest.c  >&5
configure:5518: $? = 0
configure:5526: result: yes
configure:5541: checking for off_t
configure:5541: gcc  -c -isystem/home/simon/work/goldilocks/tmp/sysroots/x86_64-linux/usr/include -O2 -pipe  conftest.c >&5
configure:5541: $? = 0
configure:5541: gcc  -c -isystem/home/simon/work/goldilocks/tmp/sysroots/x86_64-linux/usr/include -O2 -pipe  conftest.c >&5
conftest.c: In function 'main':
conftest.c:72:20: error: expected expression before ')' token
 if (sizeof ((off_t)))
                    ^
configure:5541: $? = 1
configure: failed program was:
| /* confdefs.h */
| #define PACKAGE_NAME "cpplib"
| #define PACKAGE_TARNAME "cpplib"
| #define PACKAGE_VERSION " "
| #define PACKAGE_STRING "cpplib  "
| #define PACKAGE_BUGREPORT "gcc-bugs@gcc.gnu.org"
| #define PACKAGE_URL ""
| #define STDC_HEADERS 1
| #define HAVE_SYS_TYPES_H 1
| #define HAVE_SYS_STAT_H 1
| #define HAVE_STDLIB_H 1
| #define HAVE_STRING_H 1
| #define HAVE_MEMORY_H 1
| #define HAVE_STRINGS_H 1
| #define HAVE_INTTYPES_H 1
| #define HAVE_STDINT_H 1
| #define HAVE_UNISTD_H 1
| #define __EXTENSIONS__ 1
| #define _ALL_SOURCE 1
| #define _GNU_SOURCE 1
| #define _POSIX_PTHREAD_SEMANTICS 1
| #define _TANDEM_SOURCE 1
| #define TIME_WITH_SYS_TIME 1
| #define STRING_WITH_STRINGS 1
| #define HAVE_LOCALE_H 1
| #define HAVE_FCNTL_H 1
| #define HAVE_LIMITS_H 1
| #define HAVE_STDDEF_H 1
| #define HAVE_STDLIB_H 1
| #define HAVE_STRINGS_H 1
| #define HAVE_STRING_H 1
| #define HAVE_SYS_FILE_H 1
| #define HAVE_UNISTD_H 1
| #define HAVE_OBSTACK 1
| /* end confdefs.h.  */
| #include <stdio.h>
| #ifdef HAVE_SYS_TYPES_H
| # include <sys/types.h>
| #endif
| #ifdef HAVE_SYS_STAT_H
| # include <sys/stat.h>
| #endif
| #ifdef STDC_HEADERS
| # include <stdlib.h>
| # include <stddef.h>
| #else
| # ifdef HAVE_STDLIB_H
| #  include <stdlib.h>
| # endif
| #endif
| #ifdef HAVE_STRING_H
| # if !defined STDC_HEADERS && defined HAVE_MEMORY_H
| #  include <memory.h>
| # endif
| # include <string.h>
| #endif
| #ifdef HAVE_STRINGS_H
| # include <strings.h>
| #endif
| #ifdef HAVE_INTTYPES_H
| # include <inttypes.h>
| #endif
| #ifdef HAVE_STDINT_H
| # include <stdint.h>
| #endif
| #ifdef HAVE_UNISTD_H
| # include <unistd.h>
| #endif
| int
| main ()
| {
| if (sizeof ((off_t)))
| 	    return 0;
|   ;
|   return 0;
| }
configure:5541: result: yes
configure:5552: checking for size_t
configure:5552: gcc  -c -isystem/home/simon/work/goldilocks/tmp/sysroots/x86_64-linux/usr/include -O2 -pipe  conftest.c >&5
configure:5552: $? = 0
configure:5552: gcc  -c -isystem/home/simon/work/goldilocks/tmp/sysroots/x86_64-linux/usr/include -O2 -pipe  conftest.c >&5
conftest.c: In function 'main':
conftest.c:72:21: error: expected expression before ')' token
 if (sizeof ((size_t)))
                     ^
configure:5552: $? = 1
configure: failed program was:
| /* confdefs.h */
| #define PACKAGE_NAME "cpplib"
| #define PACKAGE_TARNAME "cpplib"
| #define PACKAGE_VERSION " "
| #define PACKAGE_STRING "cpplib  "
| #define PACKAGE_BUGREPORT "gcc-bugs@gcc.gnu.org"
| #define PACKAGE_URL ""
| #define STDC_HEADERS 1
| #define HAVE_SYS_TYPES_H 1
| #define HAVE_SYS_STAT_H 1
| #define HAVE_STDLIB_H 1
| #define HAVE_STRING_H 1
| #define HAVE_MEMORY_H 1
| #define HAVE_STRINGS_H 1
| #define HAVE_INTTYPES_H 1
| #define HAVE_STDINT_H 1
| #define HAVE_UNISTD_H 1
| #define __EXTENSIONS__ 1
| #define _ALL_SOURCE 1
| #define _GNU_SOURCE 1
| #define _POSIX_PTHREAD_SEMANTICS 1
| #define _TANDEM_SOURCE 1
| #define TIME_WITH_SYS_TIME 1
| #define STRING_WITH_STRINGS 1
| #define HAVE_LOCALE_H 1
| #define HAVE_FCNTL_H 1
| #define HAVE_LIMITS_H 1
| #define HAVE_STDDEF_H 1
| #define HAVE_STDLIB_H 1
| #define HAVE_STRINGS_H 1
| #define HAVE_STRING_H 1
| #define HAVE_SYS_FILE_H 1
| #define HAVE_UNISTD_H 1
| #define HAVE_OBSTACK 1
| /* end confdefs.h.  */
| #include <stdio.h>
| #ifdef HAVE_SYS_TYPES_H
| # include <sys/types.h>
| #endif
| #ifdef HAVE_SYS_STAT_H
| # include <sys/stat.h>
| #endif
| #ifdef STDC_HEADERS
| # include <stdlib.h>
| # include <stddef.h>
| #else
| # ifdef HAVE_STDLIB_H
| #  include <stdlib.h>
| # endif
| #endif
| #ifdef HAVE_STRING_H
| # if !defined STDC_HEADERS && defined HAVE_MEMORY_H
| #  include <memory.h>
| # endif
| # include <string.h>
| #endif
| #ifdef HAVE_STRINGS_H
| # include <strings.h>
| #endif
| #ifdef HAVE_INTTYPES_H
| # include <inttypes.h>
| #endif
| #ifdef HAVE_STDINT_H
| # include <stdint.h>
| #endif
| #ifdef HAVE_UNISTD_H
| # include <unistd.h>
| #endif
| int
| main ()
| {
| if (sizeof ((size_t)))
| 	    return 0;
|   ;
|   return 0;
| }
configure:5552: result: yes
configure:5563: checking for ssize_t
configure:5563: gcc  -c -isystem/home/simon/work/goldilocks/tmp/sysroots/x86_64-linux/usr/include -O2 -pipe  conftest.c >&5
configure:5563: $? = 0
configure:5563: gcc  -c -isystem/home/simon/work/goldilocks/tmp/sysroots/x86_64-linux/usr/include -O2 -pipe  conftest.c >&5
conftest.c: In function 'main':
conftest.c:72:22: error: expected expression before ')' token
 if (sizeof ((ssize_t)))
                      ^
configure:5563: $? = 1
configure: failed program was:
| /* confdefs.h */
| #define PACKAGE_NAME "cpplib"
| #define PACKAGE_TARNAME "cpplib"
| #define PACKAGE_VERSION " "
| #define PACKAGE_STRING "cpplib  "
| #define PACKAGE_BUGREPORT "gcc-bugs@gcc.gnu.org"
| #define PACKAGE_URL ""
| #define STDC_HEADERS 1
| #define HAVE_SYS_TYPES_H 1
| #define HAVE_SYS_STAT_H 1
| #define HAVE_STDLIB_H 1
| #define HAVE_STRING_H 1
| #define HAVE_MEMORY_H 1
| #define HAVE_STRINGS_H 1
| #define HAVE_INTTYPES_H 1
| #define HAVE_STDINT_H 1
| #define HAVE_UNISTD_H 1
| #define __EXTENSIONS__ 1
| #define _ALL_SOURCE 1
| #define _GNU_SOURCE 1
| #define _POSIX_PTHREAD_SEMANTICS 1
| #define _TANDEM_SOURCE 1
| #define TIME_WITH_SYS_TIME 1
| #define STRING_WITH_STRINGS 1
| #define HAVE_LOCALE_H 1
| #define HAVE_FCNTL_H 1
| #define HAVE_LIMITS_H 1
| #define HAVE_STDDEF_H 1
| #define HAVE_STDLIB_H 1
| #define HAVE_STRINGS_H 1
| #define HAVE_STRING_H 1
| #define HAVE_SYS_FILE_H 1
| #define HAVE_UNISTD_H 1
| #define HAVE_OBSTACK 1
| /* end confdefs.h.  */
| #include <stdio.h>
| #ifdef HAVE_SYS_TYPES_H
| # include <sys/types.h>
| #endif
| #ifdef HAVE_SYS_STAT_H
| # include <sys/stat.h>
| #endif
| #ifdef STDC_HEADERS
| # include <stdlib.h>
| # include <stddef.h>
| #else
| # ifdef HAVE_STDLIB_H
| #  include <stdlib.h>
| # endif
| #endif
| #ifdef HAVE_STRING_H
| # if !defined STDC_HEADERS && defined HAVE_MEMORY_H
| #  include <memory.h>
| # endif
| # include <string.h>
| #endif
| #ifdef HAVE_STRINGS_H
| # include <strings.h>
| #endif
| #ifdef HAVE_INTTYPES_H
| # include <inttypes.h>
| #endif
| #ifdef HAVE_STDINT_H
| # include <stdint.h>
| #endif
| #ifdef HAVE_UNISTD_H
| # include <unistd.h>
| #endif
| int
| main ()
| {
| if (sizeof ((ssize_t)))
| 	    return 0;
|   ;
|   return 0;
| }
configure:5563: result: yes
configure:5575: checking for uintptr_t
configure:5575: gcc  -c -isystem/home/simon/work/goldilocks/tmp/sysroots/x86_64-linux/usr/include -O2 -pipe  conftest.c >&5
configure:5575: $? = 0
configure:5575: gcc  -c -isystem/home/simon/work/goldilocks/tmp/sysroots/x86_64-linux/usr/include -O2 -pipe  conftest.c >&5
conftest.c: In function 'main':
conftest.c:72:24: error: expected expression before ')' token
 if (sizeof ((uintptr_t)))
                        ^
configure:5575: $? = 1
configure: failed program was:
| /* confdefs.h */
| #define PACKAGE_NAME "cpplib"
| #define PACKAGE_TARNAME "cpplib"
| #define PACKAGE_VERSION " "
| #define PACKAGE_STRING "cpplib  "
| #define PACKAGE_BUGREPORT "gcc-bugs@gcc.gnu.org"
| #define PACKAGE_URL ""
| #define STDC_HEADERS 1
| #define HAVE_SYS_TYPES_H 1
| #define HAVE_SYS_STAT_H 1
| #define HAVE_STDLIB_H 1
| #define HAVE_STRING_H 1
| #define HAVE_MEMORY_H 1
| #define HAVE_STRINGS_H 1
| #define HAVE_INTTYPES_H 1
| #define HAVE_STDINT_H 1
| #define HAVE_UNISTD_H 1
| #define __EXTENSIONS__ 1
| #define _ALL_SOURCE 1
| #define _GNU_SOURCE 1
| #define _POSIX_PTHREAD_SEMANTICS 1
| #define _TANDEM_SOURCE 1
| #define TIME_WITH_SYS_TIME 1
| #define STRING_WITH_STRINGS 1
| #define HAVE_LOCALE_H 1
| #define HAVE_FCNTL_H 1
| #define HAVE_LIMITS_H 1
| #define HAVE_STDDEF_H 1
| #define HAVE_STDLIB_H 1
| #define HAVE_STRINGS_H 1
| #define HAVE_STRING_H 1
| #define HAVE_SYS_FILE_H 1
| #define HAVE_UNISTD_H 1
| #define HAVE_OBSTACK 1
| /* end confdefs.h.  */
| #include <stdio.h>
| #ifdef HAVE_SYS_TYPES_H
| # include <sys/types.h>
| #endif
| #ifdef HAVE_SYS_STAT_H
| # include <sys/stat.h>
| #endif
| #ifdef STDC_HEADERS
| # include <stdlib.h>
| # include <stddef.h>
| #else
| # ifdef HAVE_STDLIB_H
| #  include <stdlib.h>
| # endif
| #endif
| #ifdef HAVE_STRING_H
| # if !defined STDC_HEADERS && defined HAVE_MEMORY_H
| #  include <memory.h>
| # endif
| # include <string.h>
| #endif
| #ifdef HAVE_STRINGS_H
| # include <strings.h>
| #endif
| #ifdef HAVE_INTTYPES_H
| # include <inttypes.h>
| #endif
| #ifdef HAVE_STDINT_H
| # include <stdint.h>
| #endif
| #ifdef HAVE_UNISTD_H
| # include <unistd.h>
| #endif
| int
| main ()
| {
| if (sizeof ((uintptr_t)))
| 	    return 0;
|   ;
|   return 0;
| }
configure:5575: result: yes
configure:5610: checking for ptrdiff_t
configure:5610: gcc  -c -isystem/home/simon/work/goldilocks/tmp/sysroots/x86_64-linux/usr/include -O2 -pipe  conftest.c >&5
configure:5610: $? = 0
configure:5610: gcc  -c -isystem/home/simon/work/goldilocks/tmp/sysroots/x86_64-linux/usr/include -O2 -pipe  conftest.c >&5
conftest.c: In function 'main':
conftest.c:73:24: error: expected expression before ')' token
 if (sizeof ((ptrdiff_t)))
                        ^
configure:5610: $? = 1
configure: failed program was:
| /* confdefs.h */
| #define PACKAGE_NAME "cpplib"
| #define PACKAGE_TARNAME "cpplib"
| #define PACKAGE_VERSION " "
| #define PACKAGE_STRING "cpplib  "
| #define PACKAGE_BUGREPORT "gcc-bugs@gcc.gnu.org"
| #define PACKAGE_URL ""
| #define STDC_HEADERS 1
| #define HAVE_SYS_TYPES_H 1
| #define HAVE_SYS_STAT_H 1
| #define HAVE_STDLIB_H 1
| #define HAVE_STRING_H 1
| #define HAVE_MEMORY_H 1
| #define HAVE_STRINGS_H 1
| #define HAVE_INTTYPES_H 1
| #define HAVE_STDINT_H 1
| #define HAVE_UNISTD_H 1
| #define __EXTENSIONS__ 1
| #define _ALL_SOURCE 1
| #define _GNU_SOURCE 1
| #define _POSIX_PTHREAD_SEMANTICS 1
| #define _TANDEM_SOURCE 1
| #define TIME_WITH_SYS_TIME 1
| #define STRING_WITH_STRINGS 1
| #define HAVE_LOCALE_H 1
| #define HAVE_FCNTL_H 1
| #define HAVE_LIMITS_H 1
| #define HAVE_STDDEF_H 1
| #define HAVE_STDLIB_H 1
| #define HAVE_STRINGS_H 1
| #define HAVE_STRING_H 1
| #define HAVE_SYS_FILE_H 1
| #define HAVE_UNISTD_H 1
| #define HAVE_OBSTACK 1
| #define HAVE_UINTPTR_T 1
| /* end confdefs.h.  */
| #include <stdio.h>
| #ifdef HAVE_SYS_TYPES_H
| # include <sys/types.h>
| #endif
| #ifdef HAVE_SYS_STAT_H
| # include <sys/stat.h>
| #endif
| #ifdef STDC_HEADERS
| # include <stdlib.h>
| # include <stddef.h>
| #else
| # ifdef HAVE_STDLIB_H
| #  include <stdlib.h>
| # endif
| #endif
| #ifdef HAVE_STRING_H
| # if !defined STDC_HEADERS && defined HAVE_MEMORY_H
| #  include <memory.h>
| # endif
| # include <string.h>
| #endif
| #ifdef HAVE_STRINGS_H
| # include <strings.h>
| #endif
| #ifdef HAVE_INTTYPES_H
| # include <inttypes.h>
| #endif
| #ifdef HAVE_STDINT_H
| # include <stdint.h>
| #endif
| #ifdef HAVE_UNISTD_H
| # include <unistd.h>
| #endif
| int
| main ()
| {
| if (sizeof ((ptrdiff_t)))
| 	    return 0;
|   ;
|   return 0;
| }
configure:5610: result: yes
configure:5621: checking for uint64_t
configure:5621: gcc  -c -isystem/home/simon/work/goldilocks/tmp/sysroots/x86_64-linux/usr/include -O2 -pipe  conftest.c >&5
configure:5621: $? = 0
configure:5621: result: yes
configure:5638: checking whether struct tm is in sys/time.h or time.h
configure:5658: gcc  -c -isystem/home/simon/work/goldilocks/tmp/sysroots/x86_64-linux/usr/include -O2 -pipe  conftest.c >&5
configure:5658: $? = 0
configure:5665: result: time.h
configure:5677: checking size of int
configure:5682: gcc  -o conftest -isystem/home/simon/work/goldilocks/tmp/sysroots/x86_64-linux/usr/include -O2 -pipe  -static-libstdc++ -static-libgcc -L/home/simon/work/goldilocks/tmp/sysroots/x86_64-linux/usr/lib -L/home/simon/work/goldilocks/tmp/sysroots/x86_64-linux/lib -Wl,-rpath-link,/home/simon/work/goldilocks/tmp/sysroots/x86_64-linux/usr/lib -Wl,-rpath-link,/home/simon/work/goldilocks/tmp/sysroots/x86_64-linux/lib -Wl,-rpath,/home/simon/work/goldilocks/tmp/sysroots/x86_64-linux/usr/lib -Wl,-rpath,/home/simon/work/goldilocks/tmp/sysroots/x86_64-linux/lib -Wl,-O1 conftest.c  >&5
configure:5682: $? = 0
configure:5682: ./conftest
configure:5682: $? = 0
configure:5697: result: 4
configure:5711: checking size of long
configure:5716: gcc  -o conftest -isystem/home/simon/work/goldilocks/tmp/sysroots/x86_64-linux/usr/include -O2 -pipe  -static-libstdc++ -static-libgcc -L/home/simon/work/goldilocks/tmp/sysroots/x86_64-linux/usr/lib -L/home/simon/work/goldilocks/tmp/sysroots/x86_64-linux/lib -Wl,-rpath-link,/home/simon/work/goldilocks/tmp/sysroots/x86_64-linux/usr/lib -Wl,-rpath-link,/home/simon/work/goldilocks/tmp/sysroots/x86_64-linux/lib -Wl,-rpath,/home/simon/work/goldilocks/tmp/sysroots/x86_64-linux/usr/lib -Wl,-rpath,/home/simon/work/goldilocks/tmp/sysroots/x86_64-linux/lib -Wl,-O1 conftest.c  >&5
configure:5716: $? = 0
configure:5716: ./conftest
configure:5716: $? = 0
configure:5731: result: 8
configure:5745: checking for clearerr_unlocked
configure:5745: gcc  -o conftest -isystem/home/simon/work/goldilocks/tmp/sysroots/x86_64-linux/usr/include -O2 -pipe  -static-libstdc++ -static-libgcc -L/home/simon/work/goldilocks/tmp/sysroots/x86_64-linux/usr/lib -L/home/simon/work/goldilocks/tmp/sysroots/x86_64-linux/lib -Wl,-rpath-link,/home/simon/work/goldilocks/tmp/sysroots/x86_64-linux/usr/lib -Wl,-rpath-link,/home/simon/work/goldilocks/tmp/sysroots/x86_64-linux/lib -Wl,-rpath,/home/simon/work/goldilocks/tmp/sysroots/x86_64-linux/usr/lib -Wl,-rpath,/home/simon/work/goldilocks/tmp/sysroots/x86_64-linux/lib -Wl,-O1 conftest.c  >&5
configure:5745: $? = 0
configure:5745: result: yes
configure:5745: checking for feof_unlocked
configure:5745: gcc  -o conftest -isystem/home/simon/work/goldilocks/tmp/sysroots/x86_64-linux/usr/include -O2 -pipe  -static-libstdc++ -static-libgcc -L/home/simon/work/goldilocks/tmp/sysroots/x86_64-linux/usr/lib -L/home/simon/work/goldilocks/tmp/sysroots/x86_64-linux/lib -Wl,-rpath-link,/home/simon/work/goldilocks/tmp/sysroots/x86_64-linux/usr/lib -Wl,-rpath-link,/home/simon/work/goldilocks/tmp/sysroots/x86_64-linux/lib -Wl,-rpath,/home/simon/work/goldilocks/tmp/sysroots/x86_64-linux/usr/lib -Wl,-rpath,/home/simon/work/goldilocks/tmp/sysroots/x86_64-linux/lib -Wl,-O1 conftest.c  >&5
configure:5745: $? = 0
configure:5745: result: yes
configure:5745: checking for ferror_unlocked
configure:5745: gcc  -o conftest -isystem/home/simon/work/goldilocks/tmp/sysroots/x86_64-linux/usr/include -O2 -pipe  -static-libstdc++ -static-libgcc -L/home/simon/work/goldilocks/tmp/sysroots/x86_64-linux/usr/lib -L/home/simon/work/goldilocks/tmp/sysroots/x86_64-linux/lib -Wl,-rpath-link,/home/simon/work/goldilocks/tmp/sysroots/x86_64-linux/usr/lib -Wl,-rpath-link,/home/simon/work/goldilocks/tmp/sysroots/x86_64-linux/lib -Wl,-rpath,/home/simon/work/goldilocks/tmp/sysroots/x86_64-linux/usr/lib -Wl,-rpath,/home/simon/work/goldilocks/tmp/sysroots/x86_64-linux/lib -Wl,-O1 conftest.c  >&5
configure:5745: $? = 0
configure:5745: result: yes
configure:5745: checking for fflush_unlocked
configure:5745: gcc  -o conftest -isystem/home/simon/work/goldilocks/tmp/sysroots/x86_64-linux/usr/include -O2 -pipe  -static-libstdc++ -static-libgcc -L/home/simon/work/goldilocks/tmp/sysroots/x86_64-linux/usr/lib -L/home/simon/work/goldilocks/tmp/sysroots/x86_64-linux/lib -Wl,-rpath-link,/home/simon/work/goldilocks/tmp/sysroots/x86_64-linux/usr/lib -Wl,-rpath-link,/home/simon/work/goldilocks/tmp/sysroots/x86_64-linux/lib -Wl,-rpath,/home/simon/work/goldilocks/tmp/sysroots/x86_64-linux/usr/lib -Wl,-rpath,/home/simon/work/goldilocks/tmp/sysroots/x86_64-linux/lib -Wl,-O1 conftest.c  >&5
configure:5745: $? = 0
configure:5745: result: yes
configure:5745: checking for fgetc_unlocked
configure:5745: gcc  -o conftest -isystem/home/simon/work/goldilocks/tmp/sysroots/x86_64-linux/usr/include -O2 -pipe  -static-libstdc++ -static-libgcc -L/home/simon/work/goldilocks/tmp/sysroots/x86_64-linux/usr/lib -L/home/simon/work/goldilocks/tmp/sysroots/x86_64-linux/lib -Wl,-rpath-link,/home/simon/work/goldilocks/tmp/sysroots/x86_64-linux/usr/lib -Wl,-rpath-link,/home/simon/work/goldilocks/tmp/sysroots/x86_64-linux/lib -Wl,-rpath,/home/simon/work/goldilocks/tmp/sysroots/x86_64-linux/usr/lib -Wl,-rpath,/home/simon/work/goldilocks/tmp/sysroots/x86_64-linux/lib -Wl,-O1 conftest.c  >&5
configure:5745: $? = 0
configure:5745: result: yes
configure:5745: checking for fgets_unlocked
configure:5745: gcc  -o conftest -isystem/home/simon/work/goldilocks/tmp/sysroots/x86_64-linux/usr/include -O2 -pipe  -static-libstdc++ -static-libgcc -L/home/simon/work/goldilocks/tmp/sysroots/x86_64-linux/usr/lib -L/home/simon/work/goldilocks/tmp/sysroots/x86_64-linux/lib -Wl,-rpath-link,/home/simon/work/goldilocks/tmp/sysroots/x86_64-linux/usr/lib -Wl,-rpath-link,/home/simon/work/goldilocks/tmp/sysroots/x86_64-linux/lib -Wl,-rpath,/home/simon/work/goldilocks/tmp/sysroots/x86_64-linux/usr/lib -Wl,-rpath,/home/simon/work/goldilocks/tmp/sysroots/x86_64-linux/lib -Wl,-O1 conftest.c  >&5
configure:5745: $? = 0
configure:5745: result: yes
configure:5745: checking for fileno_unlocked
configure:5745: gcc  -o conftest -isystem/home/simon/work/goldilocks/tmp/sysroots/x86_64-linux/usr/include -O2 -pipe  -static-libstdc++ -static-libgcc -L/home/simon/work/goldilocks/tmp/sysroots/x86_64-linux/usr/lib -L/home/simon/work/goldilocks/tmp/sysroots/x86_64-linux/lib -Wl,-rpath-link,/home/simon/work/goldilocks/tmp/sysroots/x86_64-linux/usr/lib -Wl,-rpath-link,/home/simon/work/goldilocks/tmp/sysroots/x86_64-linux/lib -Wl,-rpath,/home/simon/work/goldilocks/tmp/sysroots/x86_64-linux/usr/lib -Wl,-rpath,/home/simon/work/goldilocks/tmp/sysroots/x86_64-linux/lib -Wl,-O1 conftest.c  >&5
configure:5745: $? = 0
configure:5745: result: yes
configure:5745: checking for fprintf_unlocked
configure:5745: gcc  -o conftest -isystem/home/simon/work/goldilocks/tmp/sysroots/x86_64-linux/usr/include -O2 -pipe  -static-libstdc++ -static-libgcc -L/home/simon/work/goldilocks/tmp/sysroots/x86_64-linux/usr/lib -L/home/simon/work/goldilocks/tmp/sysroots/x86_64-linux/lib -Wl,-rpath-link,/home/simon/work/goldilocks/tmp/sysroots/x86_64-linux/usr/lib -Wl,-rpath-link,/home/simon/work/goldilocks/tmp/sysroots/x86_64-linux/lib -Wl,-rpath,/home/simon/work/goldilocks/tmp/sysroots/x86_64-linux/usr/lib -Wl,-rpath,/home/simon/work/goldilocks/tmp/sysroots/x86_64-linux/lib -Wl,-O1 conftest.c  >&5
conftest.c:69:6: warning: conflicting types for built-in function 'fprintf_unlocked' [enabled by default]
 char fprintf_unlocked ();
      ^
/tmp/ccYVqqdo.o: In function `main':
conftest.c:(.text.startup+0x7): undefined reference to `fprintf_unlocked'
collect2: error: ld returned 1 exit status
configure:5745: $? = 1
configure: failed program was:
| /* confdefs.h */
| #define PACKAGE_NAME "cpplib"
| #define PACKAGE_TARNAME "cpplib"
| #define PACKAGE_VERSION " "
| #define PACKAGE_STRING "cpplib  "
| #define PACKAGE_BUGREPORT "gcc-bugs@gcc.gnu.org"
| #define PACKAGE_URL ""
| #define STDC_HEADERS 1
| #define HAVE_SYS_TYPES_H 1
| #define HAVE_SYS_STAT_H 1
| #define HAVE_STDLIB_H 1
| #define HAVE_STRING_H 1
| #define HAVE_MEMORY_H 1
| #define HAVE_STRINGS_H 1
| #define HAVE_INTTYPES_H 1
| #define HAVE_STDINT_H 1
| #define HAVE_UNISTD_H 1
| #define __EXTENSIONS__ 1
| #define _ALL_SOURCE 1
| #define _GNU_SOURCE 1
| #define _POSIX_PTHREAD_SEMANTICS 1
| #define _TANDEM_SOURCE 1
| #define TIME_WITH_SYS_TIME 1
| #define STRING_WITH_STRINGS 1
| #define HAVE_LOCALE_H 1
| #define HAVE_FCNTL_H 1
| #define HAVE_LIMITS_H 1
| #define HAVE_STDDEF_H 1
| #define HAVE_STDLIB_H 1
| #define HAVE_STRINGS_H 1
| #define HAVE_STRING_H 1
| #define HAVE_SYS_FILE_H 1
| #define HAVE_UNISTD_H 1
| #define HAVE_OBSTACK 1
| #define HAVE_UINTPTR_T 1
| #define SIZEOF_INT 4
| #define SIZEOF_LONG 8
| #define HAVE_CLEARERR_UNLOCKED 1
| #define HAVE_FEOF_UNLOCKED 1
| #define HAVE_FERROR_UNLOCKED 1
| #define HAVE_FFLUSH_UNLOCKED 1
| #define HAVE_FGETC_UNLOCKED 1
| #define HAVE_FGETS_UNLOCKED 1
| #define HAVE_FILENO_UNLOCKED 1
| /* end confdefs.h.  */
| /* Define fprintf_unlocked to an innocuous variant, in case <limits.h> declares fprintf_unlocked.
|    For example, HP-UX 11i <limits.h> declares gettimeofday.  */
| #define fprintf_unlocked innocuous_fprintf_unlocked
| 
| /* System header to define __stub macros and hopefully few prototypes,
|     which can conflict with char fprintf_unlocked (); below.
|     Prefer <limits.h> to <assert.h> if __STDC__ is defined, since
|     <limits.h> exists even on freestanding compilers.  */
| 
| #ifdef __STDC__
| # include <limits.h>
| #else
| # include <assert.h>
| #endif
| 
| #undef fprintf_unlocked
| 
| /* Override any GCC internal prototype to avoid an error.
|    Use char because int might match the return type of a GCC
|    builtin and then its argument prototype would still apply.  */
| #ifdef __cplusplus
| extern "C"
| #endif
| char fprintf_unlocked ();
| /* The GNU C library defines this for functions which it implements
|     to always fail with ENOSYS.  Some functions are actually named
|     something starting with __ and the normal name is an alias.  */
| #if defined __stub_fprintf_unlocked || defined __stub___fprintf_unlocked
| choke me
| #endif
| 
| int
| main ()
| {
| return fprintf_unlocked ();
|   ;
|   return 0;
| }
configure:5745: result: no
configure:5745: checking for fputc_unlocked
configure:5745: gcc  -o conftest -isystem/home/simon/work/goldilocks/tmp/sysroots/x86_64-linux/usr/include -O2 -pipe  -static-libstdc++ -static-libgcc -L/home/simon/work/goldilocks/tmp/sysroots/x86_64-linux/usr/lib -L/home/simon/work/goldilocks/tmp/sysroots/x86_64-linux/lib -Wl,-rpath-link,/home/simon/work/goldilocks/tmp/sysroots/x86_64-linux/usr/lib -Wl,-rpath-link,/home/simon/work/goldilocks/tmp/sysroots/x86_64-linux/lib -Wl,-rpath,/home/simon/work/goldilocks/tmp/sysroots/x86_64-linux/usr/lib -Wl,-rpath,/home/simon/work/goldilocks/tmp/sysroots/x86_64-linux/lib -Wl,-O1 conftest.c  >&5
conftest.c:69:6: warning: conflicting types for built-in function 'fputc_unlocked' [enabled by default]
 char fputc_unlocked ();
      ^
configure:5745: $? = 0
configure:5745: result: yes
configure:5745: checking for fputs_unlocked
configure:5745: gcc  -o conftest -isystem/home/simon/work/goldilocks/tmp/sysroots/x86_64-linux/usr/include -O2 -pipe  -static-libstdc++ -static-libgcc -L/home/simon/work/goldilocks/tmp/sysroots/x86_64-linux/usr/lib -L/home/simon/work/goldilocks/tmp/sysroots/x86_64-linux/lib -Wl,-rpath-link,/home/simon/work/goldilocks/tmp/sysroots/x86_64-linux/usr/lib -Wl,-rpath-link,/home/simon/work/goldilocks/tmp/sysroots/x86_64-linux/lib -Wl,-rpath,/home/simon/work/goldilocks/tmp/sysroots/x86_64-linux/usr/lib -Wl,-rpath,/home/simon/work/goldilocks/tmp/sysroots/x86_64-linux/lib -Wl,-O1 conftest.c  >&5
conftest.c:70:6: warning: conflicting types for built-in function 'fputs_unlocked' [enabled by default]
 char fputs_unlocked ();
      ^
configure:5745: $? = 0
configure:5745: result: yes
configure:5745: checking for fread_unlocked
configure:5745: gcc  -o conftest -isystem/home/simon/work/goldilocks/tmp/sysroots/x86_64-linux/usr/include -O2 -pipe  -static-libstdc++ -static-libgcc -L/home/simon/work/goldilocks/tmp/sysroots/x86_64-linux/usr/lib -L/home/simon/work/goldilocks/tmp/sysroots/x86_64-linux/lib -Wl,-rpath-link,/home/simon/work/goldilocks/tmp/sysroots/x86_64-linux/usr/lib -Wl,-rpath-link,/home/simon/work/goldilocks/tmp/sysroots/x86_64-linux/lib -Wl,-rpath,/home/simon/work/goldilocks/tmp/sysroots/x86_64-linux/usr/lib -Wl,-rpath,/home/simon/work/goldilocks/tmp/sysroots/x86_64-linux/lib -Wl,-O1 conftest.c  >&5
configure:5745: $? = 0
configure:5745: result: yes
configure:5745: checking for fwrite_unlocked
configure:5745: gcc  -o conftest -isystem/home/simon/work/goldilocks/tmp/sysroots/x86_64-linux/usr/include -O2 -pipe  -static-libstdc++ -static-libgcc -L/home/simon/work/goldilocks/tmp/sysroots/x86_64-linux/usr/lib -L/home/simon/work/goldilocks/tmp/sysroots/x86_64-linux/lib -Wl,-rpath-link,/home/simon/work/goldilocks/tmp/sysroots/x86_64-linux/usr/lib -Wl,-rpath-link,/home/simon/work/goldilocks/tmp/sysroots/x86_64-linux/lib -Wl,-rpath,/home/simon/work/goldilocks/tmp/sysroots/x86_64-linux/usr/lib -Wl,-rpath,/home/simon/work/goldilocks/tmp/sysroots/x86_64-linux/lib -Wl,-O1 conftest.c  >&5
conftest.c:72:6: warning: conflicting types for built-in function 'fwrite_unlocked' [enabled by default]
 char fwrite_unlocked ();
      ^
configure:5745: $? = 0
configure:5745: result: yes
configure:5745: checking for getchar_unlocked
configure:5745: gcc  -o conftest -isystem/home/simon/work/goldilocks/tmp/sysroots/x86_64-linux/usr/include -O2 -pipe  -static-libstdc++ -static-libgcc -L/home/simon/work/goldilocks/tmp/sysroots/x86_64-linux/usr/lib -L/home/simon/work/goldilocks/tmp/sysroots/x86_64-linux/lib -Wl,-rpath-link,/home/simon/work/goldilocks/tmp/sysroots/x86_64-linux/usr/lib -Wl,-rpath-link,/home/simon/work/goldilocks/tmp/sysroots/x86_64-linux/lib -Wl,-rpath,/home/simon/work/goldilocks/tmp/sysroots/x86_64-linux/usr/lib -Wl,-rpath,/home/simon/work/goldilocks/tmp/sysroots/x86_64-linux/lib -Wl,-O1 conftest.c  >&5
configure:5745: $? = 0
configure:5745: result: yes
configure:5745: checking for getc_unlocked
configure:5745: gcc  -o conftest -isystem/home/simon/work/goldilocks/tmp/sysroots/x86_64-linux/usr/include -O2 -pipe  -static-libstdc++ -static-libgcc -L/home/simon/work/goldilocks/tmp/sysroots/x86_64-linux/usr/lib -L/home/simon/work/goldilocks/tmp/sysroots/x86_64-linux/lib -Wl,-rpath-link,/home/simon/work/goldilocks/tmp/sysroots/x86_64-linux/usr/lib -Wl,-rpath-link,/home/simon/work/goldilocks/tmp/sysroots/x86_64-linux/lib -Wl,-rpath,/home/simon/work/goldilocks/tmp/sysroots/x86_64-linux/usr/lib -Wl,-rpath,/home/simon/work/goldilocks/tmp/sysroots/x86_64-linux/lib -Wl,-O1 conftest.c  >&5
configure:5745: $? = 0
configure:5745: result: yes
configure:5745: checking for putchar_unlocked
configure:5745: gcc  -o conftest -isystem/home/simon/work/goldilocks/tmp/sysroots/x86_64-linux/usr/include -O2 -pipe  -static-libstdc++ -static-libgcc -L/home/simon/work/goldilocks/tmp/sysroots/x86_64-linux/usr/lib -L/home/simon/work/goldilocks/tmp/sysroots/x86_64-linux/lib -Wl,-rpath-link,/home/simon/work/goldilocks/tmp/sysroots/x86_64-linux/usr/lib -Wl,-rpath-link,/home/simon/work/goldilocks/tmp/sysroots/x86_64-linux/lib -Wl,-rpath,/home/simon/work/goldilocks/tmp/sysroots/x86_64-linux/usr/lib -Wl,-rpath,/home/simon/work/goldilocks/tmp/sysroots/x86_64-linux/lib -Wl,-O1 conftest.c  >&5
conftest.c:75:6: warning: conflicting types for built-in function 'putchar_unlocked' [enabled by default]
 char putchar_unlocked ();
      ^
configure:5745: $? = 0
configure:5745: result: yes
configure:5745: checking for putc_unlocked
configure:5745: gcc  -o conftest -isystem/home/simon/work/goldilocks/tmp/sysroots/x86_64-linux/usr/include -O2 -pipe  -static-libstdc++ -static-libgcc -L/home/simon/work/goldilocks/tmp/sysroots/x86_64-linux/usr/lib -L/home/simon/work/goldilocks/tmp/sysroots/x86_64-linux/lib -Wl,-rpath-link,/home/simon/work/goldilocks/tmp/sysroots/x86_64-linux/usr/lib -Wl,-rpath-link,/home/simon/work/goldilocks/tmp/sysroots/x86_64-linux/lib -Wl,-rpath,/home/simon/work/goldilocks/tmp/sysroots/x86_64-linux/usr/lib -Wl,-rpath,/home/simon/work/goldilocks/tmp/sysroots/x86_64-linux/lib -Wl,-O1 conftest.c  >&5
conftest.c:76:6: warning: conflicting types for built-in function 'putc_unlocked' [enabled by default]
 char putc_unlocked ();
      ^
configure:5745: $? = 0
configure:5745: result: yes
configure:5755: checking whether abort is declared
configure:5755: gcc  -c -isystem/home/simon/work/goldilocks/tmp/sysroots/x86_64-linux/usr/include -O2 -pipe  conftest.c >&5
configure:5755: $? = 0
configure:5755: result: yes
configure:5765: checking whether asprintf is declared
configure:5765: gcc  -c -isystem/home/simon/work/goldilocks/tmp/sysroots/x86_64-linux/usr/include -O2 -pipe  conftest.c >&5
configure:5765: $? = 0
configure:5765: result: yes
configure:5775: checking whether basename is declared
configure:5775: gcc  -c -isystem/home/simon/work/goldilocks/tmp/sysroots/x86_64-linux/usr/include -O2 -pipe  conftest.c >&5
configure:5775: $? = 0
configure:5775: result: yes
configure:5785: checking whether errno is declared
configure:5785: gcc  -c -isystem/home/simon/work/goldilocks/tmp/sysroots/x86_64-linux/usr/include -O2 -pipe  conftest.c >&5
conftest.c: In function 'main':
conftest.c:97:10: error: 'errno' undeclared (first use in this function)
   (void) errno;
          ^
conftest.c:97:10: note: each undeclared identifier is reported only once for each function it appears in
configure:5785: $? = 1
configure: failed program was:
| /* confdefs.h */
| #define PACKAGE_NAME "cpplib"
| #define PACKAGE_TARNAME "cpplib"
| #define PACKAGE_VERSION " "
| #define PACKAGE_STRING "cpplib  "
| #define PACKAGE_BUGREPORT "gcc-bugs@gcc.gnu.org"
| #define PACKAGE_URL ""
| #define STDC_HEADERS 1
| #define HAVE_SYS_TYPES_H 1
| #define HAVE_SYS_STAT_H 1
| #define HAVE_STDLIB_H 1
| #define HAVE_STRING_H 1
| #define HAVE_MEMORY_H 1
| #define HAVE_STRINGS_H 1
| #define HAVE_INTTYPES_H 1
| #define HAVE_STDINT_H 1
| #define HAVE_UNISTD_H 1
| #define __EXTENSIONS__ 1
| #define _ALL_SOURCE 1
| #define _GNU_SOURCE 1
| #define _POSIX_PTHREAD_SEMANTICS 1
| #define _TANDEM_SOURCE 1
| #define TIME_WITH_SYS_TIME 1
| #define STRING_WITH_STRINGS 1
| #define HAVE_LOCALE_H 1
| #define HAVE_FCNTL_H 1
| #define HAVE_LIMITS_H 1
| #define HAVE_STDDEF_H 1
| #define HAVE_STDLIB_H 1
| #define HAVE_STRINGS_H 1
| #define HAVE_STRING_H 1
| #define HAVE_SYS_FILE_H 1
| #define HAVE_UNISTD_H 1
| #define HAVE_OBSTACK 1
| #define HAVE_UINTPTR_T 1
| #define SIZEOF_INT 4
| #define SIZEOF_LONG 8
| #define HAVE_CLEARERR_UNLOCKED 1
| #define HAVE_FEOF_UNLOCKED 1
| #define HAVE_FERROR_UNLOCKED 1
| #define HAVE_FFLUSH_UNLOCKED 1
| #define HAVE_FGETC_UNLOCKED 1
| #define HAVE_FGETS_UNLOCKED 1
| #define HAVE_FILENO_UNLOCKED 1
| #define HAVE_FPUTC_UNLOCKED 1
| #define HAVE_FPUTS_UNLOCKED 1
| #define HAVE_FREAD_UNLOCKED 1
| #define HAVE_FWRITE_UNLOCKED 1
| #define HAVE_GETCHAR_UNLOCKED 1
| #define HAVE_GETC_UNLOCKED 1
| #define HAVE_PUTCHAR_UNLOCKED 1
| #define HAVE_PUTC_UNLOCKED 1
| #define HAVE_DECL_ABORT 1
| #define HAVE_DECL_ASPRINTF 1
| #define HAVE_DECL_BASENAME 1
| /* end confdefs.h.  */
| #include <stdio.h>
| #ifdef HAVE_SYS_TYPES_H
| # include <sys/types.h>
| #endif
| #ifdef HAVE_SYS_STAT_H
| # include <sys/stat.h>
| #endif
| #ifdef STDC_HEADERS
| # include <stdlib.h>
| # include <stddef.h>
| #else
| # ifdef HAVE_STDLIB_H
| #  include <stdlib.h>
| # endif
| #endif
| #ifdef HAVE_STRING_H
| # if !defined STDC_HEADERS && defined HAVE_MEMORY_H
| #  include <memory.h>
| # endif
| # include <string.h>
| #endif
| #ifdef HAVE_STRINGS_H
| # include <strings.h>
| #endif
| #ifdef HAVE_INTTYPES_H
| # include <inttypes.h>
| #endif
| #ifdef HAVE_STDINT_H
| # include <stdint.h>
| #endif
| #ifdef HAVE_UNISTD_H
| # include <unistd.h>
| #endif
| int
| main ()
| {
| #ifndef errno
| #ifdef __cplusplus
|   (void) errno;
| #else
|   (void) errno;
| #endif
| #endif
| 
|   ;
|   return 0;
| }
configure:5785: result: no
configure:5795: checking whether getopt is declared
configure:5795: gcc  -c -isystem/home/simon/work/goldilocks/tmp/sysroots/x86_64-linux/usr/include -O2 -pipe  conftest.c >&5
configure:5795: $? = 0
configure:5795: result: yes
configure:5805: checking whether vasprintf is declared
configure:5805: gcc  -c -isystem/home/simon/work/goldilocks/tmp/sysroots/x86_64-linux/usr/include -O2 -pipe  conftest.c >&5
configure:5805: $? = 0
configure:5805: result: yes
configure:5816: checking whether clearerr_unlocked is declared
configure:5816: gcc  -c -isystem/home/simon/work/goldilocks/tmp/sysroots/x86_64-linux/usr/include -O2 -pipe  conftest.c >&5
configure:5816: $? = 0
configure:5816: result: yes
configure:5826: checking whether feof_unlocked is declared
configure:5826: gcc  -c -isystem/home/simon/work/goldilocks/tmp/sysroots/x86_64-linux/usr/include -O2 -pipe  conftest.c >&5
configure:5826: $? = 0
configure:5826: result: yes
configure:5836: checking whether ferror_unlocked is declared
configure:5836: gcc  -c -isystem/home/simon/work/goldilocks/tmp/sysroots/x86_64-linux/usr/include -O2 -pipe  conftest.c >&5
configure:5836: $? = 0
configure:5836: result: yes
configure:5846: checking whether fflush_unlocked is declared
configure:5846: gcc  -c -isystem/home/simon/work/goldilocks/tmp/sysroots/x86_64-linux/usr/include -O2 -pipe  conftest.c >&5
configure:5846: $? = 0
configure:5846: result: yes
configure:5856: checking whether fgetc_unlocked is declared
configure:5856: gcc  -c -isystem/home/simon/work/goldilocks/tmp/sysroots/x86_64-linux/usr/include -O2 -pipe  conftest.c >&5
configure:5856: $? = 0
configure:5856: result: yes
configure:5866: checking whether fgets_unlocked is declared
configure:5866: gcc  -c -isystem/home/simon/work/goldilocks/tmp/sysroots/x86_64-linux/usr/include -O2 -pipe  conftest.c >&5
configure:5866: $? = 0
configure:5866: result: yes
configure:5876: checking whether fileno_unlocked is declared
configure:5876: gcc  -c -isystem/home/simon/work/goldilocks/tmp/sysroots/x86_64-linux/usr/include -O2 -pipe  conftest.c >&5
configure:5876: $? = 0
configure:5876: result: yes
configure:5886: checking whether fprintf_unlocked is declared
configure:5886: gcc  -c -isystem/home/simon/work/goldilocks/tmp/sysroots/x86_64-linux/usr/include -O2 -pipe  conftest.c >&5
conftest.c: In function 'main':
conftest.c:107:10: error: 'fprintf_unlocked' undeclared (first use in this function)
   (void) fprintf_unlocked;
          ^
conftest.c:107:10: note: each undeclared identifier is reported only once for each function it appears in
configure:5886: $? = 1
configure: failed program was:
| /* confdefs.h */
| #define PACKAGE_NAME "cpplib"
| #define PACKAGE_TARNAME "cpplib"
| #define PACKAGE_VERSION " "
| #define PACKAGE_STRING "cpplib  "
| #define PACKAGE_BUGREPORT "gcc-bugs@gcc.gnu.org"
| #define PACKAGE_URL ""
| #define STDC_HEADERS 1
| #define HAVE_SYS_TYPES_H 1
| #define HAVE_SYS_STAT_H 1
| #define HAVE_STDLIB_H 1
| #define HAVE_STRING_H 1
| #define HAVE_MEMORY_H 1
| #define HAVE_STRINGS_H 1
| #define HAVE_INTTYPES_H 1
| #define HAVE_STDINT_H 1
| #define HAVE_UNISTD_H 1
| #define __EXTENSIONS__ 1
| #define _ALL_SOURCE 1
| #define _GNU_SOURCE 1
| #define _POSIX_PTHREAD_SEMANTICS 1
| #define _TANDEM_SOURCE 1
| #define TIME_WITH_SYS_TIME 1
| #define STRING_WITH_STRINGS 1
| #define HAVE_LOCALE_H 1
| #define HAVE_FCNTL_H 1
| #define HAVE_LIMITS_H 1
| #define HAVE_STDDEF_H 1
| #define HAVE_STDLIB_H 1
| #define HAVE_STRINGS_H 1
| #define HAVE_STRING_H 1
| #define HAVE_SYS_FILE_H 1
| #define HAVE_UNISTD_H 1
| #define HAVE_OBSTACK 1
| #define HAVE_UINTPTR_T 1
| #define SIZEOF_INT 4
| #define SIZEOF_LONG 8
| #define HAVE_CLEARERR_UNLOCKED 1
| #define HAVE_FEOF_UNLOCKED 1
| #define HAVE_FERROR_UNLOCKED 1
| #define HAVE_FFLUSH_UNLOCKED 1
| #define HAVE_FGETC_UNLOCKED 1
| #define HAVE_FGETS_UNLOCKED 1
| #define HAVE_FILENO_UNLOCKED 1
| #define HAVE_FPUTC_UNLOCKED 1
| #define HAVE_FPUTS_UNLOCKED 1
| #define HAVE_FREAD_UNLOCKED 1
| #define HAVE_FWRITE_UNLOCKED 1
| #define HAVE_GETCHAR_UNLOCKED 1
| #define HAVE_GETC_UNLOCKED 1
| #define HAVE_PUTCHAR_UNLOCKED 1
| #define HAVE_PUTC_UNLOCKED 1
| #define HAVE_DECL_ABORT 1
| #define HAVE_DECL_ASPRINTF 1
| #define HAVE_DECL_BASENAME 1
| #define HAVE_DECL_ERRNO 0
| #define HAVE_DECL_GETOPT 1
| #define HAVE_DECL_VASPRINTF 1
| #define HAVE_DECL_CLEARERR_UNLOCKED 1
| #define HAVE_DECL_FEOF_UNLOCKED 1
| #define HAVE_DECL_FERROR_UNLOCKED 1
| #define HAVE_DECL_FFLUSH_UNLOCKED 1
| #define HAVE_DECL_FGETC_UNLOCKED 1
| #define HAVE_DECL_FGETS_UNLOCKED 1
| #define HAVE_DECL_FILENO_UNLOCKED 1
| /* end confdefs.h.  */
| #include <stdio.h>
| #ifdef HAVE_SYS_TYPES_H
| # include <sys/types.h>
| #endif
| #ifdef HAVE_SYS_STAT_H
| # include <sys/stat.h>
| #endif
| #ifdef STDC_HEADERS
| # include <stdlib.h>
| # include <stddef.h>
| #else
| # ifdef HAVE_STDLIB_H
| #  include <stdlib.h>
| # endif
| #endif
| #ifdef HAVE_STRING_H
| # if !defined STDC_HEADERS && defined HAVE_MEMORY_H
| #  include <memory.h>
| # endif
| # include <string.h>
| #endif
| #ifdef HAVE_STRINGS_H
| # include <strings.h>
| #endif
| #ifdef HAVE_INTTYPES_H
| # include <inttypes.h>
| #endif
| #ifdef HAVE_STDINT_H
| # include <stdint.h>
| #endif
| #ifdef HAVE_UNISTD_H
| # include <unistd.h>
| #endif
| int
| main ()
| {
| #ifndef fprintf_unlocked
| #ifdef __cplusplus
|   (void) fprintf_unlocked;
| #else
|   (void) fprintf_unlocked;
| #endif
| #endif
| 
|   ;
|   return 0;
| }
configure:5886: result: no
configure:5896: checking whether fputc_unlocked is declared
configure:5896: gcc  -c -isystem/home/simon/work/goldilocks/tmp/sysroots/x86_64-linux/usr/include -O2 -pipe  conftest.c >&5
configure:5896: $? = 0
configure:5896: result: yes
configure:5906: checking whether fputs_unlocked is declared
configure:5906: gcc  -c -isystem/home/simon/work/goldilocks/tmp/sysroots/x86_64-linux/usr/include -O2 -pipe  conftest.c >&5
configure:5906: $? = 0
configure:5906: result: yes
configure:5916: checking whether fread_unlocked is declared
configure:5916: gcc  -c -isystem/home/simon/work/goldilocks/tmp/sysroots/x86_64-linux/usr/include -O2 -pipe  conftest.c >&5
configure:5916: $? = 0
configure:5916: result: yes
configure:5926: checking whether fwrite_unlocked is declared
configure:5926: gcc  -c -isystem/home/simon/work/goldilocks/tmp/sysroots/x86_64-linux/usr/include -O2 -pipe  conftest.c >&5
configure:5926: $? = 0
configure:5926: result: yes
configure:5936: checking whether getchar_unlocked is declared
configure:5936: gcc  -c -isystem/home/simon/work/goldilocks/tmp/sysroots/x86_64-linux/usr/include -O2 -pipe  conftest.c >&5
configure:5936: $? = 0
configure:5936: result: yes
configure:5946: checking whether getc_unlocked is declared
configure:5946: gcc  -c -isystem/home/simon/work/goldilocks/tmp/sysroots/x86_64-linux/usr/include -O2 -pipe  conftest.c >&5
configure:5946: $? = 0
configure:5946: result: yes
configure:5956: checking whether putchar_unlocked is declared
configure:5956: gcc  -c -isystem/home/simon/work/goldilocks/tmp/sysroots/x86_64-linux/usr/include -O2 -pipe  conftest.c >&5
configure:5956: $? = 0
configure:5956: result: yes
configure:5966: checking whether putc_unlocked is declared
configure:5966: gcc  -c -isystem/home/simon/work/goldilocks/tmp/sysroots/x86_64-linux/usr/include -O2 -pipe  conftest.c >&5
configure:5966: $? = 0
configure:5966: result: yes
configure:5981: checking for working alloca.h
configure:5998: gcc  -o conftest -isystem/home/simon/work/goldilocks/tmp/sysroots/x86_64-linux/usr/include -O2 -pipe  -static-libstdc++ -static-libgcc -L/home/simon/work/goldilocks/tmp/sysroots/x86_64-linux/usr/lib -L/home/simon/work/goldilocks/tmp/sysroots/x86_64-linux/lib -Wl,-rpath-link,/home/simon/work/goldilocks/tmp/sysroots/x86_64-linux/usr/lib -Wl,-rpath-link,/home/simon/work/goldilocks/tmp/sysroots/x86_64-linux/lib -Wl,-rpath,/home/simon/work/goldilocks/tmp/sysroots/x86_64-linux/usr/lib -Wl,-rpath,/home/simon/work/goldilocks/tmp/sysroots/x86_64-linux/lib -Wl,-O1 conftest.c  >&5
configure:5998: $? = 0
configure:6006: result: yes
configure:6014: checking for alloca
configure:6051: gcc  -o conftest -isystem/home/simon/work/goldilocks/tmp/sysroots/x86_64-linux/usr/include -O2 -pipe  -static-libstdc++ -static-libgcc -L/home/simon/work/goldilocks/tmp/sysroots/x86_64-linux/usr/lib -L/home/simon/work/goldilocks/tmp/sysroots/x86_64-linux/lib -Wl,-rpath-link,/home/simon/work/goldilocks/tmp/sysroots/x86_64-linux/usr/lib -Wl,-rpath-link,/home/simon/work/goldilocks/tmp/sysroots/x86_64-linux/lib -Wl,-rpath,/home/simon/work/goldilocks/tmp/sysroots/x86_64-linux/usr/lib -Wl,-rpath,/home/simon/work/goldilocks/tmp/sysroots/x86_64-linux/lib -Wl,-O1 conftest.c  >&5
configure:6051: $? = 0
configure:6059: result: yes
configure:6169: checking for ANSI C header files
configure:6273: result: yes
configure:6282: checking for nl_langinfo and CODESET
configure:6298: gcc  -o conftest -isystem/home/simon/work/goldilocks/tmp/sysroots/x86_64-linux/usr/include -O2 -pipe  -static-libstdc++ -static-libgcc -L/home/simon/work/goldilocks/tmp/sysroots/x86_64-linux/usr/lib -L/home/simon/work/goldilocks/tmp/sysroots/x86_64-linux/lib -Wl,-rpath-link,/home/simon/work/goldilocks/tmp/sysroots/x86_64-linux/usr/lib -Wl,-rpath-link,/home/simon/work/goldilocks/tmp/sysroots/x86_64-linux/lib -Wl,-rpath,/home/simon/work/goldilocks/tmp/sysroots/x86_64-linux/usr/lib -Wl,-rpath,/home/simon/work/goldilocks/tmp/sysroots/x86_64-linux/lib -Wl,-O1 conftest.c  >&5
configure:6298: $? = 0
configure:6307: result: yes
configure:6328: checking whether NLS is requested
configure:6331: result: no
configure:6386: checking for uchar
configure:6405: gcc  -c -isystem/home/simon/work/goldilocks/tmp/sysroots/x86_64-linux/usr/include -O2 -pipe  conftest.c >&5
conftest.c: In function 'main':
conftest.c:86:6: error: 'uchar' undeclared (first use in this function)
 if ((uchar *)0) return 0;
      ^
conftest.c:86:6: note: each undeclared identifier is reported only once for each function it appears in
conftest.c:86:13: error: expected expression before ')' token
 if ((uchar *)0) return 0;
             ^
configure:6405: $? = 1
configure: failed program was:
| /* confdefs.h */
| #define PACKAGE_NAME "cpplib"
| #define PACKAGE_TARNAME "cpplib"
| #define PACKAGE_VERSION " "
| #define PACKAGE_STRING "cpplib  "
| #define PACKAGE_BUGREPORT "gcc-bugs@gcc.gnu.org"
| #define PACKAGE_URL ""
| #define STDC_HEADERS 1
| #define HAVE_SYS_TYPES_H 1
| #define HAVE_SYS_STAT_H 1
| #define HAVE_STDLIB_H 1
| #define HAVE_STRING_H 1
| #define HAVE_MEMORY_H 1
| #define HAVE_STRINGS_H 1
| #define HAVE_INTTYPES_H 1
| #define HAVE_STDINT_H 1
| #define HAVE_UNISTD_H 1
| #define __EXTENSIONS__ 1
| #define _ALL_SOURCE 1
| #define _GNU_SOURCE 1
| #define _POSIX_PTHREAD_SEMANTICS 1
| #define _TANDEM_SOURCE 1
| #define TIME_WITH_SYS_TIME 1
| #define STRING_WITH_STRINGS 1
| #define HAVE_LOCALE_H 1
| #define HAVE_FCNTL_H 1
| #define HAVE_LIMITS_H 1
| #define HAVE_STDDEF_H 1
| #define HAVE_STDLIB_H 1
| #define HAVE_STRINGS_H 1
| #define HAVE_STRING_H 1
| #define HAVE_SYS_FILE_H 1
| #define HAVE_UNISTD_H 1
| #define HAVE_OBSTACK 1
| #define HAVE_UINTPTR_T 1
| #define SIZEOF_INT 4
| #define SIZEOF_LONG 8
| #define HAVE_CLEARERR_UNLOCKED 1
| #define HAVE_FEOF_UNLOCKED 1
| #define HAVE_FERROR_UNLOCKED 1
| #define HAVE_FFLUSH_UNLOCKED 1
| #define HAVE_FGETC_UNLOCKED 1
| #define HAVE_FGETS_UNLOCKED 1
| #define HAVE_FILENO_UNLOCKED 1
| #define HAVE_FPUTC_UNLOCKED 1
| #define HAVE_FPUTS_UNLOCKED 1
| #define HAVE_FREAD_UNLOCKED 1
| #define HAVE_FWRITE_UNLOCKED 1
| #define HAVE_GETCHAR_UNLOCKED 1
| #define HAVE_GETC_UNLOCKED 1
| #define HAVE_PUTCHAR_UNLOCKED 1
| #define HAVE_PUTC_UNLOCKED 1
| #define HAVE_DECL_ABORT 1
| #define HAVE_DECL_ASPRINTF 1
| #define HAVE_DECL_BASENAME 1
| #define HAVE_DECL_ERRNO 0
| #define HAVE_DECL_GETOPT 1
| #define HAVE_DECL_VASPRINTF 1
| #define HAVE_DECL_CLEARERR_UNLOCKED 1
| #define HAVE_DECL_FEOF_UNLOCKED 1
| #define HAVE_DECL_FERROR_UNLOCKED 1
| #define HAVE_DECL_FFLUSH_UNLOCKED 1
| #define HAVE_DECL_FGETC_UNLOCKED 1
| #define HAVE_DECL_FGETS_UNLOCKED 1
| #define HAVE_DECL_FILENO_UNLOCKED 1
| #define HAVE_DECL_FPRINTF_UNLOCKED 0
| #define HAVE_DECL_FPUTC_UNLOCKED 1
| #define HAVE_DECL_FPUTS_UNLOCKED 1
| #define HAVE_DECL_FREAD_UNLOCKED 1
| #define HAVE_DECL_FWRITE_UNLOCKED 1
| #define HAVE_DECL_GETCHAR_UNLOCKED 1
| #define HAVE_DECL_GETC_UNLOCKED 1
| #define HAVE_DECL_PUTCHAR_UNLOCKED 1
| #define HAVE_DECL_PUTC_UNLOCKED 1
| #define HAVE_ALLOCA_H 1
| #define HAVE_ALLOCA 1
| #define STDC_HEADERS 1
| #define HAVE_LANGINFO_CODESET 1
| /* end confdefs.h.  */
| 
| #include <sys/types.h>
| 
| int
| main ()
| {
| if ((uchar *)0) return 0;
|  if (sizeof(uchar)) return 0;
|   ;
|   return 0;
| }
configure:6412: result: 
configure:6468: checking for ld used by GCC
configure:6531: result: ld 
configure:6538: checking if the linker (ld ) is GNU ld
GNU ld (GNU Binutils for Ubuntu) 2.24
configure:6550: result: yes
configure:6556: checking for shared library run path origin
configure:6569: result: done
configure:6999: checking for iconv
configure:7021: g++  -o conftest -isystem/home/simon/work/goldilocks/tmp/sysroots/x86_64-linux/usr/include -O2 -pipe  -static-libstdc++ -static-libgcc -L/home/simon/work/goldilocks/tmp/sysroots/x86_64-linux/usr/lib -L/home/simon/work/goldilocks/tmp/sysroots/x86_64-linux/lib -Wl,-rpath-link,/home/simon/work/goldilocks/tmp/sysroots/x86_64-linux/usr/lib -Wl,-rpath-link,/home/simon/work/goldilocks/tmp/sysroots/x86_64-linux/lib -Wl,-rpath,/home/simon/work/goldilocks/tmp/sysroots/x86_64-linux/usr/lib -Wl,-rpath,/home/simon/work/goldilocks/tmp/sysroots/x86_64-linux/lib -Wl,-O1 conftest.cpp  >&5
configure:7021: $? = 0
configure:7053: result: yes
configure:7074: checking for iconv declaration
configure:7103: g++  -c -isystem/home/simon/work/goldilocks/tmp/sysroots/x86_64-linux/usr/include -O2 -pipe  conftest.cpp >&5
configure:7103: $? = 0
configure:7114: result: install-shextern size_t iconv (iconv_t cd, char * *inbuf, size_t *inbytesleft, char * *outbuf, size_t *outbytesleft);
configure:7325: updating cache ./config.cache
configure:7363: creating ./config.status

## ---------------------- ##
## Running config.status. ##
## ---------------------- ##

This file was extended by cpplib config.status  , which was
generated by GNU Autoconf 2.64.  Invocation command line was

  CONFIG_FILES    = 
  CONFIG_HEADERS  = 
  CONFIG_LINKS    = 
  CONFIG_COMMANDS = 
  $ ./config.status 

on simon-XNOTE

config.status:926: creating Makefile
config.status:926: creating config.h
config.status:1099: executing depdir commands

## ---------------- ##
## Cache variables. ##
## ---------------- ##

ac_cv_build=x86_64-pc-linux-gnu
ac_cv_c_bigendian=no
ac_cv_c_compiler_gnu=yes
ac_cv_c_const=yes
ac_cv_c_inline=inline
ac_cv_c_uint64_t=yes
ac_cv_cxx_compiler_gnu=yes
ac_cv_env_CCC_set=
ac_cv_env_CCC_value=
ac_cv_env_CC_set=set
ac_cv_env_CC_value='gcc '
ac_cv_env_CFLAGS_set=set
ac_cv_env_CFLAGS_value='-isystem/home/simon/work/goldilocks/tmp/sysroots/x86_64-linux/usr/include -O2 -pipe'
ac_cv_env_CPPFLAGS_set=set
ac_cv_env_CPPFLAGS_value=
ac_cv_env_CPP_set=set
ac_cv_env_CPP_value='gcc  -E'
ac_cv_env_CXXFLAGS_set=set
ac_cv_env_CXXFLAGS_value='-isystem/home/simon/work/goldilocks/tmp/sysroots/x86_64-linux/usr/include -O2 -pipe'
ac_cv_env_CXX_set=set
ac_cv_env_CXX_value='g++ '
ac_cv_env_LDFLAGS_set=set
ac_cv_env_LDFLAGS_value='-static-libstdc++ -static-libgcc -L/home/simon/work/goldilocks/tmp/sysroots/x86_64-linux/usr/lib -L/home/simon/work/goldilocks/tmp/sysroots/x86_64-linux/lib -Wl,-rpath-link,/home/simon/work/goldilocks/tmp/sysroots/x86_64-linux/usr/lib -Wl,-rpath-link,/home/simon/work/goldilocks/tmp/sysroots/x86_64-linux/lib -Wl,-rpath,/home/simon/work/goldilocks/tmp/sysroots/x86_64-linux/usr/lib -Wl,-rpath,/home/simon/work/goldilocks/tmp/sysroots/x86_64-linux/lib -Wl,-O1'
ac_cv_env_LIBS_set=
ac_cv_env_LIBS_value=
ac_cv_env_build_alias_set=set
ac_cv_env_build_alias_value=x86_64-linux
ac_cv_env_host_alias_set=set
ac_cv_env_host_alias_value=x86_64-linux
ac_cv_env_target_alias_set=set
ac_cv_env_target_alias_value=arm-dey-linux-gnueabi
ac_cv_func_alloca_works=yes
ac_cv_func_clearerr_unlocked=yes
ac_cv_func_feof_unlocked=yes
ac_cv_func_ferror_unlocked=yes
ac_cv_func_fflush_unlocked=yes
ac_cv_func_fgetc_unlocked=yes
ac_cv_func_fgets_unlocked=yes
ac_cv_func_fileno_unlocked=yes
ac_cv_func_fprintf_unlocked=no
ac_cv_func_fputc_unlocked=yes
ac_cv_func_fputs_unlocked=yes
ac_cv_func_fread_unlocked=yes
ac_cv_func_fwrite_unlocked=yes
ac_cv_func_getc_unlocked=yes
ac_cv_func_getchar_unlocked=yes
ac_cv_func_obstack=yes
ac_cv_func_putc_unlocked=yes
ac_cv_func_putchar_unlocked=yes
ac_cv_have_decl_abort=yes
ac_cv_have_decl_asprintf=yes
ac_cv_have_decl_basename_char_p_=yes
ac_cv_have_decl_clearerr_unlocked=yes
ac_cv_have_decl_errno=no
ac_cv_have_decl_feof_unlocked=yes
ac_cv_have_decl_ferror_unlocked=yes
ac_cv_have_decl_fflush_unlocked=yes
ac_cv_have_decl_fgetc_unlocked=yes
ac_cv_have_decl_fgets_unlocked=yes
ac_cv_have_decl_fileno_unlocked=yes
ac_cv_have_decl_fprintf_unlocked=no
ac_cv_have_decl_fputc_unlocked=yes
ac_cv_have_decl_fputs_unlocked=yes
ac_cv_have_decl_fread_unlocked=yes
ac_cv_have_decl_fwrite_unlocked=yes
ac_cv_have_decl_getc_unlocked=yes
ac_cv_have_decl_getchar_unlocked=yes
ac_cv_have_decl_getopt=yes
ac_cv_have_decl_putc_unlocked=yes
ac_cv_have_decl_putchar_unlocked=yes
ac_cv_have_decl_vasprintf=yes
ac_cv_header_fcntl_h=yes
ac_cv_header_inttypes_h=yes
ac_cv_header_limits_h=yes
ac_cv_header_locale_h=yes
ac_cv_header_memory_h=yes
ac_cv_header_minix_config_h=no
ac_cv_header_stdc=yes
ac_cv_header_stddef_h=yes
ac_cv_header_stdint_h=yes
ac_cv_header_stdlib_h=yes
ac_cv_header_string_h=yes
ac_cv_header_strings_h=yes
ac_cv_header_sys_file_h=yes
ac_cv_header_sys_stat_h=yes
ac_cv_header_sys_types_h=yes
ac_cv_header_time=yes
ac_cv_header_unistd_h=yes
ac_cv_host=x86_64-pc-linux-gnu
ac_cv_objext=o
ac_cv_path_EGREP='/bin/grep -E'
ac_cv_path_GREP=/bin/grep
ac_cv_path_install='/usr/bin/install -c'
ac_cv_prog_ACLOCAL=aclocal
ac_cv_prog_AUTOCONF=autoconf
ac_cv_prog_AUTOHEADER=autoheader
ac_cv_prog_CC='gcc '
ac_cv_prog_CPP='gcc  -E'
ac_cv_prog_RANLIB=ranlib
ac_cv_prog_cc_c89=
ac_cv_prog_cc_g=yes
ac_cv_prog_cxx_g=yes
ac_cv_prog_make_make_set=yes
ac_cv_safe_to_define___extensions__=yes
ac_cv_sizeof_int=4
ac_cv_sizeof_long=8
ac_cv_struct_tm=time.h
ac_cv_sys_file_offset_bits=no
ac_cv_sys_largefile_CC=no
ac_cv_target=arm-dey-linux-gnueabi
ac_cv_type_off_t=yes
ac_cv_type_ptrdiff_t=yes
ac_cv_type_size_t=yes
ac_cv_type_ssize_t=yes
ac_cv_type_uchar=no
ac_cv_type_uintptr_t=yes
ac_cv_working_alloca_h=yes
acl_cv_hardcode_direct=no
acl_cv_hardcode_libdir_flag_spec='${wl}-rpath ${wl}$libdir'
acl_cv_hardcode_libdir_separator=
acl_cv_hardcode_minus_L=no
acl_cv_libext=a
acl_cv_path_LD='ld '
acl_cv_prog_gnu_ld=yes
acl_cv_rpath=done
acl_cv_shlibext=so
acl_cv_wl=-Wl,
acx_cv_prog_cc_pedantic__Wlong_long=yes
acx_cv_prog_cc_warning__W=yes
acx_cv_prog_cc_warning__Wall=yes
acx_cv_prog_cc_warning__Wcpp_compat=yes
acx_cv_prog_cc_warning__Wmissing_format_attribute=yes
acx_cv_prog_cc_warning__Wmissing_prototypes=yes
acx_cv_prog_cc_warning__Wnarrowing=yes
acx_cv_prog_cc_warning__Wold_style_definition=yes
acx_cv_prog_cc_warning__Wstrict_prototypes=yes
acx_cv_prog_cc_warning__Wwrite_strings=yes
acx_cv_prog_cc_warning__fno_exceptions=yes
acx_cv_prog_cc_warning__fno_rtti=yes
am_cv_CXX_dependencies_compiler_type=gcc3
am_cv_func_iconv=yes
am_cv_langinfo_codeset=yes
am_cv_lib_iconv=no
am_cv_proto_iconv='extern size_t iconv (iconv_t cd, char * *inbuf, size_t *inbytesleft, char * *outbuf, size_t *outbytesleft);'
am_cv_proto_iconv_arg1=
gcc_cv_collect2_libs='none required'
gcc_cv_header_string=yes
lt_cv_sys_lib_dlsearch_path_spec='/home/simon/work/goldilocks/tmp/sysroots/x86_64-linux/usr/lib/arm-dey-linux-gnueabi /home/simon/work/goldilocks/tmp/sysroots/x86_64-linux/lib'

## ----------------- ##
## Output variables. ##
## ----------------- ##

ACLOCAL='aclocal'
ALLOCA=''
AUTOCONF='autoconf'
AUTOHEADER='autoheader'
CATALOGS=''
CATOBJEXT=''
CC='gcc '
CFLAGS='-isystem/home/simon/work/goldilocks/tmp/sysroots/x86_64-linux/usr/include -O2 -pipe'
CPP='gcc  -E'
CPPFLAGS=''
CXX='g++ '
CXXDEPMODE='depmode=gcc3'
CXXFLAGS='-isystem/home/simon/work/goldilocks/tmp/sysroots/x86_64-linux/usr/include -O2 -pipe'
DATADIRNAME=''
DEFS='-DHAVE_CONFIG_H'
DEPDIR='.deps'
ECHO_C=''
ECHO_N='-n'
ECHO_T=''
EGREP='/bin/grep -E'
EXEEXT=''
GENCAT=''
GMSGFMT='/home/simon/work/goldilocks/tmp/sysroots/x86_64-linux/usr/bin/msgfmt'
GREP='/bin/grep'
INCINTL=''
INSTALL_DATA='${INSTALL} -m 644'
INSTALL_PROGRAM='${INSTALL}'
INSTALL_SCRIPT='${INSTALL}'
INSTOBJEXT=''
LDFLAGS='-static-libstdc++ -static-libgcc -L/home/simon/work/goldilocks/tmp/sysroots/x86_64-linux/usr/lib -L/home/simon/work/goldilocks/tmp/sysroots/x86_64-linux/lib -Wl,-rpath-link,/home/simon/work/goldilocks/tmp/sysroots/x86_64-linux/usr/lib -Wl,-rpath-link,/home/simon/work/goldilocks/tmp/sysroots/x86_64-linux/lib -Wl,-rpath,/home/simon/work/goldilocks/tmp/sysroots/x86_64-linux/usr/lib -Wl,-rpath,/home/simon/work/goldilocks/tmp/sysroots/x86_64-linux/lib -Wl,-O1'
LIBICONV=''
LIBINTL=''
LIBINTL_DEP=''
LIBOBJS=''
LIBS=''
LTLIBICONV=''
LTLIBOBJS=''
MAINT='#'
OBJEXT='o'
PACKAGE='cpplib'
PACKAGE_BUGREPORT='gcc-bugs@gcc.gnu.org'
PACKAGE_NAME='cpplib'
PACKAGE_STRING='cpplib  '
PACKAGE_TARNAME='cpplib'
PACKAGE_URL=''
PACKAGE_VERSION=' '
PATH_SEPARATOR=':'
PICFLAG=''
POSUB=''
RANLIB='ranlib'
SET_MAKE=''
SHELL='/bin/bash'
USED_CATALOGS=''
USE_NLS='no'
WARN_PEDANTIC='-pedantic -Wno-long-long'
WERROR=''
XGETTEXT='/home/simon/work/goldilocks/tmp/sysroots/x86_64-linux/usr/bin/xgettext'
ac_ct_CC=''
ac_ct_CXX=''
am__leading_dot='.'
bindir='/home/simon/work/goldilocks/tmp/sysroots/x86_64-linux/usr/bin/arm-dey-linux-gnueabi'
build='x86_64-pc-linux-gnu'
build_alias='x86_64-linux'
build_cpu='x86_64'
build_os='linux-gnu'
build_vendor='pc'
c_warn='-Wstrict-prototypes -Wmissing-prototypes -Wold-style-definition -Wc++-compat'
datadir='/home/simon/work/goldilocks/tmp/sysroots/x86_64-linux/usr/share'
datarootdir='${prefix}/share'
docdir='${datarootdir}/doc/${PACKAGE_TARNAME}'
dvidir='${docdir}'
exec_prefix='/home/simon/work/goldilocks/tmp/sysroots/x86_64-linux/usr'
host='x86_64-pc-linux-gnu'
host_alias='x86_64-linux'
host_cpu='x86_64'
host_os='linux-gnu'
host_vendor='pc'
htmldir='${docdir}'
includedir='/home/simon/work/goldilocks/tmp/sysroots/x86_64-linux/usr/include'
infodir='/home/simon/work/goldilocks/tmp/sysroots/x86_64-linux/usr/share/info'
libdir='/home/simon/work/goldilocks/tmp/sysroots/x86_64-linux/usr/lib/arm-dey-linux-gnueabi'
libexecdir='/home/simon/work/goldilocks/tmp/sysroots/x86_64-linux/usr/libexec/arm-dey-linux-gnueabi'
localedir='${datarootdir}/locale'
localstatedir='/home/simon/work/goldilocks/tmp/sysroots/x86_64-linux/var'
mandir='/home/simon/work/goldilocks/tmp/sysroots/x86_64-linux/usr/share/man'
noexception_flags='-fno-exceptions -fno-rtti'
oldincludedir='/home/simon/work/goldilocks/tmp/sysroots/x86_64-linux/usr/include'
pdfdir='${docdir}'
prefix='/home/simon/work/goldilocks/tmp/sysroots/x86_64-linux/usr'
program_transform_name='s&^&arm-dey-linux-gnueabi-&'
psdir='${docdir}'
sbindir='/home/simon/work/goldilocks/tmp/sysroots/x86_64-linux/usr/bin/arm-dey-linux-gnueabi'
sharedstatedir='/home/simon/work/goldilocks/tmp/sysroots/x86_64-linux/com'
sysconfdir='/home/simon/work/goldilocks/tmp/sysroots/x86_64-linux/etc'
target='arm-dey-linux-gnueabi'
target_alias='arm-dey-linux-gnueabi'
target_cpu='arm'
target_os='linux-gnueabi'
target_vendor='dey'
warn='-W -Wall -Wno-narrowing -Wwrite-strings -Wmissing-format-attribute'

## ----------- ##
## confdefs.h. ##
## ----------- ##

/* confdefs.h */
#define PACKAGE_NAME "cpplib"
#define PACKAGE_TARNAME "cpplib"
#define PACKAGE_VERSION " "
#define PACKAGE_STRING "cpplib  "
#define PACKAGE_BUGREPORT "gcc-bugs@gcc.gnu.org"
#define PACKAGE_URL ""
#define STDC_HEADERS 1
#define HAVE_SYS_TYPES_H 1
#define HAVE_SYS_STAT_H 1
#define HAVE_STDLIB_H 1
#define HAVE_STRING_H 1
#define HAVE_MEMORY_H 1
#define HAVE_STRINGS_H 1
#define HAVE_INTTYPES_H 1
#define HAVE_STDINT_H 1
#define HAVE_UNISTD_H 1
#define __EXTENSIONS__ 1
#define _ALL_SOURCE 1
#define _GNU_SOURCE 1
#define _POSIX_PTHREAD_SEMANTICS 1
#define _TANDEM_SOURCE 1
#define TIME_WITH_SYS_TIME 1
#define STRING_WITH_STRINGS 1
#define HAVE_LOCALE_H 1
#define HAVE_FCNTL_H 1
#define HAVE_LIMITS_H 1
#define HAVE_STDDEF_H 1
#define HAVE_STDLIB_H 1
#define HAVE_STRINGS_H 1
#define HAVE_STRING_H 1
#define HAVE_SYS_FILE_H 1
#define HAVE_UNISTD_H 1
#define HAVE_OBSTACK 1
#define HAVE_UINTPTR_T 1
#define SIZEOF_INT 4
#define SIZEOF_LONG 8
#define HAVE_CLEARERR_UNLOCKED 1
#define HAVE_FEOF_UNLOCKED 1
#define HAVE_FERROR_UNLOCKED 1
#define HAVE_FFLUSH_UNLOCKED 1
#define HAVE_FGETC_UNLOCKED 1
#define HAVE_FGETS_UNLOCKED 1
#define HAVE_FILENO_UNLOCKED 1
#define HAVE_FPUTC_UNLOCKED 1
#define HAVE_FPUTS_UNLOCKED 1
#define HAVE_FREAD_UNLOCKED 1
#define HAVE_FWRITE_UNLOCKED 1
#define HAVE_GETCHAR_UNLOCKED 1
#define HAVE_GETC_UNLOCKED 1
#define HAVE_PUTCHAR_UNLOCKED 1
#define HAVE_PUTC_UNLOCKED 1
#define HAVE_DECL_ABORT 1
#define HAVE_DECL_ASPRINTF 1
#define HAVE_DECL_BASENAME 1
#define HAVE_DECL_ERRNO 0
#define HAVE_DECL_GETOPT 1
#define HAVE_DECL_VASPRINTF 1
#define HAVE_DECL_CLEARERR_UNLOCKED 1
#define HAVE_DECL_FEOF_UNLOCKED 1
#define HAVE_DECL_FERROR_UNLOCKED 1
#define HAVE_DECL_FFLUSH_UNLOCKED 1
#define HAVE_DECL_FGETC_UNLOCKED 1
#define HAVE_DECL_FGETS_UNLOCKED 1
#define HAVE_DECL_FILENO_UNLOCKED 1
#define HAVE_DECL_FPRINTF_UNLOCKED 0
#define HAVE_DECL_FPUTC_UNLOCKED 1
#define HAVE_DECL_FPUTS_UNLOCKED 1
#define HAVE_DECL_FREAD_UNLOCKED 1
#define HAVE_DECL_FWRITE_UNLOCKED 1
#define HAVE_DECL_GETCHAR_UNLOCKED 1
#define HAVE_DECL_GETC_UNLOCKED 1
#define HAVE_DECL_PUTCHAR_UNLOCKED 1
#define HAVE_DECL_PUTC_UNLOCKED 1
#define HAVE_ALLOCA_H 1
#define HAVE_ALLOCA 1
#define STDC_HEADERS 1
#define HAVE_LANGINFO_CODESET 1
#define HAVE_ICONV 1
#define ICONV_CONST 
#define PACKAGE "cpplib"
#define ENABLE_CANONICAL_SYSTEM_HEADERS 1

configure: exit 0
