This file contains any messages produced by compilers while
running configure, to aid debugging if configure makes a mistake.

It was created by GNU C Runtime Library configure 1.0, which was
generated by GNU Autoconf 2.64.  Invocation command line was

  $ /home/simon/work/goldilocks/tmp/work-shared/gcc-5.2.0-r0/gcc-5.2.0/libgcc/configure --srcdir=/home/simon/work/goldilocks/tmp/work-shared/gcc-5.2.0-r0/gcc-5.2.0/libgcc --cache-file=./config.cache --with-cross-host=x86_64-linux --prefix=/home/simon/work/goldilocks/tmp/sysroots/x86_64-linux/usr --exec_prefix=/home/simon/work/goldilocks/tmp/sysroots/x86_64-linux/usr --bindir=/home/simon/work/goldilocks/tmp/sysroots/x86_64-linux/usr/bin/arm-dey-linux-gnueabi.gcc-cross-initial-arm --sbindir=/home/simon/work/goldilocks/tmp/sysroots/x86_64-linux/usr/bin/arm-dey-linux-gnueabi.gcc-cross-initial-arm --libexecdir=/home/simon/work/goldilocks/tmp/sysroots/x86_64-linux/usr/libexec/arm-dey-linux-gnueabi.gcc-cross-initial-arm --datadir=/home/simon/work/goldilocks/tmp/sysroots/x86_64-linux/usr/share --sysconfdir=/home/simon/work/goldilocks/tmp/sysroots/x86_64-linux/etc --sharedstatedir=/home/simon/work/goldilocks/tmp/sysroots/x86_64-linux/com --localstatedir=/home/simon/work/goldilocks/tmp/sysroots/x86_64-linux/var --libdir=/home/simon/work/goldilocks/tmp/sysroots/x86_64-linux/usr/lib/arm-dey-linux-gnueabi.gcc-cross-initial-arm --includedir=/home/simon/work/goldilocks/tmp/sysroots/x86_64-linux/usr/include --oldincludedir=/home/simon/work/goldilocks/tmp/sysroots/x86_64-linux/usr/include --infodir=/home/simon/work/goldilocks/tmp/sysroots/x86_64-linux/usr/share/info --mandir=/home/simon/work/goldilocks/tmp/sysroots/x86_64-linux/usr/share/man --disable-silent-rules --disable-dependency-tracking --with-libtool-sysroot=/home/simon/work/goldilocks/tmp/sysroots/x86_64-linux --with-newlib --without-headers --disable-shared --disable-threads --disable-multilib --disable-__cxa_atexit --enable-target-optspace --with-sysroot=/not/exist --with-build-sysroot=/home/simon/work/goldilocks/tmp/work/x86_64-linux/gcc-cross-initial-arm/5.2.0-r0/gcc-5.2.0/build.x86_64-linux.arm-dey-linux-gnueabi/tmpsysroot --disable-libmudflap --disable-libgomp --disable-libssp --disable-libquadmath --with-system-zlib --disable-lto --disable-plugin --enable-decimal-float=no --with-native-system-header-dir=/usr/include --disable-nls --with-arch=armv7-a --enable-languages=c --program-transform-name=s&^&arm-dey-linux-gnueabi-& --disable-option-checking --with-target-subdir=arm-dey-linux-gnueabi --build=x86_64-linux --host=arm-dey-linux-gnueabi --target=arm-dey-linux-gnueabi

## --------- ##
## Platform. ##
## --------- ##

hostname = simon-XNOTE
uname -m = x86_64
uname -r = 4.2.0-27-generic
uname -s = Linux
uname -v = #32~14.04.1-Ubuntu SMP Fri Jan 22 15:32:26 UTC 2016

/usr/bin/uname -p = unknown
/bin/uname -X     = unknown

/bin/arch              = unknown
/usr/bin/arch -k       = unknown
/usr/convex/getsysinfo = unknown
/usr/bin/hostinfo      = unknown
/bin/machine           = unknown
/usr/bin/oslevel       = unknown
/bin/universe          = unknown

PATH: /home/simon/work/goldilocks/tmp/sysroots/x86_64-linux/usr/bin/texinfo-dummy-native
PATH: /usr/local/dey-2.0/sources/poky/scripts
PATH: /home/simon/work/goldilocks/tmp/sysroots/x86_64-linux/usr/bin/arm-dey-linux-gnueabi
PATH: /home/simon/work/goldilocks/tmp/sysroots/x86_64-linux/home/simon/work/goldilocks/tmp/sysroots/x86_64-linux/usr/bin/arm-dey-linux-gnueabi.gcc-cross-initial-arm/crossscripts
PATH: /home/simon/work/goldilocks/tmp/sysroots/x86_64-linux/usr/sbin
PATH: /home/simon/work/goldilocks/tmp/sysroots/x86_64-linux/usr/bin
PATH: /home/simon/work/goldilocks/tmp/sysroots/x86_64-linux/sbin
PATH: /home/simon/work/goldilocks/tmp/sysroots/x86_64-linux/bin
PATH: /usr/local/dey-2.0/sources/poky/scripts
PATH: /usr/local/dey-2.0/sources/poky/bitbake/bin
PATH: /usr/local/sbin
PATH: /usr/local/bin
PATH: /usr/sbin
PATH: /usr/bin
PATH: /sbin
PATH: /bin
PATH: /usr/games
PATH: /usr/local/games


## ----------- ##
## Core tests. ##
## ----------- ##

configure:2026: creating cache ./config.cache
configure:2232: checking build system type
configure:2246: result: x86_64-pc-linux-gnu
configure:2266: checking host system type
configure:2279: result: arm-dey-linux-gnueabi
configure:2382: checking for --enable-version-specific-runtime-libs
configure:2395: result: no
configure:2443: checking for a BSD-compatible install
configure:2511: result: /usr/bin/install -c
configure:2527: checking for gawk
configure:2554: result: gawk
configure:2654: checking for arm-dey-linux-gnueabi-ar
configure:2681: result: arm-dey-linux-gnueabi-ar
configure:2746: checking for arm-dey-linux-gnueabi-lipo
configure:2773: result: arm-dey-linux-gnueabi-lipo
configure:2838: checking for arm-dey-linux-gnueabi-nm
configure:2865: result: /home/simon/work/goldilocks/tmp/work/x86_64-linux/gcc-cross-initial-arm/5.2.0-r0/gcc-5.2.0/build.x86_64-linux.arm-dey-linux-gnueabi/./gcc/nm
configure:2930: checking for arm-dey-linux-gnueabi-ranlib
configure:2957: result: arm-dey-linux-gnueabi-ranlib
configure:3022: checking for arm-dey-linux-gnueabi-strip
configure:3049: result: arm-dey-linux-gnueabi-strip
configure:3111: checking whether ln -s works
configure:3115: result: yes
configure:3132: checking for arm-dey-linux-gnueabi-gcc
configure:3159: result:  /home/simon/work/goldilocks/tmp/work/x86_64-linux/gcc-cross-initial-arm/5.2.0-r0/gcc-5.2.0/build.x86_64-linux.arm-dey-linux-gnueabi/./gcc/xgcc -B/home/simon/work/goldilocks/tmp/work/x86_64-linux/gcc-cross-initial-arm/5.2.0-r0/gcc-5.2.0/build.x86_64-linux.arm-dey-linux-gnueabi/./gcc/ -B/home/simon/work/goldilocks/tmp/sysroots/x86_64-linux/usr/arm-dey-linux-gnueabi/bin/ -B/home/simon/work/goldilocks/tmp/sysroots/x86_64-linux/usr/arm-dey-linux-gnueabi/lib/ -isystem /home/simon/work/goldilocks/tmp/sysroots/x86_64-linux/usr/arm-dey-linux-gnueabi/include -isystem /home/simon/work/goldilocks/tmp/sysroots/x86_64-linux/usr/arm-dey-linux-gnueabi/sys-include --sysroot=/home/simon/work/goldilocks/tmp/work/x86_64-linux/gcc-cross-initial-arm/5.2.0-r0/gcc-5.2.0/build.x86_64-linux.arm-dey-linux-gnueabi/tmpsysroot  
configure:3428: checking for C compiler version
configure:3437:  /home/simon/work/goldilocks/tmp/work/x86_64-linux/gcc-cross-initial-arm/5.2.0-r0/gcc-5.2.0/build.x86_64-linux.arm-dey-linux-gnueabi/./gcc/xgcc -B/home/simon/work/goldilocks/tmp/work/x86_64-linux/gcc-cross-initial-arm/5.2.0-r0/gcc-5.2.0/build.x86_64-linux.arm-dey-linux-gnueabi/./gcc/ -B/home/simon/work/goldilocks/tmp/sysroots/x86_64-linux/usr/arm-dey-linux-gnueabi/bin/ -B/home/simon/work/goldilocks/tmp/sysroots/x86_64-linux/usr/arm-dey-linux-gnueabi/lib/ -isystem /home/simon/work/goldilocks/tmp/sysroots/x86_64-linux/usr/arm-dey-linux-gnueabi/include -isystem /home/simon/work/goldilocks/tmp/sysroots/x86_64-linux/usr/arm-dey-linux-gnueabi/sys-include --sysroot=/home/simon/work/goldilocks/tmp/work/x86_64-linux/gcc-cross-initial-arm/5.2.0-r0/gcc-5.2.0/build.x86_64-linux.arm-dey-linux-gnueabi/tmpsysroot   --version >&5
xgcc (GCC) 5.2.0
Copyright (C) 2015 Free Software Foundation, Inc.
This is free software; see the source for copying conditions.  There is NO
warranty; not even for MERCHANTABILITY or FITNESS FOR A PARTICULAR PURPOSE.

configure:3448: $? = 0
configure:3437:  /home/simon/work/goldilocks/tmp/work/x86_64-linux/gcc-cross-initial-arm/5.2.0-r0/gcc-5.2.0/build.x86_64-linux.arm-dey-linux-gnueabi/./gcc/xgcc -B/home/simon/work/goldilocks/tmp/work/x86_64-linux/gcc-cross-initial-arm/5.2.0-r0/gcc-5.2.0/build.x86_64-linux.arm-dey-linux-gnueabi/./gcc/ -B/home/simon/work/goldilocks/tmp/sysroots/x86_64-linux/usr/arm-dey-linux-gnueabi/bin/ -B/home/simon/work/goldilocks/tmp/sysroots/x86_64-linux/usr/arm-dey-linux-gnueabi/lib/ -isystem /home/simon/work/goldilocks/tmp/sysroots/x86_64-linux/usr/arm-dey-linux-gnueabi/include -isystem /home/simon/work/goldilocks/tmp/sysroots/x86_64-linux/usr/arm-dey-linux-gnueabi/sys-include --sysroot=/home/simon/work/goldilocks/tmp/work/x86_64-linux/gcc-cross-initial-arm/5.2.0-r0/gcc-5.2.0/build.x86_64-linux.arm-dey-linux-gnueabi/tmpsysroot   -v >&5
Reading specs from /home/simon/work/goldilocks/tmp/work/x86_64-linux/gcc-cross-initial-arm/5.2.0-r0/gcc-5.2.0/build.x86_64-linux.arm-dey-linux-gnueabi/./gcc/specs
COLLECT_GCC=/home/simon/work/goldilocks/tmp/work/x86_64-linux/gcc-cross-initial-arm/5.2.0-r0/gcc-5.2.0/build.x86_64-linux.arm-dey-linux-gnueabi/./gcc/xgcc
COLLECT_LTO_WRAPPER=/home/simon/work/goldilocks/tmp/work/x86_64-linux/gcc-cross-initial-arm/5.2.0-r0/gcc-5.2.0/build.x86_64-linux.arm-dey-linux-gnueabi/./gcc/lto-wrapper
Target: arm-dey-linux-gnueabi
Configured with: /home/simon/work/goldilocks/tmp/work-shared/gcc-5.2.0-r0/gcc-5.2.0/configure --build=x86_64-linux --host=x86_64-linux --target=arm-dey-linux-gnueabi --prefix=/home/simon/work/goldilocks/tmp/sysroots/x86_64-linux/usr --exec_prefix=/home/simon/work/goldilocks/tmp/sysroots/x86_64-linux/usr --bindir=/home/simon/work/goldilocks/tmp/sysroots/x86_64-linux/usr/bin/arm-dey-linux-gnueabi.gcc-cross-initial-arm --sbindir=/home/simon/work/goldilocks/tmp/sysroots/x86_64-linux/usr/bin/arm-dey-linux-gnueabi.gcc-cross-initial-arm --libexecdir=/home/simon/work/goldilocks/tmp/sysroots/x86_64-linux/usr/libexec/arm-dey-linux-gnueabi.gcc-cross-initial-arm --datadir=/home/simon/work/goldilocks/tmp/sysroots/x86_64-linux/usr/share --sysconfdir=/home/simon/work/goldilocks/tmp/sysroots/x86_64-linux/etc --sharedstatedir=/home/simon/work/goldilocks/tmp/sysroots/x86_64-linux/com --localstatedir=/home/simon/work/goldilocks/tmp/sysroots/x86_64-linux/var --libdir=/home/simon/work/goldilocks/tmp/sysroots/x86_64-linux/usr/lib/arm-dey-linux-gnueabi.gcc-cross-initial-arm --includedir=/home/simon/work/goldilocks/tmp/sysroots/x86_64-linux/usr/include --oldincludedir=/home/simon/work/goldilocks/tmp/sysroots/x86_64-linux/usr/include --infodir=/home/simon/work/goldilocks/tmp/sysroots/x86_64-linux/usr/share/info --mandir=/home/simon/work/goldilocks/tmp/sysroots/x86_64-linux/usr/share/man --disable-silent-rules --disable-dependency-tracking --with-libtool-sysroot=/home/simon/work/goldilocks/tmp/sysroots/x86_64-linux --with-newlib --without-headers --disable-shared --disable-threads --disable-multilib --disable-__cxa_atexit --enable-languages=c --enable-target-optspace --program-prefix=arm-dey-linux-gnueabi- --with-sysroot=/not/exist --with-build-sysroot=/home/simon/work/goldilocks/tmp/work/x86_64-linux/gcc-cross-initial-arm/5.2.0-r0/gcc-5.2.0/build.x86_64-linux.arm-dey-linux-gnueabi/tmpsysroot --disable-libmudflap --disable-libgomp --disable-libssp --disable-libquadmath --with-system-zlib --disable-lto --disable-plugin --enable-decimal-float=no --without-isl --with-native-system-header-dir=/usr/include --disable-nls --with-arch=armv7-a
Thread model: single
gcc version 5.2.0 (GCC) 
configure:3448: $? = 0
configure:3437:  /home/simon/work/goldilocks/tmp/work/x86_64-linux/gcc-cross-initial-arm/5.2.0-r0/gcc-5.2.0/build.x86_64-linux.arm-dey-linux-gnueabi/./gcc/xgcc -B/home/simon/work/goldilocks/tmp/work/x86_64-linux/gcc-cross-initial-arm/5.2.0-r0/gcc-5.2.0/build.x86_64-linux.arm-dey-linux-gnueabi/./gcc/ -B/home/simon/work/goldilocks/tmp/sysroots/x86_64-linux/usr/arm-dey-linux-gnueabi/bin/ -B/home/simon/work/goldilocks/tmp/sysroots/x86_64-linux/usr/arm-dey-linux-gnueabi/lib/ -isystem /home/simon/work/goldilocks/tmp/sysroots/x86_64-linux/usr/arm-dey-linux-gnueabi/include -isystem /home/simon/work/goldilocks/tmp/sysroots/x86_64-linux/usr/arm-dey-linux-gnueabi/sys-include --sysroot=/home/simon/work/goldilocks/tmp/work/x86_64-linux/gcc-cross-initial-arm/5.2.0-r0/gcc-5.2.0/build.x86_64-linux.arm-dey-linux-gnueabi/tmpsysroot   -V >&5
xgcc: error: unrecognized command line option '-V'
xgcc: fatal error: no input files
compilation terminated.
configure:3448: $? = 1
configure:3437:  /home/simon/work/goldilocks/tmp/work/x86_64-linux/gcc-cross-initial-arm/5.2.0-r0/gcc-5.2.0/build.x86_64-linux.arm-dey-linux-gnueabi/./gcc/xgcc -B/home/simon/work/goldilocks/tmp/work/x86_64-linux/gcc-cross-initial-arm/5.2.0-r0/gcc-5.2.0/build.x86_64-linux.arm-dey-linux-gnueabi/./gcc/ -B/home/simon/work/goldilocks/tmp/sysroots/x86_64-linux/usr/arm-dey-linux-gnueabi/bin/ -B/home/simon/work/goldilocks/tmp/sysroots/x86_64-linux/usr/arm-dey-linux-gnueabi/lib/ -isystem /home/simon/work/goldilocks/tmp/sysroots/x86_64-linux/usr/arm-dey-linux-gnueabi/include -isystem /home/simon/work/goldilocks/tmp/sysroots/x86_64-linux/usr/arm-dey-linux-gnueabi/sys-include --sysroot=/home/simon/work/goldilocks/tmp/work/x86_64-linux/gcc-cross-initial-arm/5.2.0-r0/gcc-5.2.0/build.x86_64-linux.arm-dey-linux-gnueabi/tmpsysroot   -qversion >&5
xgcc: error: unrecognized command line option '-qversion'
xgcc: fatal error: no input files
compilation terminated.
configure:3448: $? = 1
configure:3464:  /home/simon/work/goldilocks/tmp/work/x86_64-linux/gcc-cross-initial-arm/5.2.0-r0/gcc-5.2.0/build.x86_64-linux.arm-dey-linux-gnueabi/./gcc/xgcc -B/home/simon/work/goldilocks/tmp/work/x86_64-linux/gcc-cross-initial-arm/5.2.0-r0/gcc-5.2.0/build.x86_64-linux.arm-dey-linux-gnueabi/./gcc/ -B/home/simon/work/goldilocks/tmp/sysroots/x86_64-linux/usr/arm-dey-linux-gnueabi/bin/ -B/home/simon/work/goldilocks/tmp/sysroots/x86_64-linux/usr/arm-dey-linux-gnueabi/lib/ -isystem /home/simon/work/goldilocks/tmp/sysroots/x86_64-linux/usr/arm-dey-linux-gnueabi/include -isystem /home/simon/work/goldilocks/tmp/sysroots/x86_64-linux/usr/arm-dey-linux-gnueabi/sys-include --sysroot=/home/simon/work/goldilocks/tmp/work/x86_64-linux/gcc-cross-initial-arm/5.2.0-r0/gcc-5.2.0/build.x86_64-linux.arm-dey-linux-gnueabi/tmpsysroot   -o conftest -O2 -pipe -g -feliminate-unused-debug-types -g -Os  -Wl,-O1 -Wl,--hash-style=gnu -Wl,--as-needed conftest.c  >&5
/home/simon/work/goldilocks/tmp/sysroots/x86_64-linux/usr/bin/arm-dey-linux-gnueabi/arm-dey-linux-gnueabi-ld: cannot find crt1.o: No such file or directory
/home/simon/work/goldilocks/tmp/sysroots/x86_64-linux/usr/bin/arm-dey-linux-gnueabi/arm-dey-linux-gnueabi-ld: cannot find crti.o: No such file or directory
/home/simon/work/goldilocks/tmp/sysroots/x86_64-linux/usr/bin/arm-dey-linux-gnueabi/arm-dey-linux-gnueabi-ld: cannot find crtbegin.o: No such file or directory
/home/simon/work/goldilocks/tmp/sysroots/x86_64-linux/usr/bin/arm-dey-linux-gnueabi/arm-dey-linux-gnueabi-ld: cannot find -lgcc
/home/simon/work/goldilocks/tmp/sysroots/x86_64-linux/usr/bin/arm-dey-linux-gnueabi/arm-dey-linux-gnueabi-ld: cannot find -lc
/home/simon/work/goldilocks/tmp/sysroots/x86_64-linux/usr/bin/arm-dey-linux-gnueabi/arm-dey-linux-gnueabi-ld: cannot find -lgcc
/home/simon/work/goldilocks/tmp/sysroots/x86_64-linux/usr/bin/arm-dey-linux-gnueabi/arm-dey-linux-gnueabi-ld: cannot find crtend.o: No such file or directory
/home/simon/work/goldilocks/tmp/sysroots/x86_64-linux/usr/bin/arm-dey-linux-gnueabi/arm-dey-linux-gnueabi-ld: cannot find crtn.o: No such file or directory
collect2: error: ld returned 1 exit status
configure:3467: $? = 1
configure:3655: checking for suffix of object files
configure:3677:  /home/simon/work/goldilocks/tmp/work/x86_64-linux/gcc-cross-initial-arm/5.2.0-r0/gcc-5.2.0/build.x86_64-linux.arm-dey-linux-gnueabi/./gcc/xgcc -B/home/simon/work/goldilocks/tmp/work/x86_64-linux/gcc-cross-initial-arm/5.2.0-r0/gcc-5.2.0/build.x86_64-linux.arm-dey-linux-gnueabi/./gcc/ -B/home/simon/work/goldilocks/tmp/sysroots/x86_64-linux/usr/arm-dey-linux-gnueabi/bin/ -B/home/simon/work/goldilocks/tmp/sysroots/x86_64-linux/usr/arm-dey-linux-gnueabi/lib/ -isystem /home/simon/work/goldilocks/tmp/sysroots/x86_64-linux/usr/arm-dey-linux-gnueabi/include -isystem /home/simon/work/goldilocks/tmp/sysroots/x86_64-linux/usr/arm-dey-linux-gnueabi/sys-include --sysroot=/home/simon/work/goldilocks/tmp/work/x86_64-linux/gcc-cross-initial-arm/5.2.0-r0/gcc-5.2.0/build.x86_64-linux.arm-dey-linux-gnueabi/tmpsysroot   -c -O2 -pipe -g -feliminate-unused-debug-types -g -Os  conftest.c >&5
configure:3681: $? = 0
configure:3702: result: o
configure:3706: checking whether we are using the GNU C compiler
configure:3725:  /home/simon/work/goldilocks/tmp/work/x86_64-linux/gcc-cross-initial-arm/5.2.0-r0/gcc-5.2.0/build.x86_64-linux.arm-dey-linux-gnueabi/./gcc/xgcc -B/home/simon/work/goldilocks/tmp/work/x86_64-linux/gcc-cross-initial-arm/5.2.0-r0/gcc-5.2.0/build.x86_64-linux.arm-dey-linux-gnueabi/./gcc/ -B/home/simon/work/goldilocks/tmp/sysroots/x86_64-linux/usr/arm-dey-linux-gnueabi/bin/ -B/home/simon/work/goldilocks/tmp/sysroots/x86_64-linux/usr/arm-dey-linux-gnueabi/lib/ -isystem /home/simon/work/goldilocks/tmp/sysroots/x86_64-linux/usr/arm-dey-linux-gnueabi/include -isystem /home/simon/work/goldilocks/tmp/sysroots/x86_64-linux/usr/arm-dey-linux-gnueabi/sys-include --sysroot=/home/simon/work/goldilocks/tmp/work/x86_64-linux/gcc-cross-initial-arm/5.2.0-r0/gcc-5.2.0/build.x86_64-linux.arm-dey-linux-gnueabi/tmpsysroot   -c -O2 -pipe -g -feliminate-unused-debug-types -g -Os  conftest.c >&5
configure:3725: $? = 0
configure:3734: result: yes
configure:3743: checking whether  /home/simon/work/goldilocks/tmp/work/x86_64-linux/gcc-cross-initial-arm/5.2.0-r0/gcc-5.2.0/build.x86_64-linux.arm-dey-linux-gnueabi/./gcc/xgcc -B/home/simon/work/goldilocks/tmp/work/x86_64-linux/gcc-cross-initial-arm/5.2.0-r0/gcc-5.2.0/build.x86_64-linux.arm-dey-linux-gnueabi/./gcc/ -B/home/simon/work/goldilocks/tmp/sysroots/x86_64-linux/usr/arm-dey-linux-gnueabi/bin/ -B/home/simon/work/goldilocks/tmp/sysroots/x86_64-linux/usr/arm-dey-linux-gnueabi/lib/ -isystem /home/simon/work/goldilocks/tmp/sysroots/x86_64-linux/usr/arm-dey-linux-gnueabi/include -isystem /home/simon/work/goldilocks/tmp/sysroots/x86_64-linux/usr/arm-dey-linux-gnueabi/sys-include --sysroot=/home/simon/work/goldilocks/tmp/work/x86_64-linux/gcc-cross-initial-arm/5.2.0-r0/gcc-5.2.0/build.x86_64-linux.arm-dey-linux-gnueabi/tmpsysroot   accepts -g
configure:3763:  /home/simon/work/goldilocks/tmp/work/x86_64-linux/gcc-cross-initial-arm/5.2.0-r0/gcc-5.2.0/build.x86_64-linux.arm-dey-linux-gnueabi/./gcc/xgcc -B/home/simon/work/goldilocks/tmp/work/x86_64-linux/gcc-cross-initial-arm/5.2.0-r0/gcc-5.2.0/build.x86_64-linux.arm-dey-linux-gnueabi/./gcc/ -B/home/simon/work/goldilocks/tmp/sysroots/x86_64-linux/usr/arm-dey-linux-gnueabi/bin/ -B/home/simon/work/goldilocks/tmp/sysroots/x86_64-linux/usr/arm-dey-linux-gnueabi/lib/ -isystem /home/simon/work/goldilocks/tmp/sysroots/x86_64-linux/usr/arm-dey-linux-gnueabi/include -isystem /home/simon/work/goldilocks/tmp/sysroots/x86_64-linux/usr/arm-dey-linux-gnueabi/sys-include --sysroot=/home/simon/work/goldilocks/tmp/work/x86_64-linux/gcc-cross-initial-arm/5.2.0-r0/gcc-5.2.0/build.x86_64-linux.arm-dey-linux-gnueabi/tmpsysroot   -c -g  conftest.c >&5
configure:3763: $? = 0
configure:3804: result: yes
configure:3821: checking for  /home/simon/work/goldilocks/tmp/work/x86_64-linux/gcc-cross-initial-arm/5.2.0-r0/gcc-5.2.0/build.x86_64-linux.arm-dey-linux-gnueabi/./gcc/xgcc -B/home/simon/work/goldilocks/tmp/work/x86_64-linux/gcc-cross-initial-arm/5.2.0-r0/gcc-5.2.0/build.x86_64-linux.arm-dey-linux-gnueabi/./gcc/ -B/home/simon/work/goldilocks/tmp/sysroots/x86_64-linux/usr/arm-dey-linux-gnueabi/bin/ -B/home/simon/work/goldilocks/tmp/sysroots/x86_64-linux/usr/arm-dey-linux-gnueabi/lib/ -isystem /home/simon/work/goldilocks/tmp/sysroots/x86_64-linux/usr/arm-dey-linux-gnueabi/include -isystem /home/simon/work/goldilocks/tmp/sysroots/x86_64-linux/usr/arm-dey-linux-gnueabi/sys-include --sysroot=/home/simon/work/goldilocks/tmp/work/x86_64-linux/gcc-cross-initial-arm/5.2.0-r0/gcc-5.2.0/build.x86_64-linux.arm-dey-linux-gnueabi/tmpsysroot   option to accept ISO C89
configure:3885:  /home/simon/work/goldilocks/tmp/work/x86_64-linux/gcc-cross-initial-arm/5.2.0-r0/gcc-5.2.0/build.x86_64-linux.arm-dey-linux-gnueabi/./gcc/xgcc -B/home/simon/work/goldilocks/tmp/work/x86_64-linux/gcc-cross-initial-arm/5.2.0-r0/gcc-5.2.0/build.x86_64-linux.arm-dey-linux-gnueabi/./gcc/ -B/home/simon/work/goldilocks/tmp/sysroots/x86_64-linux/usr/arm-dey-linux-gnueabi/bin/ -B/home/simon/work/goldilocks/tmp/sysroots/x86_64-linux/usr/arm-dey-linux-gnueabi/lib/ -isystem /home/simon/work/goldilocks/tmp/sysroots/x86_64-linux/usr/arm-dey-linux-gnueabi/include -isystem /home/simon/work/goldilocks/tmp/sysroots/x86_64-linux/usr/arm-dey-linux-gnueabi/sys-include --sysroot=/home/simon/work/goldilocks/tmp/work/x86_64-linux/gcc-cross-initial-arm/5.2.0-r0/gcc-5.2.0/build.x86_64-linux.arm-dey-linux-gnueabi/tmpsysroot    -c -O2 -pipe -g -feliminate-unused-debug-types -g -Os  conftest.c >&5
conftest.c:10:19: fatal error: stdio.h: No such file or directory
compilation terminated.
configure:3885: $? = 1
configure: failed program was:
| /* confdefs.h */
| #define PACKAGE_NAME "GNU C Runtime Library"
| #define PACKAGE_TARNAME "libgcc"
| #define PACKAGE_VERSION "1.0"
| #define PACKAGE_STRING "GNU C Runtime Library 1.0"
| #define PACKAGE_BUGREPORT ""
| #define PACKAGE_URL "http://www.gnu.org/software/libgcc/"
| /* end confdefs.h.  */
| #include <stdarg.h>
| #include <stdio.h>
| #include <sys/types.h>
| #include <sys/stat.h>
| /* Most of the following tests are stolen from RCS 5.7's src/conf.sh.  */
| struct buf { int x; };
| FILE * (*rcsopen) (struct buf *, struct stat *, int);
| static char *e (p, i)
|      char **p;
|      int i;
| {
|   return p[i];
| }
| static char *f (char * (*g) (char **, int), char **p, ...)
| {
|   char *s;
|   va_list v;
|   va_start (v,p);
|   s = g (p, va_arg (v,int));
|   va_end (v);
|   return s;
| }
| 
| /* OSF 4.0 Compaq cc is some sort of almost-ANSI by default.  It has
|    function prototypes and stuff, but not '\xHH' hex character constants.
|    These don't provoke an error unfortunately, instead are silently treated
|    as 'x'.  The following induces an error, until -std is added to get
|    proper ANSI mode.  Curiously '\x00'!='x' always comes out true, for an
|    array size at least.  It's necessary to write '\x00'==0 to get something
|    that's true only with -std.  */
| int osf4_cc_array ['\x00' == 0 ? 1 : -1];
| 
| /* IBM C 6 for AIX is almost-ANSI by default, but it replaces macro parameters
|    inside strings and character constants.  */
| #define FOO(x) 'x'
| int xlc6_cc_array[FOO(a) == 'x' ? 1 : -1];
| 
| int test (int i, double x);
| struct s1 {int (*f) (int a);};
| struct s2 {int (*f) (double a);};
| int pairnames (int, char **, FILE *(*)(struct buf *, struct stat *, int), int, int);
| int argc;
| char **argv;
| int
| main ()
| {
| return f (e, argv, 0) != argv[0]  ||  f (e, argv, 1) != argv[1];
|   ;
|   return 0;
| }
configure:3885:  /home/simon/work/goldilocks/tmp/work/x86_64-linux/gcc-cross-initial-arm/5.2.0-r0/gcc-5.2.0/build.x86_64-linux.arm-dey-linux-gnueabi/./gcc/xgcc -B/home/simon/work/goldilocks/tmp/work/x86_64-linux/gcc-cross-initial-arm/5.2.0-r0/gcc-5.2.0/build.x86_64-linux.arm-dey-linux-gnueabi/./gcc/ -B/home/simon/work/goldilocks/tmp/sysroots/x86_64-linux/usr/arm-dey-linux-gnueabi/bin/ -B/home/simon/work/goldilocks/tmp/sysroots/x86_64-linux/usr/arm-dey-linux-gnueabi/lib/ -isystem /home/simon/work/goldilocks/tmp/sysroots/x86_64-linux/usr/arm-dey-linux-gnueabi/include -isystem /home/simon/work/goldilocks/tmp/sysroots/x86_64-linux/usr/arm-dey-linux-gnueabi/sys-include --sysroot=/home/simon/work/goldilocks/tmp/work/x86_64-linux/gcc-cross-initial-arm/5.2.0-r0/gcc-5.2.0/build.x86_64-linux.arm-dey-linux-gnueabi/tmpsysroot   -qlanglvl=extc89 -c -O2 -pipe -g -feliminate-unused-debug-types -g -Os  conftest.c >&5
xgcc: error: unrecognized command line option '-qlanglvl=extc89'
configure:3885: $? = 1
configure: failed program was:
| /* confdefs.h */
| #define PACKAGE_NAME "GNU C Runtime Library"
| #define PACKAGE_TARNAME "libgcc"
| #define PACKAGE_VERSION "1.0"
| #define PACKAGE_STRING "GNU C Runtime Library 1.0"
| #define PACKAGE_BUGREPORT ""
| #define PACKAGE_URL "http://www.gnu.org/software/libgcc/"
| /* end confdefs.h.  */
| #include <stdarg.h>
| #include <stdio.h>
| #include <sys/types.h>
| #include <sys/stat.h>
| /* Most of the following tests are stolen from RCS 5.7's src/conf.sh.  */
| struct buf { int x; };
| FILE * (*rcsopen) (struct buf *, struct stat *, int);
| static char *e (p, i)
|      char **p;
|      int i;
| {
|   return p[i];
| }
| static char *f (char * (*g) (char **, int), char **p, ...)
| {
|   char *s;
|   va_list v;
|   va_start (v,p);
|   s = g (p, va_arg (v,int));
|   va_end (v);
|   return s;
| }
| 
| /* OSF 4.0 Compaq cc is some sort of almost-ANSI by default.  It has
|    function prototypes and stuff, but not '\xHH' hex character constants.
|    These don't provoke an error unfortunately, instead are silently treated
|    as 'x'.  The following induces an error, until -std is added to get
|    proper ANSI mode.  Curiously '\x00'!='x' always comes out true, for an
|    array size at least.  It's necessary to write '\x00'==0 to get something
|    that's true only with -std.  */
| int osf4_cc_array ['\x00' == 0 ? 1 : -1];
| 
| /* IBM C 6 for AIX is almost-ANSI by default, but it replaces macro parameters
|    inside strings and character constants.  */
| #define FOO(x) 'x'
| int xlc6_cc_array[FOO(a) == 'x' ? 1 : -1];
| 
| int test (int i, double x);
| struct s1 {int (*f) (int a);};
| struct s2 {int (*f) (double a);};
| int pairnames (int, char **, FILE *(*)(struct buf *, struct stat *, int), int, int);
| int argc;
| char **argv;
| int
| main ()
| {
| return f (e, argv, 0) != argv[0]  ||  f (e, argv, 1) != argv[1];
|   ;
|   return 0;
| }
configure:3885:  /home/simon/work/goldilocks/tmp/work/x86_64-linux/gcc-cross-initial-arm/5.2.0-r0/gcc-5.2.0/build.x86_64-linux.arm-dey-linux-gnueabi/./gcc/xgcc -B/home/simon/work/goldilocks/tmp/work/x86_64-linux/gcc-cross-initial-arm/5.2.0-r0/gcc-5.2.0/build.x86_64-linux.arm-dey-linux-gnueabi/./gcc/ -B/home/simon/work/goldilocks/tmp/sysroots/x86_64-linux/usr/arm-dey-linux-gnueabi/bin/ -B/home/simon/work/goldilocks/tmp/sysroots/x86_64-linux/usr/arm-dey-linux-gnueabi/lib/ -isystem /home/simon/work/goldilocks/tmp/sysroots/x86_64-linux/usr/arm-dey-linux-gnueabi/include -isystem /home/simon/work/goldilocks/tmp/sysroots/x86_64-linux/usr/arm-dey-linux-gnueabi/sys-include --sysroot=/home/simon/work/goldilocks/tmp/work/x86_64-linux/gcc-cross-initial-arm/5.2.0-r0/gcc-5.2.0/build.x86_64-linux.arm-dey-linux-gnueabi/tmpsysroot   -qlanglvl=ansi -c -O2 -pipe -g -feliminate-unused-debug-types -g -Os  conftest.c >&5
xgcc: error: unrecognized command line option '-qlanglvl=ansi'
configure:3885: $? = 1
configure: failed program was:
| /* confdefs.h */
| #define PACKAGE_NAME "GNU C Runtime Library"
| #define PACKAGE_TARNAME "libgcc"
| #define PACKAGE_VERSION "1.0"
| #define PACKAGE_STRING "GNU C Runtime Library 1.0"
| #define PACKAGE_BUGREPORT ""
| #define PACKAGE_URL "http://www.gnu.org/software/libgcc/"
| /* end confdefs.h.  */
| #include <stdarg.h>
| #include <stdio.h>
| #include <sys/types.h>
| #include <sys/stat.h>
| /* Most of the following tests are stolen from RCS 5.7's src/conf.sh.  */
| struct buf { int x; };
| FILE * (*rcsopen) (struct buf *, struct stat *, int);
| static char *e (p, i)
|      char **p;
|      int i;
| {
|   return p[i];
| }
| static char *f (char * (*g) (char **, int), char **p, ...)
| {
|   char *s;
|   va_list v;
|   va_start (v,p);
|   s = g (p, va_arg (v,int));
|   va_end (v);
|   return s;
| }
| 
| /* OSF 4.0 Compaq cc is some sort of almost-ANSI by default.  It has
|    function prototypes and stuff, but not '\xHH' hex character constants.
|    These don't provoke an error unfortunately, instead are silently treated
|    as 'x'.  The following induces an error, until -std is added to get
|    proper ANSI mode.  Curiously '\x00'!='x' always comes out true, for an
|    array size at least.  It's necessary to write '\x00'==0 to get something
|    that's true only with -std.  */
| int osf4_cc_array ['\x00' == 0 ? 1 : -1];
| 
| /* IBM C 6 for AIX is almost-ANSI by default, but it replaces macro parameters
|    inside strings and character constants.  */
| #define FOO(x) 'x'
| int xlc6_cc_array[FOO(a) == 'x' ? 1 : -1];
| 
| int test (int i, double x);
| struct s1 {int (*f) (int a);};
| struct s2 {int (*f) (double a);};
| int pairnames (int, char **, FILE *(*)(struct buf *, struct stat *, int), int, int);
| int argc;
| char **argv;
| int
| main ()
| {
| return f (e, argv, 0) != argv[0]  ||  f (e, argv, 1) != argv[1];
|   ;
|   return 0;
| }
configure:3885:  /home/simon/work/goldilocks/tmp/work/x86_64-linux/gcc-cross-initial-arm/5.2.0-r0/gcc-5.2.0/build.x86_64-linux.arm-dey-linux-gnueabi/./gcc/xgcc -B/home/simon/work/goldilocks/tmp/work/x86_64-linux/gcc-cross-initial-arm/5.2.0-r0/gcc-5.2.0/build.x86_64-linux.arm-dey-linux-gnueabi/./gcc/ -B/home/simon/work/goldilocks/tmp/sysroots/x86_64-linux/usr/arm-dey-linux-gnueabi/bin/ -B/home/simon/work/goldilocks/tmp/sysroots/x86_64-linux/usr/arm-dey-linux-gnueabi/lib/ -isystem /home/simon/work/goldilocks/tmp/sysroots/x86_64-linux/usr/arm-dey-linux-gnueabi/include -isystem /home/simon/work/goldilocks/tmp/sysroots/x86_64-linux/usr/arm-dey-linux-gnueabi/sys-include --sysroot=/home/simon/work/goldilocks/tmp/work/x86_64-linux/gcc-cross-initial-arm/5.2.0-r0/gcc-5.2.0/build.x86_64-linux.arm-dey-linux-gnueabi/tmpsysroot   -std -c -O2 -pipe -g -feliminate-unused-debug-types -g -Os  conftest.c >&5
xgcc: error: unrecognized command line option '-std'
configure:3885: $? = 1
configure: failed program was:
| /* confdefs.h */
| #define PACKAGE_NAME "GNU C Runtime Library"
| #define PACKAGE_TARNAME "libgcc"
| #define PACKAGE_VERSION "1.0"
| #define PACKAGE_STRING "GNU C Runtime Library 1.0"
| #define PACKAGE_BUGREPORT ""
| #define PACKAGE_URL "http://www.gnu.org/software/libgcc/"
| /* end confdefs.h.  */
| #include <stdarg.h>
| #include <stdio.h>
| #include <sys/types.h>
| #include <sys/stat.h>
| /* Most of the following tests are stolen from RCS 5.7's src/conf.sh.  */
| struct buf { int x; };
| FILE * (*rcsopen) (struct buf *, struct stat *, int);
| static char *e (p, i)
|      char **p;
|      int i;
| {
|   return p[i];
| }
| static char *f (char * (*g) (char **, int), char **p, ...)
| {
|   char *s;
|   va_list v;
|   va_start (v,p);
|   s = g (p, va_arg (v,int));
|   va_end (v);
|   return s;
| }
| 
| /* OSF 4.0 Compaq cc is some sort of almost-ANSI by default.  It has
|    function prototypes and stuff, but not '\xHH' hex character constants.
|    These don't provoke an error unfortunately, instead are silently treated
|    as 'x'.  The following induces an error, until -std is added to get
|    proper ANSI mode.  Curiously '\x00'!='x' always comes out true, for an
|    array size at least.  It's necessary to write '\x00'==0 to get something
|    that's true only with -std.  */
| int osf4_cc_array ['\x00' == 0 ? 1 : -1];
| 
| /* IBM C 6 for AIX is almost-ANSI by default, but it replaces macro parameters
|    inside strings and character constants.  */
| #define FOO(x) 'x'
| int xlc6_cc_array[FOO(a) == 'x' ? 1 : -1];
| 
| int test (int i, double x);
| struct s1 {int (*f) (int a);};
| struct s2 {int (*f) (double a);};
| int pairnames (int, char **, FILE *(*)(struct buf *, struct stat *, int), int, int);
| int argc;
| char **argv;
| int
| main ()
| {
| return f (e, argv, 0) != argv[0]  ||  f (e, argv, 1) != argv[1];
|   ;
|   return 0;
| }
configure:3885:  /home/simon/work/goldilocks/tmp/work/x86_64-linux/gcc-cross-initial-arm/5.2.0-r0/gcc-5.2.0/build.x86_64-linux.arm-dey-linux-gnueabi/./gcc/xgcc -B/home/simon/work/goldilocks/tmp/work/x86_64-linux/gcc-cross-initial-arm/5.2.0-r0/gcc-5.2.0/build.x86_64-linux.arm-dey-linux-gnueabi/./gcc/ -B/home/simon/work/goldilocks/tmp/sysroots/x86_64-linux/usr/arm-dey-linux-gnueabi/bin/ -B/home/simon/work/goldilocks/tmp/sysroots/x86_64-linux/usr/arm-dey-linux-gnueabi/lib/ -isystem /home/simon/work/goldilocks/tmp/sysroots/x86_64-linux/usr/arm-dey-linux-gnueabi/include -isystem /home/simon/work/goldilocks/tmp/sysroots/x86_64-linux/usr/arm-dey-linux-gnueabi/sys-include --sysroot=/home/simon/work/goldilocks/tmp/work/x86_64-linux/gcc-cross-initial-arm/5.2.0-r0/gcc-5.2.0/build.x86_64-linux.arm-dey-linux-gnueabi/tmpsysroot   -Ae -c -O2 -pipe -g -feliminate-unused-debug-types -g -Os  conftest.c >&5
<command-line>:0:1: error: missing '(' after predicate
conftest.c:10:19: fatal error: stdio.h: No such file or directory
compilation terminated.
configure:3885: $? = 1
configure: failed program was:
| /* confdefs.h */
| #define PACKAGE_NAME "GNU C Runtime Library"
| #define PACKAGE_TARNAME "libgcc"
| #define PACKAGE_VERSION "1.0"
| #define PACKAGE_STRING "GNU C Runtime Library 1.0"
| #define PACKAGE_BUGREPORT ""
| #define PACKAGE_URL "http://www.gnu.org/software/libgcc/"
| /* end confdefs.h.  */
| #include <stdarg.h>
| #include <stdio.h>
| #include <sys/types.h>
| #include <sys/stat.h>
| /* Most of the following tests are stolen from RCS 5.7's src/conf.sh.  */
| struct buf { int x; };
| FILE * (*rcsopen) (struct buf *, struct stat *, int);
| static char *e (p, i)
|      char **p;
|      int i;
| {
|   return p[i];
| }
| static char *f (char * (*g) (char **, int), char **p, ...)
| {
|   char *s;
|   va_list v;
|   va_start (v,p);
|   s = g (p, va_arg (v,int));
|   va_end (v);
|   return s;
| }
| 
| /* OSF 4.0 Compaq cc is some sort of almost-ANSI by default.  It has
|    function prototypes and stuff, but not '\xHH' hex character constants.
|    These don't provoke an error unfortunately, instead are silently treated
|    as 'x'.  The following induces an error, until -std is added to get
|    proper ANSI mode.  Curiously '\x00'!='x' always comes out true, for an
|    array size at least.  It's necessary to write '\x00'==0 to get something
|    that's true only with -std.  */
| int osf4_cc_array ['\x00' == 0 ? 1 : -1];
| 
| /* IBM C 6 for AIX is almost-ANSI by default, but it replaces macro parameters
|    inside strings and character constants.  */
| #define FOO(x) 'x'
| int xlc6_cc_array[FOO(a) == 'x' ? 1 : -1];
| 
| int test (int i, double x);
| struct s1 {int (*f) (int a);};
| struct s2 {int (*f) (double a);};
| int pairnames (int, char **, FILE *(*)(struct buf *, struct stat *, int), int, int);
| int argc;
| char **argv;
| int
| main ()
| {
| return f (e, argv, 0) != argv[0]  ||  f (e, argv, 1) != argv[1];
|   ;
|   return 0;
| }
configure:3885:  /home/simon/work/goldilocks/tmp/work/x86_64-linux/gcc-cross-initial-arm/5.2.0-r0/gcc-5.2.0/build.x86_64-linux.arm-dey-linux-gnueabi/./gcc/xgcc -B/home/simon/work/goldilocks/tmp/work/x86_64-linux/gcc-cross-initial-arm/5.2.0-r0/gcc-5.2.0/build.x86_64-linux.arm-dey-linux-gnueabi/./gcc/ -B/home/simon/work/goldilocks/tmp/sysroots/x86_64-linux/usr/arm-dey-linux-gnueabi/bin/ -B/home/simon/work/goldilocks/tmp/sysroots/x86_64-linux/usr/arm-dey-linux-gnueabi/lib/ -isystem /home/simon/work/goldilocks/tmp/sysroots/x86_64-linux/usr/arm-dey-linux-gnueabi/include -isystem /home/simon/work/goldilocks/tmp/sysroots/x86_64-linux/usr/arm-dey-linux-gnueabi/sys-include --sysroot=/home/simon/work/goldilocks/tmp/work/x86_64-linux/gcc-cross-initial-arm/5.2.0-r0/gcc-5.2.0/build.x86_64-linux.arm-dey-linux-gnueabi/tmpsysroot   -Aa -D_HPUX_SOURCE -c -O2 -pipe -g -feliminate-unused-debug-types -g -Os  conftest.c >&5
<command-line>:0:1: error: missing '(' after predicate
conftest.c:10:19: fatal error: stdio.h: No such file or directory
compilation terminated.
configure:3885: $? = 1
configure: failed program was:
| /* confdefs.h */
| #define PACKAGE_NAME "GNU C Runtime Library"
| #define PACKAGE_TARNAME "libgcc"
| #define PACKAGE_VERSION "1.0"
| #define PACKAGE_STRING "GNU C Runtime Library 1.0"
| #define PACKAGE_BUGREPORT ""
| #define PACKAGE_URL "http://www.gnu.org/software/libgcc/"
| /* end confdefs.h.  */
| #include <stdarg.h>
| #include <stdio.h>
| #include <sys/types.h>
| #include <sys/stat.h>
| /* Most of the following tests are stolen from RCS 5.7's src/conf.sh.  */
| struct buf { int x; };
| FILE * (*rcsopen) (struct buf *, struct stat *, int);
| static char *e (p, i)
|      char **p;
|      int i;
| {
|   return p[i];
| }
| static char *f (char * (*g) (char **, int), char **p, ...)
| {
|   char *s;
|   va_list v;
|   va_start (v,p);
|   s = g (p, va_arg (v,int));
|   va_end (v);
|   return s;
| }
| 
| /* OSF 4.0 Compaq cc is some sort of almost-ANSI by default.  It has
|    function prototypes and stuff, but not '\xHH' hex character constants.
|    These don't provoke an error unfortunately, instead are silently treated
|    as 'x'.  The following induces an error, until -std is added to get
|    proper ANSI mode.  Curiously '\x00'!='x' always comes out true, for an
|    array size at least.  It's necessary to write '\x00'==0 to get something
|    that's true only with -std.  */
| int osf4_cc_array ['\x00' == 0 ? 1 : -1];
| 
| /* IBM C 6 for AIX is almost-ANSI by default, but it replaces macro parameters
|    inside strings and character constants.  */
| #define FOO(x) 'x'
| int xlc6_cc_array[FOO(a) == 'x' ? 1 : -1];
| 
| int test (int i, double x);
| struct s1 {int (*f) (int a);};
| struct s2 {int (*f) (double a);};
| int pairnames (int, char **, FILE *(*)(struct buf *, struct stat *, int), int, int);
| int argc;
| char **argv;
| int
| main ()
| {
| return f (e, argv, 0) != argv[0]  ||  f (e, argv, 1) != argv[1];
|   ;
|   return 0;
| }
configure:3885:  /home/simon/work/goldilocks/tmp/work/x86_64-linux/gcc-cross-initial-arm/5.2.0-r0/gcc-5.2.0/build.x86_64-linux.arm-dey-linux-gnueabi/./gcc/xgcc -B/home/simon/work/goldilocks/tmp/work/x86_64-linux/gcc-cross-initial-arm/5.2.0-r0/gcc-5.2.0/build.x86_64-linux.arm-dey-linux-gnueabi/./gcc/ -B/home/simon/work/goldilocks/tmp/sysroots/x86_64-linux/usr/arm-dey-linux-gnueabi/bin/ -B/home/simon/work/goldilocks/tmp/sysroots/x86_64-linux/usr/arm-dey-linux-gnueabi/lib/ -isystem /home/simon/work/goldilocks/tmp/sysroots/x86_64-linux/usr/arm-dey-linux-gnueabi/include -isystem /home/simon/work/goldilocks/tmp/sysroots/x86_64-linux/usr/arm-dey-linux-gnueabi/sys-include --sysroot=/home/simon/work/goldilocks/tmp/work/x86_64-linux/gcc-cross-initial-arm/5.2.0-r0/gcc-5.2.0/build.x86_64-linux.arm-dey-linux-gnueabi/tmpsysroot   -Xc -D__EXTENSIONS__ -c -O2 -pipe -g -feliminate-unused-debug-types -g -Os  conftest.c >&5
xgcc: error: unrecognized command line option '-Xc'
configure:3885: $? = 1
configure: failed program was:
| /* confdefs.h */
| #define PACKAGE_NAME "GNU C Runtime Library"
| #define PACKAGE_TARNAME "libgcc"
| #define PACKAGE_VERSION "1.0"
| #define PACKAGE_STRING "GNU C Runtime Library 1.0"
| #define PACKAGE_BUGREPORT ""
| #define PACKAGE_URL "http://www.gnu.org/software/libgcc/"
| /* end confdefs.h.  */
| #include <stdarg.h>
| #include <stdio.h>
| #include <sys/types.h>
| #include <sys/stat.h>
| /* Most of the following tests are stolen from RCS 5.7's src/conf.sh.  */
| struct buf { int x; };
| FILE * (*rcsopen) (struct buf *, struct stat *, int);
| static char *e (p, i)
|      char **p;
|      int i;
| {
|   return p[i];
| }
| static char *f (char * (*g) (char **, int), char **p, ...)
| {
|   char *s;
|   va_list v;
|   va_start (v,p);
|   s = g (p, va_arg (v,int));
|   va_end (v);
|   return s;
| }
| 
| /* OSF 4.0 Compaq cc is some sort of almost-ANSI by default.  It has
|    function prototypes and stuff, but not '\xHH' hex character constants.
|    These don't provoke an error unfortunately, instead are silently treated
|    as 'x'.  The following induces an error, until -std is added to get
|    proper ANSI mode.  Curiously '\x00'!='x' always comes out true, for an
|    array size at least.  It's necessary to write '\x00'==0 to get something
|    that's true only with -std.  */
| int osf4_cc_array ['\x00' == 0 ? 1 : -1];
| 
| /* IBM C 6 for AIX is almost-ANSI by default, but it replaces macro parameters
|    inside strings and character constants.  */
| #define FOO(x) 'x'
| int xlc6_cc_array[FOO(a) == 'x' ? 1 : -1];
| 
| int test (int i, double x);
| struct s1 {int (*f) (int a);};
| struct s2 {int (*f) (double a);};
| int pairnames (int, char **, FILE *(*)(struct buf *, struct stat *, int), int, int);
| int argc;
| char **argv;
| int
| main ()
| {
| return f (e, argv, 0) != argv[0]  ||  f (e, argv, 1) != argv[1];
|   ;
|   return 0;
| }
configure:3901: result: unsupported
configure:3923: checking how to run the C preprocessor
configure:3993: result: gcc -E 
configure:4013: gcc -E   conftest.c
configure:4013: $? = 0
configure:4027: gcc -E   conftest.c
conftest.c:9:28: fatal error: ac_nonexistent.h: No such file or directory
 #include <ac_nonexistent.h>
                            ^
compilation terminated.
configure:4027: $? = 1
configure: failed program was:
| /* confdefs.h */
| #define PACKAGE_NAME "GNU C Runtime Library"
| #define PACKAGE_TARNAME "libgcc"
| #define PACKAGE_VERSION "1.0"
| #define PACKAGE_STRING "GNU C Runtime Library 1.0"
| #define PACKAGE_BUGREPORT ""
| #define PACKAGE_URL "http://www.gnu.org/software/libgcc/"
| /* end confdefs.h.  */
| #include <ac_nonexistent.h>
configure:4064: checking size of double
configure:4069:  /home/simon/work/goldilocks/tmp/work/x86_64-linux/gcc-cross-initial-arm/5.2.0-r0/gcc-5.2.0/build.x86_64-linux.arm-dey-linux-gnueabi/./gcc/xgcc -B/home/simon/work/goldilocks/tmp/work/x86_64-linux/gcc-cross-initial-arm/5.2.0-r0/gcc-5.2.0/build.x86_64-linux.arm-dey-linux-gnueabi/./gcc/ -B/home/simon/work/goldilocks/tmp/sysroots/x86_64-linux/usr/arm-dey-linux-gnueabi/bin/ -B/home/simon/work/goldilocks/tmp/sysroots/x86_64-linux/usr/arm-dey-linux-gnueabi/lib/ -isystem /home/simon/work/goldilocks/tmp/sysroots/x86_64-linux/usr/arm-dey-linux-gnueabi/include -isystem /home/simon/work/goldilocks/tmp/sysroots/x86_64-linux/usr/arm-dey-linux-gnueabi/sys-include --sysroot=/home/simon/work/goldilocks/tmp/work/x86_64-linux/gcc-cross-initial-arm/5.2.0-r0/gcc-5.2.0/build.x86_64-linux.arm-dey-linux-gnueabi/tmpsysroot   -c -O2 -pipe -g -feliminate-unused-debug-types -g -Os  conftest.c >&5
configure:4069: $? = 0
configure:4069:  /home/simon/work/goldilocks/tmp/work/x86_64-linux/gcc-cross-initial-arm/5.2.0-r0/gcc-5.2.0/build.x86_64-linux.arm-dey-linux-gnueabi/./gcc/xgcc -B/home/simon/work/goldilocks/tmp/work/x86_64-linux/gcc-cross-initial-arm/5.2.0-r0/gcc-5.2.0/build.x86_64-linux.arm-dey-linux-gnueabi/./gcc/ -B/home/simon/work/goldilocks/tmp/sysroots/x86_64-linux/usr/arm-dey-linux-gnueabi/bin/ -B/home/simon/work/goldilocks/tmp/sysroots/x86_64-linux/usr/arm-dey-linux-gnueabi/lib/ -isystem /home/simon/work/goldilocks/tmp/sysroots/x86_64-linux/usr/arm-dey-linux-gnueabi/include -isystem /home/simon/work/goldilocks/tmp/sysroots/x86_64-linux/usr/arm-dey-linux-gnueabi/sys-include --sysroot=/home/simon/work/goldilocks/tmp/work/x86_64-linux/gcc-cross-initial-arm/5.2.0-r0/gcc-5.2.0/build.x86_64-linux.arm-dey-linux-gnueabi/tmpsysroot   -c -O2 -pipe -g -feliminate-unused-debug-types -g -Os  conftest.c >&5
conftest.c: In function 'main':
conftest.c:13:12: error: size of array 'test_array' is negative
 static int test_array [1 - 2 * !(((long int) (sizeof (double))) <= 0)];
            ^
configure:4069: $? = 1
configure: failed program was:
| /* confdefs.h */
| #define PACKAGE_NAME "GNU C Runtime Library"
| #define PACKAGE_TARNAME "libgcc"
| #define PACKAGE_VERSION "1.0"
| #define PACKAGE_STRING "GNU C Runtime Library 1.0"
| #define PACKAGE_BUGREPORT ""
| #define PACKAGE_URL "http://www.gnu.org/software/libgcc/"
| /* end confdefs.h.  */
| /* none */
| int
| main ()
| {
| static int test_array [1 - 2 * !(((long int) (sizeof (double))) <= 0)];
| test_array [0] = 0
| 
|   ;
|   return 0;
| }
configure:4069:  /home/simon/work/goldilocks/tmp/work/x86_64-linux/gcc-cross-initial-arm/5.2.0-r0/gcc-5.2.0/build.x86_64-linux.arm-dey-linux-gnueabi/./gcc/xgcc -B/home/simon/work/goldilocks/tmp/work/x86_64-linux/gcc-cross-initial-arm/5.2.0-r0/gcc-5.2.0/build.x86_64-linux.arm-dey-linux-gnueabi/./gcc/ -B/home/simon/work/goldilocks/tmp/sysroots/x86_64-linux/usr/arm-dey-linux-gnueabi/bin/ -B/home/simon/work/goldilocks/tmp/sysroots/x86_64-linux/usr/arm-dey-linux-gnueabi/lib/ -isystem /home/simon/work/goldilocks/tmp/sysroots/x86_64-linux/usr/arm-dey-linux-gnueabi/include -isystem /home/simon/work/goldilocks/tmp/sysroots/x86_64-linux/usr/arm-dey-linux-gnueabi/sys-include --sysroot=/home/simon/work/goldilocks/tmp/work/x86_64-linux/gcc-cross-initial-arm/5.2.0-r0/gcc-5.2.0/build.x86_64-linux.arm-dey-linux-gnueabi/tmpsysroot   -c -O2 -pipe -g -feliminate-unused-debug-types -g -Os  conftest.c >&5
conftest.c: In function 'main':
conftest.c:13:12: error: size of array 'test_array' is negative
 static int test_array [1 - 2 * !(((long int) (sizeof (double))) <= 1)];
            ^
configure:4069: $? = 1
configure: failed program was:
| /* confdefs.h */
| #define PACKAGE_NAME "GNU C Runtime Library"
| #define PACKAGE_TARNAME "libgcc"
| #define PACKAGE_VERSION "1.0"
| #define PACKAGE_STRING "GNU C Runtime Library 1.0"
| #define PACKAGE_BUGREPORT ""
| #define PACKAGE_URL "http://www.gnu.org/software/libgcc/"
| /* end confdefs.h.  */
| /* none */
| int
| main ()
| {
| static int test_array [1 - 2 * !(((long int) (sizeof (double))) <= 1)];
| test_array [0] = 0
| 
|   ;
|   return 0;
| }
configure:4069:  /home/simon/work/goldilocks/tmp/work/x86_64-linux/gcc-cross-initial-arm/5.2.0-r0/gcc-5.2.0/build.x86_64-linux.arm-dey-linux-gnueabi/./gcc/xgcc -B/home/simon/work/goldilocks/tmp/work/x86_64-linux/gcc-cross-initial-arm/5.2.0-r0/gcc-5.2.0/build.x86_64-linux.arm-dey-linux-gnueabi/./gcc/ -B/home/simon/work/goldilocks/tmp/sysroots/x86_64-linux/usr/arm-dey-linux-gnueabi/bin/ -B/home/simon/work/goldilocks/tmp/sysroots/x86_64-linux/usr/arm-dey-linux-gnueabi/lib/ -isystem /home/simon/work/goldilocks/tmp/sysroots/x86_64-linux/usr/arm-dey-linux-gnueabi/include -isystem /home/simon/work/goldilocks/tmp/sysroots/x86_64-linux/usr/arm-dey-linux-gnueabi/sys-include --sysroot=/home/simon/work/goldilocks/tmp/work/x86_64-linux/gcc-cross-initial-arm/5.2.0-r0/gcc-5.2.0/build.x86_64-linux.arm-dey-linux-gnueabi/tmpsysroot   -c -O2 -pipe -g -feliminate-unused-debug-types -g -Os  conftest.c >&5
conftest.c: In function 'main':
conftest.c:13:12: error: size of array 'test_array' is negative
 static int test_array [1 - 2 * !(((long int) (sizeof (double))) <= 3)];
            ^
configure:4069: $? = 1
configure: failed program was:
| /* confdefs.h */
| #define PACKAGE_NAME "GNU C Runtime Library"
| #define PACKAGE_TARNAME "libgcc"
| #define PACKAGE_VERSION "1.0"
| #define PACKAGE_STRING "GNU C Runtime Library 1.0"
| #define PACKAGE_BUGREPORT ""
| #define PACKAGE_URL "http://www.gnu.org/software/libgcc/"
| /* end confdefs.h.  */
| /* none */
| int
| main ()
| {
| static int test_array [1 - 2 * !(((long int) (sizeof (double))) <= 3)];
| test_array [0] = 0
| 
|   ;
|   return 0;
| }
configure:4069:  /home/simon/work/goldilocks/tmp/work/x86_64-linux/gcc-cross-initial-arm/5.2.0-r0/gcc-5.2.0/build.x86_64-linux.arm-dey-linux-gnueabi/./gcc/xgcc -B/home/simon/work/goldilocks/tmp/work/x86_64-linux/gcc-cross-initial-arm/5.2.0-r0/gcc-5.2.0/build.x86_64-linux.arm-dey-linux-gnueabi/./gcc/ -B/home/simon/work/goldilocks/tmp/sysroots/x86_64-linux/usr/arm-dey-linux-gnueabi/bin/ -B/home/simon/work/goldilocks/tmp/sysroots/x86_64-linux/usr/arm-dey-linux-gnueabi/lib/ -isystem /home/simon/work/goldilocks/tmp/sysroots/x86_64-linux/usr/arm-dey-linux-gnueabi/include -isystem /home/simon/work/goldilocks/tmp/sysroots/x86_64-linux/usr/arm-dey-linux-gnueabi/sys-include --sysroot=/home/simon/work/goldilocks/tmp/work/x86_64-linux/gcc-cross-initial-arm/5.2.0-r0/gcc-5.2.0/build.x86_64-linux.arm-dey-linux-gnueabi/tmpsysroot   -c -O2 -pipe -g -feliminate-unused-debug-types -g -Os  conftest.c >&5
conftest.c: In function 'main':
conftest.c:13:12: error: size of array 'test_array' is negative
 static int test_array [1 - 2 * !(((long int) (sizeof (double))) <= 7)];
            ^
configure:4069: $? = 1
configure: failed program was:
| /* confdefs.h */
| #define PACKAGE_NAME "GNU C Runtime Library"
| #define PACKAGE_TARNAME "libgcc"
| #define PACKAGE_VERSION "1.0"
| #define PACKAGE_STRING "GNU C Runtime Library 1.0"
| #define PACKAGE_BUGREPORT ""
| #define PACKAGE_URL "http://www.gnu.org/software/libgcc/"
| /* end confdefs.h.  */
| /* none */
| int
| main ()
| {
| static int test_array [1 - 2 * !(((long int) (sizeof (double))) <= 7)];
| test_array [0] = 0
| 
|   ;
|   return 0;
| }
configure:4069:  /home/simon/work/goldilocks/tmp/work/x86_64-linux/gcc-cross-initial-arm/5.2.0-r0/gcc-5.2.0/build.x86_64-linux.arm-dey-linux-gnueabi/./gcc/xgcc -B/home/simon/work/goldilocks/tmp/work/x86_64-linux/gcc-cross-initial-arm/5.2.0-r0/gcc-5.2.0/build.x86_64-linux.arm-dey-linux-gnueabi/./gcc/ -B/home/simon/work/goldilocks/tmp/sysroots/x86_64-linux/usr/arm-dey-linux-gnueabi/bin/ -B/home/simon/work/goldilocks/tmp/sysroots/x86_64-linux/usr/arm-dey-linux-gnueabi/lib/ -isystem /home/simon/work/goldilocks/tmp/sysroots/x86_64-linux/usr/arm-dey-linux-gnueabi/include -isystem /home/simon/work/goldilocks/tmp/sysroots/x86_64-linux/usr/arm-dey-linux-gnueabi/sys-include --sysroot=/home/simon/work/goldilocks/tmp/work/x86_64-linux/gcc-cross-initial-arm/5.2.0-r0/gcc-5.2.0/build.x86_64-linux.arm-dey-linux-gnueabi/tmpsysroot   -c -O2 -pipe -g -feliminate-unused-debug-types -g -Os  conftest.c >&5
configure:4069: $? = 0
configure:4069:  /home/simon/work/goldilocks/tmp/work/x86_64-linux/gcc-cross-initial-arm/5.2.0-r0/gcc-5.2.0/build.x86_64-linux.arm-dey-linux-gnueabi/./gcc/xgcc -B/home/simon/work/goldilocks/tmp/work/x86_64-linux/gcc-cross-initial-arm/5.2.0-r0/gcc-5.2.0/build.x86_64-linux.arm-dey-linux-gnueabi/./gcc/ -B/home/simon/work/goldilocks/tmp/sysroots/x86_64-linux/usr/arm-dey-linux-gnueabi/bin/ -B/home/simon/work/goldilocks/tmp/sysroots/x86_64-linux/usr/arm-dey-linux-gnueabi/lib/ -isystem /home/simon/work/goldilocks/tmp/sysroots/x86_64-linux/usr/arm-dey-linux-gnueabi/include -isystem /home/simon/work/goldilocks/tmp/sysroots/x86_64-linux/usr/arm-dey-linux-gnueabi/sys-include --sysroot=/home/simon/work/goldilocks/tmp/work/x86_64-linux/gcc-cross-initial-arm/5.2.0-r0/gcc-5.2.0/build.x86_64-linux.arm-dey-linux-gnueabi/tmpsysroot   -c -O2 -pipe -g -feliminate-unused-debug-types -g -Os  conftest.c >&5
configure:4069: $? = 0
configure:4069:  /home/simon/work/goldilocks/tmp/work/x86_64-linux/gcc-cross-initial-arm/5.2.0-r0/gcc-5.2.0/build.x86_64-linux.arm-dey-linux-gnueabi/./gcc/xgcc -B/home/simon/work/goldilocks/tmp/work/x86_64-linux/gcc-cross-initial-arm/5.2.0-r0/gcc-5.2.0/build.x86_64-linux.arm-dey-linux-gnueabi/./gcc/ -B/home/simon/work/goldilocks/tmp/sysroots/x86_64-linux/usr/arm-dey-linux-gnueabi/bin/ -B/home/simon/work/goldilocks/tmp/sysroots/x86_64-linux/usr/arm-dey-linux-gnueabi/lib/ -isystem /home/simon/work/goldilocks/tmp/sysroots/x86_64-linux/usr/arm-dey-linux-gnueabi/include -isystem /home/simon/work/goldilocks/tmp/sysroots/x86_64-linux/usr/arm-dey-linux-gnueabi/sys-include --sysroot=/home/simon/work/goldilocks/tmp/work/x86_64-linux/gcc-cross-initial-arm/5.2.0-r0/gcc-5.2.0/build.x86_64-linux.arm-dey-linux-gnueabi/tmpsysroot   -c -O2 -pipe -g -feliminate-unused-debug-types -g -Os  conftest.c >&5
configure:4069: $? = 0
configure:4069:  /home/simon/work/goldilocks/tmp/work/x86_64-linux/gcc-cross-initial-arm/5.2.0-r0/gcc-5.2.0/build.x86_64-linux.arm-dey-linux-gnueabi/./gcc/xgcc -B/home/simon/work/goldilocks/tmp/work/x86_64-linux/gcc-cross-initial-arm/5.2.0-r0/gcc-5.2.0/build.x86_64-linux.arm-dey-linux-gnueabi/./gcc/ -B/home/simon/work/goldilocks/tmp/sysroots/x86_64-linux/usr/arm-dey-linux-gnueabi/bin/ -B/home/simon/work/goldilocks/tmp/sysroots/x86_64-linux/usr/arm-dey-linux-gnueabi/lib/ -isystem /home/simon/work/goldilocks/tmp/sysroots/x86_64-linux/usr/arm-dey-linux-gnueabi/include -isystem /home/simon/work/goldilocks/tmp/sysroots/x86_64-linux/usr/arm-dey-linux-gnueabi/sys-include --sysroot=/home/simon/work/goldilocks/tmp/work/x86_64-linux/gcc-cross-initial-arm/5.2.0-r0/gcc-5.2.0/build.x86_64-linux.arm-dey-linux-gnueabi/tmpsysroot   -c -O2 -pipe -g -feliminate-unused-debug-types -g -Os  conftest.c >&5
configure:4069: $? = 0
configure:4084: result: 8
configure:4098: checking size of long double
configure:4103:  /home/simon/work/goldilocks/tmp/work/x86_64-linux/gcc-cross-initial-arm/5.2.0-r0/gcc-5.2.0/build.x86_64-linux.arm-dey-linux-gnueabi/./gcc/xgcc -B/home/simon/work/goldilocks/tmp/work/x86_64-linux/gcc-cross-initial-arm/5.2.0-r0/gcc-5.2.0/build.x86_64-linux.arm-dey-linux-gnueabi/./gcc/ -B/home/simon/work/goldilocks/tmp/sysroots/x86_64-linux/usr/arm-dey-linux-gnueabi/bin/ -B/home/simon/work/goldilocks/tmp/sysroots/x86_64-linux/usr/arm-dey-linux-gnueabi/lib/ -isystem /home/simon/work/goldilocks/tmp/sysroots/x86_64-linux/usr/arm-dey-linux-gnueabi/include -isystem /home/simon/work/goldilocks/tmp/sysroots/x86_64-linux/usr/arm-dey-linux-gnueabi/sys-include --sysroot=/home/simon/work/goldilocks/tmp/work/x86_64-linux/gcc-cross-initial-arm/5.2.0-r0/gcc-5.2.0/build.x86_64-linux.arm-dey-linux-gnueabi/tmpsysroot   -c -O2 -pipe -g -feliminate-unused-debug-types -g -Os  conftest.c >&5
configure:4103: $? = 0
configure:4103:  /home/simon/work/goldilocks/tmp/work/x86_64-linux/gcc-cross-initial-arm/5.2.0-r0/gcc-5.2.0/build.x86_64-linux.arm-dey-linux-gnueabi/./gcc/xgcc -B/home/simon/work/goldilocks/tmp/work/x86_64-linux/gcc-cross-initial-arm/5.2.0-r0/gcc-5.2.0/build.x86_64-linux.arm-dey-linux-gnueabi/./gcc/ -B/home/simon/work/goldilocks/tmp/sysroots/x86_64-linux/usr/arm-dey-linux-gnueabi/bin/ -B/home/simon/work/goldilocks/tmp/sysroots/x86_64-linux/usr/arm-dey-linux-gnueabi/lib/ -isystem /home/simon/work/goldilocks/tmp/sysroots/x86_64-linux/usr/arm-dey-linux-gnueabi/include -isystem /home/simon/work/goldilocks/tmp/sysroots/x86_64-linux/usr/arm-dey-linux-gnueabi/sys-include --sysroot=/home/simon/work/goldilocks/tmp/work/x86_64-linux/gcc-cross-initial-arm/5.2.0-r0/gcc-5.2.0/build.x86_64-linux.arm-dey-linux-gnueabi/tmpsysroot   -c -O2 -pipe -g -feliminate-unused-debug-types -g -Os  conftest.c >&5
conftest.c: In function 'main':
conftest.c:14:12: error: size of array 'test_array' is negative
 static int test_array [1 - 2 * !(((long int) (sizeof (long double))) <= 0)];
            ^
configure:4103: $? = 1
configure: failed program was:
| /* confdefs.h */
| #define PACKAGE_NAME "GNU C Runtime Library"
| #define PACKAGE_TARNAME "libgcc"
| #define PACKAGE_VERSION "1.0"
| #define PACKAGE_STRING "GNU C Runtime Library 1.0"
| #define PACKAGE_BUGREPORT ""
| #define PACKAGE_URL "http://www.gnu.org/software/libgcc/"
| #define SIZEOF_DOUBLE 8
| /* end confdefs.h.  */
| /* none */
| int
| main ()
| {
| static int test_array [1 - 2 * !(((long int) (sizeof (long double))) <= 0)];
| test_array [0] = 0
| 
|   ;
|   return 0;
| }
configure:4103:  /home/simon/work/goldilocks/tmp/work/x86_64-linux/gcc-cross-initial-arm/5.2.0-r0/gcc-5.2.0/build.x86_64-linux.arm-dey-linux-gnueabi/./gcc/xgcc -B/home/simon/work/goldilocks/tmp/work/x86_64-linux/gcc-cross-initial-arm/5.2.0-r0/gcc-5.2.0/build.x86_64-linux.arm-dey-linux-gnueabi/./gcc/ -B/home/simon/work/goldilocks/tmp/sysroots/x86_64-linux/usr/arm-dey-linux-gnueabi/bin/ -B/home/simon/work/goldilocks/tmp/sysroots/x86_64-linux/usr/arm-dey-linux-gnueabi/lib/ -isystem /home/simon/work/goldilocks/tmp/sysroots/x86_64-linux/usr/arm-dey-linux-gnueabi/include -isystem /home/simon/work/goldilocks/tmp/sysroots/x86_64-linux/usr/arm-dey-linux-gnueabi/sys-include --sysroot=/home/simon/work/goldilocks/tmp/work/x86_64-linux/gcc-cross-initial-arm/5.2.0-r0/gcc-5.2.0/build.x86_64-linux.arm-dey-linux-gnueabi/tmpsysroot   -c -O2 -pipe -g -feliminate-unused-debug-types -g -Os  conftest.c >&5
conftest.c: In function 'main':
conftest.c:14:12: error: size of array 'test_array' is negative
 static int test_array [1 - 2 * !(((long int) (sizeof (long double))) <= 1)];
            ^
configure:4103: $? = 1
configure: failed program was:
| /* confdefs.h */
| #define PACKAGE_NAME "GNU C Runtime Library"
| #define PACKAGE_TARNAME "libgcc"
| #define PACKAGE_VERSION "1.0"
| #define PACKAGE_STRING "GNU C Runtime Library 1.0"
| #define PACKAGE_BUGREPORT ""
| #define PACKAGE_URL "http://www.gnu.org/software/libgcc/"
| #define SIZEOF_DOUBLE 8
| /* end confdefs.h.  */
| /* none */
| int
| main ()
| {
| static int test_array [1 - 2 * !(((long int) (sizeof (long double))) <= 1)];
| test_array [0] = 0
| 
|   ;
|   return 0;
| }
configure:4103:  /home/simon/work/goldilocks/tmp/work/x86_64-linux/gcc-cross-initial-arm/5.2.0-r0/gcc-5.2.0/build.x86_64-linux.arm-dey-linux-gnueabi/./gcc/xgcc -B/home/simon/work/goldilocks/tmp/work/x86_64-linux/gcc-cross-initial-arm/5.2.0-r0/gcc-5.2.0/build.x86_64-linux.arm-dey-linux-gnueabi/./gcc/ -B/home/simon/work/goldilocks/tmp/sysroots/x86_64-linux/usr/arm-dey-linux-gnueabi/bin/ -B/home/simon/work/goldilocks/tmp/sysroots/x86_64-linux/usr/arm-dey-linux-gnueabi/lib/ -isystem /home/simon/work/goldilocks/tmp/sysroots/x86_64-linux/usr/arm-dey-linux-gnueabi/include -isystem /home/simon/work/goldilocks/tmp/sysroots/x86_64-linux/usr/arm-dey-linux-gnueabi/sys-include --sysroot=/home/simon/work/goldilocks/tmp/work/x86_64-linux/gcc-cross-initial-arm/5.2.0-r0/gcc-5.2.0/build.x86_64-linux.arm-dey-linux-gnueabi/tmpsysroot   -c -O2 -pipe -g -feliminate-unused-debug-types -g -Os  conftest.c >&5
conftest.c: In function 'main':
conftest.c:14:12: error: size of array 'test_array' is negative
 static int test_array [1 - 2 * !(((long int) (sizeof (long double))) <= 3)];
            ^
configure:4103: $? = 1
configure: failed program was:
| /* confdefs.h */
| #define PACKAGE_NAME "GNU C Runtime Library"
| #define PACKAGE_TARNAME "libgcc"
| #define PACKAGE_VERSION "1.0"
| #define PACKAGE_STRING "GNU C Runtime Library 1.0"
| #define PACKAGE_BUGREPORT ""
| #define PACKAGE_URL "http://www.gnu.org/software/libgcc/"
| #define SIZEOF_DOUBLE 8
| /* end confdefs.h.  */
| /* none */
| int
| main ()
| {
| static int test_array [1 - 2 * !(((long int) (sizeof (long double))) <= 3)];
| test_array [0] = 0
| 
|   ;
|   return 0;
| }
configure:4103:  /home/simon/work/goldilocks/tmp/work/x86_64-linux/gcc-cross-initial-arm/5.2.0-r0/gcc-5.2.0/build.x86_64-linux.arm-dey-linux-gnueabi/./gcc/xgcc -B/home/simon/work/goldilocks/tmp/work/x86_64-linux/gcc-cross-initial-arm/5.2.0-r0/gcc-5.2.0/build.x86_64-linux.arm-dey-linux-gnueabi/./gcc/ -B/home/simon/work/goldilocks/tmp/sysroots/x86_64-linux/usr/arm-dey-linux-gnueabi/bin/ -B/home/simon/work/goldilocks/tmp/sysroots/x86_64-linux/usr/arm-dey-linux-gnueabi/lib/ -isystem /home/simon/work/goldilocks/tmp/sysroots/x86_64-linux/usr/arm-dey-linux-gnueabi/include -isystem /home/simon/work/goldilocks/tmp/sysroots/x86_64-linux/usr/arm-dey-linux-gnueabi/sys-include --sysroot=/home/simon/work/goldilocks/tmp/work/x86_64-linux/gcc-cross-initial-arm/5.2.0-r0/gcc-5.2.0/build.x86_64-linux.arm-dey-linux-gnueabi/tmpsysroot   -c -O2 -pipe -g -feliminate-unused-debug-types -g -Os  conftest.c >&5
conftest.c: In function 'main':
conftest.c:14:12: error: size of array 'test_array' is negative
 static int test_array [1 - 2 * !(((long int) (sizeof (long double))) <= 7)];
            ^
configure:4103: $? = 1
configure: failed program was:
| /* confdefs.h */
| #define PACKAGE_NAME "GNU C Runtime Library"
| #define PACKAGE_TARNAME "libgcc"
| #define PACKAGE_VERSION "1.0"
| #define PACKAGE_STRING "GNU C Runtime Library 1.0"
| #define PACKAGE_BUGREPORT ""
| #define PACKAGE_URL "http://www.gnu.org/software/libgcc/"
| #define SIZEOF_DOUBLE 8
| /* end confdefs.h.  */
| /* none */
| int
| main ()
| {
| static int test_array [1 - 2 * !(((long int) (sizeof (long double))) <= 7)];
| test_array [0] = 0
| 
|   ;
|   return 0;
| }
configure:4103:  /home/simon/work/goldilocks/tmp/work/x86_64-linux/gcc-cross-initial-arm/5.2.0-r0/gcc-5.2.0/build.x86_64-linux.arm-dey-linux-gnueabi/./gcc/xgcc -B/home/simon/work/goldilocks/tmp/work/x86_64-linux/gcc-cross-initial-arm/5.2.0-r0/gcc-5.2.0/build.x86_64-linux.arm-dey-linux-gnueabi/./gcc/ -B/home/simon/work/goldilocks/tmp/sysroots/x86_64-linux/usr/arm-dey-linux-gnueabi/bin/ -B/home/simon/work/goldilocks/tmp/sysroots/x86_64-linux/usr/arm-dey-linux-gnueabi/lib/ -isystem /home/simon/work/goldilocks/tmp/sysroots/x86_64-linux/usr/arm-dey-linux-gnueabi/include -isystem /home/simon/work/goldilocks/tmp/sysroots/x86_64-linux/usr/arm-dey-linux-gnueabi/sys-include --sysroot=/home/simon/work/goldilocks/tmp/work/x86_64-linux/gcc-cross-initial-arm/5.2.0-r0/gcc-5.2.0/build.x86_64-linux.arm-dey-linux-gnueabi/tmpsysroot   -c -O2 -pipe -g -feliminate-unused-debug-types -g -Os  conftest.c >&5
configure:4103: $? = 0
configure:4103:  /home/simon/work/goldilocks/tmp/work/x86_64-linux/gcc-cross-initial-arm/5.2.0-r0/gcc-5.2.0/build.x86_64-linux.arm-dey-linux-gnueabi/./gcc/xgcc -B/home/simon/work/goldilocks/tmp/work/x86_64-linux/gcc-cross-initial-arm/5.2.0-r0/gcc-5.2.0/build.x86_64-linux.arm-dey-linux-gnueabi/./gcc/ -B/home/simon/work/goldilocks/tmp/sysroots/x86_64-linux/usr/arm-dey-linux-gnueabi/bin/ -B/home/simon/work/goldilocks/tmp/sysroots/x86_64-linux/usr/arm-dey-linux-gnueabi/lib/ -isystem /home/simon/work/goldilocks/tmp/sysroots/x86_64-linux/usr/arm-dey-linux-gnueabi/include -isystem /home/simon/work/goldilocks/tmp/sysroots/x86_64-linux/usr/arm-dey-linux-gnueabi/sys-include --sysroot=/home/simon/work/goldilocks/tmp/work/x86_64-linux/gcc-cross-initial-arm/5.2.0-r0/gcc-5.2.0/build.x86_64-linux.arm-dey-linux-gnueabi/tmpsysroot   -c -O2 -pipe -g -feliminate-unused-debug-types -g -Os  conftest.c >&5
configure:4103: $? = 0
configure:4103:  /home/simon/work/goldilocks/tmp/work/x86_64-linux/gcc-cross-initial-arm/5.2.0-r0/gcc-5.2.0/build.x86_64-linux.arm-dey-linux-gnueabi/./gcc/xgcc -B/home/simon/work/goldilocks/tmp/work/x86_64-linux/gcc-cross-initial-arm/5.2.0-r0/gcc-5.2.0/build.x86_64-linux.arm-dey-linux-gnueabi/./gcc/ -B/home/simon/work/goldilocks/tmp/sysroots/x86_64-linux/usr/arm-dey-linux-gnueabi/bin/ -B/home/simon/work/goldilocks/tmp/sysroots/x86_64-linux/usr/arm-dey-linux-gnueabi/lib/ -isystem /home/simon/work/goldilocks/tmp/sysroots/x86_64-linux/usr/arm-dey-linux-gnueabi/include -isystem /home/simon/work/goldilocks/tmp/sysroots/x86_64-linux/usr/arm-dey-linux-gnueabi/sys-include --sysroot=/home/simon/work/goldilocks/tmp/work/x86_64-linux/gcc-cross-initial-arm/5.2.0-r0/gcc-5.2.0/build.x86_64-linux.arm-dey-linux-gnueabi/tmpsysroot   -c -O2 -pipe -g -feliminate-unused-debug-types -g -Os  conftest.c >&5
configure:4103: $? = 0
configure:4103:  /home/simon/work/goldilocks/tmp/work/x86_64-linux/gcc-cross-initial-arm/5.2.0-r0/gcc-5.2.0/build.x86_64-linux.arm-dey-linux-gnueabi/./gcc/xgcc -B/home/simon/work/goldilocks/tmp/work/x86_64-linux/gcc-cross-initial-arm/5.2.0-r0/gcc-5.2.0/build.x86_64-linux.arm-dey-linux-gnueabi/./gcc/ -B/home/simon/work/goldilocks/tmp/sysroots/x86_64-linux/usr/arm-dey-linux-gnueabi/bin/ -B/home/simon/work/goldilocks/tmp/sysroots/x86_64-linux/usr/arm-dey-linux-gnueabi/lib/ -isystem /home/simon/work/goldilocks/tmp/sysroots/x86_64-linux/usr/arm-dey-linux-gnueabi/include -isystem /home/simon/work/goldilocks/tmp/sysroots/x86_64-linux/usr/arm-dey-linux-gnueabi/sys-include --sysroot=/home/simon/work/goldilocks/tmp/work/x86_64-linux/gcc-cross-initial-arm/5.2.0-r0/gcc-5.2.0/build.x86_64-linux.arm-dey-linux-gnueabi/tmpsysroot   -c -O2 -pipe -g -feliminate-unused-debug-types -g -Os  conftest.c >&5
configure:4103: $? = 0
configure:4118: result: 8
configure:4139: checking for inttypes.h
configure:4139: gcc -E   conftest.c
configure:4139: $? = 0
configure:4139: result: yes
configure:4139: checking for stdint.h
configure:4139: gcc -E   conftest.c
configure:4139: $? = 0
configure:4139: result: yes
configure:4139: checking for stdlib.h
configure:4139: gcc -E   conftest.c
configure:4139: $? = 0
configure:4139: result: yes
configure:4139: checking for ftw.h
configure:4139: gcc -E   conftest.c
configure:4139: $? = 0
configure:4139: result: yes
configure:4139: checking for unistd.h
configure:4139: gcc -E   conftest.c
configure:4139: $? = 0
configure:4139: result: yes
configure:4139: checking for sys/stat.h
configure:4139: gcc -E   conftest.c
configure:4139: $? = 0
configure:4139: result: yes
configure:4139: checking for sys/types.h
configure:4139: gcc -E   conftest.c
configure:4139: $? = 0
configure:4139: result: yes
configure:4139: checking for string.h
configure:4139: gcc -E   conftest.c
configure:4139: $? = 0
configure:4139: result: yes
configure:4139: checking for strings.h
configure:4139: gcc -E   conftest.c
configure:4139: $? = 0
configure:4139: result: yes
configure:4139: checking for memory.h
configure:4139: gcc -E   conftest.c
configure:4139: $? = 0
configure:4139: result: yes
configure:4149: checking for grep that handles long lines and -e
configure:4207: result: /bin/grep
configure:4212: checking for egrep
configure:4274: result: /bin/grep -E
configure:4279: checking for ANSI C header files
configure:4299:  /home/simon/work/goldilocks/tmp/work/x86_64-linux/gcc-cross-initial-arm/5.2.0-r0/gcc-5.2.0/build.x86_64-linux.arm-dey-linux-gnueabi/./gcc/xgcc -B/home/simon/work/goldilocks/tmp/work/x86_64-linux/gcc-cross-initial-arm/5.2.0-r0/gcc-5.2.0/build.x86_64-linux.arm-dey-linux-gnueabi/./gcc/ -B/home/simon/work/goldilocks/tmp/sysroots/x86_64-linux/usr/arm-dey-linux-gnueabi/bin/ -B/home/simon/work/goldilocks/tmp/sysroots/x86_64-linux/usr/arm-dey-linux-gnueabi/lib/ -isystem /home/simon/work/goldilocks/tmp/sysroots/x86_64-linux/usr/arm-dey-linux-gnueabi/include -isystem /home/simon/work/goldilocks/tmp/sysroots/x86_64-linux/usr/arm-dey-linux-gnueabi/sys-include --sysroot=/home/simon/work/goldilocks/tmp/work/x86_64-linux/gcc-cross-initial-arm/5.2.0-r0/gcc-5.2.0/build.x86_64-linux.arm-dey-linux-gnueabi/tmpsysroot   -c -O2 -pipe -g -feliminate-unused-debug-types -g -Os  conftest.c >&5
conftest.c:21:20: fatal error: stdlib.h: No such file or directory
compilation terminated.
configure:4299: $? = 1
configure: failed program was:
| /* confdefs.h */
| #define PACKAGE_NAME "GNU C Runtime Library"
| #define PACKAGE_TARNAME "libgcc"
| #define PACKAGE_VERSION "1.0"
| #define PACKAGE_STRING "GNU C Runtime Library 1.0"
| #define PACKAGE_BUGREPORT ""
| #define PACKAGE_URL "http://www.gnu.org/software/libgcc/"
| #define SIZEOF_DOUBLE 8
| #define SIZEOF_LONG_DOUBLE 8
| #define HAVE_INTTYPES_H 1
| #define HAVE_STDINT_H 1
| #define HAVE_STDLIB_H 1
| #define HAVE_FTW_H 1
| #define HAVE_UNISTD_H 1
| #define HAVE_SYS_STAT_H 1
| #define HAVE_SYS_TYPES_H 1
| #define HAVE_STRING_H 1
| #define HAVE_STRINGS_H 1
| #define HAVE_MEMORY_H 1
| /* end confdefs.h.  */
| #include <stdlib.h>
| #include <stdarg.h>
| #include <string.h>
| #include <float.h>
| 
| int
| main ()
| {
| 
|   ;
|   return 0;
| }
configure:4383: result: no
configure:4393: checking whether decimal floating point is supported
configure:4415:  /home/simon/work/goldilocks/tmp/work/x86_64-linux/gcc-cross-initial-arm/5.2.0-r0/gcc-5.2.0/build.x86_64-linux.arm-dey-linux-gnueabi/./gcc/xgcc -B/home/simon/work/goldilocks/tmp/work/x86_64-linux/gcc-cross-initial-arm/5.2.0-r0/gcc-5.2.0/build.x86_64-linux.arm-dey-linux-gnueabi/./gcc/ -B/home/simon/work/goldilocks/tmp/sysroots/x86_64-linux/usr/arm-dey-linux-gnueabi/bin/ -B/home/simon/work/goldilocks/tmp/sysroots/x86_64-linux/usr/arm-dey-linux-gnueabi/lib/ -isystem /home/simon/work/goldilocks/tmp/sysroots/x86_64-linux/usr/arm-dey-linux-gnueabi/include -isystem /home/simon/work/goldilocks/tmp/sysroots/x86_64-linux/usr/arm-dey-linux-gnueabi/sys-include --sysroot=/home/simon/work/goldilocks/tmp/work/x86_64-linux/gcc-cross-initial-arm/5.2.0-r0/gcc-5.2.0/build.x86_64-linux.arm-dey-linux-gnueabi/tmpsysroot   -c -O2 -pipe -g -feliminate-unused-debug-types -g -Os  conftest.c >&5
conftest.c:22:18: fatal error: fenv.h: No such file or directory
compilation terminated.
configure:4415: $? = 1
configure: failed program was:
| /* confdefs.h */
| #define PACKAGE_NAME "GNU C Runtime Library"
| #define PACKAGE_TARNAME "libgcc"
| #define PACKAGE_VERSION "1.0"
| #define PACKAGE_STRING "GNU C Runtime Library 1.0"
| #define PACKAGE_BUGREPORT ""
| #define PACKAGE_URL "http://www.gnu.org/software/libgcc/"
| #define SIZEOF_DOUBLE 8
| #define SIZEOF_LONG_DOUBLE 8
| #define HAVE_INTTYPES_H 1
| #define HAVE_STDINT_H 1
| #define HAVE_STDLIB_H 1
| #define HAVE_FTW_H 1
| #define HAVE_UNISTD_H 1
| #define HAVE_SYS_STAT_H 1
| #define HAVE_SYS_TYPES_H 1
| #define HAVE_STRING_H 1
| #define HAVE_STRINGS_H 1
| #define HAVE_MEMORY_H 1
| /* end confdefs.h.  */
| 
| #include <fenv.h>
| 
| int
| main ()
| {
| 
| _Decimal32 x;
| int fe_except =
|   FE_INVALID|FE_DIVBYZERO|FE_OVERFLOW|FE_UNDERFLOW|FE_INEXACT;
| 
|   ;
|   return 0;
| }
configure:4422: result: no
configure:4480: checking whether fixed-point is supported
configure:4489:  /home/simon/work/goldilocks/tmp/work/x86_64-linux/gcc-cross-initial-arm/5.2.0-r0/gcc-5.2.0/build.x86_64-linux.arm-dey-linux-gnueabi/./gcc/xgcc -B/home/simon/work/goldilocks/tmp/work/x86_64-linux/gcc-cross-initial-arm/5.2.0-r0/gcc-5.2.0/build.x86_64-linux.arm-dey-linux-gnueabi/./gcc/ -B/home/simon/work/goldilocks/tmp/sysroots/x86_64-linux/usr/arm-dey-linux-gnueabi/bin/ -B/home/simon/work/goldilocks/tmp/sysroots/x86_64-linux/usr/arm-dey-linux-gnueabi/lib/ -isystem /home/simon/work/goldilocks/tmp/sysroots/x86_64-linux/usr/arm-dey-linux-gnueabi/include -isystem /home/simon/work/goldilocks/tmp/sysroots/x86_64-linux/usr/arm-dey-linux-gnueabi/sys-include --sysroot=/home/simon/work/goldilocks/tmp/work/x86_64-linux/gcc-cross-initial-arm/5.2.0-r0/gcc-5.2.0/build.x86_64-linux.arm-dey-linux-gnueabi/tmpsysroot   -c -O2 -pipe -g -feliminate-unused-debug-types -g -Os  conftest.c >&5
configure:4489: $? = 0
configure:4496: result: yes
configure:4556: checking whether to use setjmp/longjmp exceptions
configure:4575:  /home/simon/work/goldilocks/tmp/work/x86_64-linux/gcc-cross-initial-arm/5.2.0-r0/gcc-5.2.0/build.x86_64-linux.arm-dey-linux-gnueabi/./gcc/xgcc -B/home/simon/work/goldilocks/tmp/work/x86_64-linux/gcc-cross-initial-arm/5.2.0-r0/gcc-5.2.0/build.x86_64-linux.arm-dey-linux-gnueabi/./gcc/ -B/home/simon/work/goldilocks/tmp/sysroots/x86_64-linux/usr/arm-dey-linux-gnueabi/bin/ -B/home/simon/work/goldilocks/tmp/sysroots/x86_64-linux/usr/arm-dey-linux-gnueabi/lib/ -isystem /home/simon/work/goldilocks/tmp/sysroots/x86_64-linux/usr/arm-dey-linux-gnueabi/include -isystem /home/simon/work/goldilocks/tmp/sysroots/x86_64-linux/usr/arm-dey-linux-gnueabi/sys-include --sysroot=/home/simon/work/goldilocks/tmp/work/x86_64-linux/gcc-cross-initial-arm/5.2.0-r0/gcc-5.2.0/build.x86_64-linux.arm-dey-linux-gnueabi/tmpsysroot   -fexceptions -S conftest.c -o conftest.s 1>&5
configure:4578: $? = 0
configure:4589: result: no
configure:4625: checking if the linker (/home/simon/work/goldilocks/tmp/work/x86_64-linux/gcc-cross-initial-arm/5.2.0-r0/gcc-5.2.0/build.x86_64-linux.arm-dey-linux-gnueabi/./gcc/collect-ld) is GNU ld
GNU ld (GNU Binutils) 2.25.1
configure:4637: result: yes
configure:4642: checking for thread model used by GCC
configure:4645: result: single
configure:4649: checking whether assembler supports CFI directives
configure:4662:  /home/simon/work/goldilocks/tmp/work/x86_64-linux/gcc-cross-initial-arm/5.2.0-r0/gcc-5.2.0/build.x86_64-linux.arm-dey-linux-gnueabi/./gcc/xgcc -B/home/simon/work/goldilocks/tmp/work/x86_64-linux/gcc-cross-initial-arm/5.2.0-r0/gcc-5.2.0/build.x86_64-linux.arm-dey-linux-gnueabi/./gcc/ -B/home/simon/work/goldilocks/tmp/sysroots/x86_64-linux/usr/arm-dey-linux-gnueabi/bin/ -B/home/simon/work/goldilocks/tmp/sysroots/x86_64-linux/usr/arm-dey-linux-gnueabi/lib/ -isystem /home/simon/work/goldilocks/tmp/sysroots/x86_64-linux/usr/arm-dey-linux-gnueabi/include -isystem /home/simon/work/goldilocks/tmp/sysroots/x86_64-linux/usr/arm-dey-linux-gnueabi/sys-include --sysroot=/home/simon/work/goldilocks/tmp/work/x86_64-linux/gcc-cross-initial-arm/5.2.0-r0/gcc-5.2.0/build.x86_64-linux.arm-dey-linux-gnueabi/tmpsysroot   -c -O2 -pipe -g -feliminate-unused-debug-types -g -Os  conftest.c >&5
configure:4662: $? = 0
configure:4669: result: yes
configure:4710: checking for target glibc version
configure:4724:  /home/simon/work/goldilocks/tmp/work/x86_64-linux/gcc-cross-initial-arm/5.2.0-r0/gcc-5.2.0/build.x86_64-linux.arm-dey-linux-gnueabi/./gcc/xgcc -B/home/simon/work/goldilocks/tmp/work/x86_64-linux/gcc-cross-initial-arm/5.2.0-r0/gcc-5.2.0/build.x86_64-linux.arm-dey-linux-gnueabi/./gcc/ -B/home/simon/work/goldilocks/tmp/sysroots/x86_64-linux/usr/arm-dey-linux-gnueabi/bin/ -B/home/simon/work/goldilocks/tmp/sysroots/x86_64-linux/usr/arm-dey-linux-gnueabi/lib/ -isystem /home/simon/work/goldilocks/tmp/sysroots/x86_64-linux/usr/arm-dey-linux-gnueabi/include -isystem /home/simon/work/goldilocks/tmp/sysroots/x86_64-linux/usr/arm-dey-linux-gnueabi/sys-include --sysroot=/home/simon/work/goldilocks/tmp/work/x86_64-linux/gcc-cross-initial-arm/5.2.0-r0/gcc-5.2.0/build.x86_64-linux.arm-dey-linux-gnueabi/tmpsysroot   -c -O2 -pipe -g -feliminate-unused-debug-types -g -Os  conftest.c >&5
conftest.c:22:22: fatal error: features.h: No such file or directory
compilation terminated.
configure:4724: $? = 1
configure: failed program was:
| /* confdefs.h */
| #define PACKAGE_NAME "GNU C Runtime Library"
| #define PACKAGE_TARNAME "libgcc"
| #define PACKAGE_VERSION "1.0"
| #define PACKAGE_STRING "GNU C Runtime Library 1.0"
| #define PACKAGE_BUGREPORT ""
| #define PACKAGE_URL "http://www.gnu.org/software/libgcc/"
| #define SIZEOF_DOUBLE 8
| #define SIZEOF_LONG_DOUBLE 8
| #define HAVE_INTTYPES_H 1
| #define HAVE_STDINT_H 1
| #define HAVE_STDLIB_H 1
| #define HAVE_FTW_H 1
| #define HAVE_UNISTD_H 1
| #define HAVE_SYS_STAT_H 1
| #define HAVE_SYS_TYPES_H 1
| #define HAVE_STRING_H 1
| #define HAVE_STRINGS_H 1
| #define HAVE_MEMORY_H 1
| #define HAVE_GETIPINFO 1
| /* end confdefs.h.  */
| #include <features.h>
| int
| main ()
| {
| static int test_array [1 - 2 * !((__GLIBC__) >= 0)];
| test_array [0] = 0
| 
|   ;
|   return 0;
| }
configure:4724:  /home/simon/work/goldilocks/tmp/work/x86_64-linux/gcc-cross-initial-arm/5.2.0-r0/gcc-5.2.0/build.x86_64-linux.arm-dey-linux-gnueabi/./gcc/xgcc -B/home/simon/work/goldilocks/tmp/work/x86_64-linux/gcc-cross-initial-arm/5.2.0-r0/gcc-5.2.0/build.x86_64-linux.arm-dey-linux-gnueabi/./gcc/ -B/home/simon/work/goldilocks/tmp/sysroots/x86_64-linux/usr/arm-dey-linux-gnueabi/bin/ -B/home/simon/work/goldilocks/tmp/sysroots/x86_64-linux/usr/arm-dey-linux-gnueabi/lib/ -isystem /home/simon/work/goldilocks/tmp/sysroots/x86_64-linux/usr/arm-dey-linux-gnueabi/include -isystem /home/simon/work/goldilocks/tmp/sysroots/x86_64-linux/usr/arm-dey-linux-gnueabi/sys-include --sysroot=/home/simon/work/goldilocks/tmp/work/x86_64-linux/gcc-cross-initial-arm/5.2.0-r0/gcc-5.2.0/build.x86_64-linux.arm-dey-linux-gnueabi/tmpsysroot   -c -O2 -pipe -g -feliminate-unused-debug-types -g -Os  conftest.c >&5
conftest.c:22:22: fatal error: features.h: No such file or directory
compilation terminated.
configure:4724: $? = 1
configure: failed program was:
| /* confdefs.h */
| #define PACKAGE_NAME "GNU C Runtime Library"
| #define PACKAGE_TARNAME "libgcc"
| #define PACKAGE_VERSION "1.0"
| #define PACKAGE_STRING "GNU C Runtime Library 1.0"
| #define PACKAGE_BUGREPORT ""
| #define PACKAGE_URL "http://www.gnu.org/software/libgcc/"
| #define SIZEOF_DOUBLE 8
| #define SIZEOF_LONG_DOUBLE 8
| #define HAVE_INTTYPES_H 1
| #define HAVE_STDINT_H 1
| #define HAVE_STDLIB_H 1
| #define HAVE_FTW_H 1
| #define HAVE_UNISTD_H 1
| #define HAVE_SYS_STAT_H 1
| #define HAVE_SYS_TYPES_H 1
| #define HAVE_STRING_H 1
| #define HAVE_STRINGS_H 1
| #define HAVE_MEMORY_H 1
| #define HAVE_GETIPINFO 1
| /* end confdefs.h.  */
| #include <features.h>
| int
| main ()
| {
| static int test_array [1 - 2 * !((__GLIBC__) < 0)];
| test_array [0] = 0
| 
|   ;
|   return 0;
| }
configure:4730:  /home/simon/work/goldilocks/tmp/work/x86_64-linux/gcc-cross-initial-arm/5.2.0-r0/gcc-5.2.0/build.x86_64-linux.arm-dey-linux-gnueabi/./gcc/xgcc -B/home/simon/work/goldilocks/tmp/work/x86_64-linux/gcc-cross-initial-arm/5.2.0-r0/gcc-5.2.0/build.x86_64-linux.arm-dey-linux-gnueabi/./gcc/ -B/home/simon/work/goldilocks/tmp/sysroots/x86_64-linux/usr/arm-dey-linux-gnueabi/bin/ -B/home/simon/work/goldilocks/tmp/sysroots/x86_64-linux/usr/arm-dey-linux-gnueabi/lib/ -isystem /home/simon/work/goldilocks/tmp/sysroots/x86_64-linux/usr/arm-dey-linux-gnueabi/include -isystem /home/simon/work/goldilocks/tmp/sysroots/x86_64-linux/usr/arm-dey-linux-gnueabi/sys-include --sysroot=/home/simon/work/goldilocks/tmp/work/x86_64-linux/gcc-cross-initial-arm/5.2.0-r0/gcc-5.2.0/build.x86_64-linux.arm-dey-linux-gnueabi/tmpsysroot   -c -O2 -pipe -g -feliminate-unused-debug-types -g -Os  conftest.c >&5
conftest.c:22:22: fatal error: features.h: No such file or directory
compilation terminated.
configure:4730: $? = 1
configure: failed program was:
| /* confdefs.h */
| #define PACKAGE_NAME "GNU C Runtime Library"
| #define PACKAGE_TARNAME "libgcc"
| #define PACKAGE_VERSION "1.0"
| #define PACKAGE_STRING "GNU C Runtime Library 1.0"
| #define PACKAGE_BUGREPORT ""
| #define PACKAGE_URL "http://www.gnu.org/software/libgcc/"
| #define SIZEOF_DOUBLE 8
| #define SIZEOF_LONG_DOUBLE 8
| #define HAVE_INTTYPES_H 1
| #define HAVE_STDINT_H 1
| #define HAVE_STDLIB_H 1
| #define HAVE_FTW_H 1
| #define HAVE_UNISTD_H 1
| #define HAVE_SYS_STAT_H 1
| #define HAVE_SYS_TYPES_H 1
| #define HAVE_STRING_H 1
| #define HAVE_STRINGS_H 1
| #define HAVE_MEMORY_H 1
| #define HAVE_GETIPINFO 1
| /* end confdefs.h.  */
| #include <features.h>
| int
| main ()
| {
| static int test_array [1 - 2 * !((__GLIBC_MINOR__) >= 0)];
| test_array [0] = 0
| 
|   ;
|   return 0;
| }
configure:4730:  /home/simon/work/goldilocks/tmp/work/x86_64-linux/gcc-cross-initial-arm/5.2.0-r0/gcc-5.2.0/build.x86_64-linux.arm-dey-linux-gnueabi/./gcc/xgcc -B/home/simon/work/goldilocks/tmp/work/x86_64-linux/gcc-cross-initial-arm/5.2.0-r0/gcc-5.2.0/build.x86_64-linux.arm-dey-linux-gnueabi/./gcc/ -B/home/simon/work/goldilocks/tmp/sysroots/x86_64-linux/usr/arm-dey-linux-gnueabi/bin/ -B/home/simon/work/goldilocks/tmp/sysroots/x86_64-linux/usr/arm-dey-linux-gnueabi/lib/ -isystem /home/simon/work/goldilocks/tmp/sysroots/x86_64-linux/usr/arm-dey-linux-gnueabi/include -isystem /home/simon/work/goldilocks/tmp/sysroots/x86_64-linux/usr/arm-dey-linux-gnueabi/sys-include --sysroot=/home/simon/work/goldilocks/tmp/work/x86_64-linux/gcc-cross-initial-arm/5.2.0-r0/gcc-5.2.0/build.x86_64-linux.arm-dey-linux-gnueabi/tmpsysroot   -c -O2 -pipe -g -feliminate-unused-debug-types -g -Os  conftest.c >&5
conftest.c:22:22: fatal error: features.h: No such file or directory
compilation terminated.
configure:4730: $? = 1
configure: failed program was:
| /* confdefs.h */
| #define PACKAGE_NAME "GNU C Runtime Library"
| #define PACKAGE_TARNAME "libgcc"
| #define PACKAGE_VERSION "1.0"
| #define PACKAGE_STRING "GNU C Runtime Library 1.0"
| #define PACKAGE_BUGREPORT ""
| #define PACKAGE_URL "http://www.gnu.org/software/libgcc/"
| #define SIZEOF_DOUBLE 8
| #define SIZEOF_LONG_DOUBLE 8
| #define HAVE_INTTYPES_H 1
| #define HAVE_STDINT_H 1
| #define HAVE_STDLIB_H 1
| #define HAVE_FTW_H 1
| #define HAVE_UNISTD_H 1
| #define HAVE_SYS_STAT_H 1
| #define HAVE_SYS_TYPES_H 1
| #define HAVE_STRING_H 1
| #define HAVE_STRINGS_H 1
| #define HAVE_MEMORY_H 1
| #define HAVE_GETIPINFO 1
| /* end confdefs.h.  */
| #include <features.h>
| int
| main ()
| {
| static int test_array [1 - 2 * !((__GLIBC_MINOR__) < 0)];
| test_array [0] = 0
| 
|   ;
|   return 0;
| }
configure:4738: result: 0.0
configure:4844: checking for __attribute__((visibility("hidden")))
configure:4853:  /home/simon/work/goldilocks/tmp/work/x86_64-linux/gcc-cross-initial-arm/5.2.0-r0/gcc-5.2.0/build.x86_64-linux.arm-dey-linux-gnueabi/./gcc/xgcc -B/home/simon/work/goldilocks/tmp/work/x86_64-linux/gcc-cross-initial-arm/5.2.0-r0/gcc-5.2.0/build.x86_64-linux.arm-dey-linux-gnueabi/./gcc/ -B/home/simon/work/goldilocks/tmp/sysroots/x86_64-linux/usr/arm-dey-linux-gnueabi/bin/ -B/home/simon/work/goldilocks/tmp/sysroots/x86_64-linux/usr/arm-dey-linux-gnueabi/lib/ -isystem /home/simon/work/goldilocks/tmp/sysroots/x86_64-linux/usr/arm-dey-linux-gnueabi/include -isystem /home/simon/work/goldilocks/tmp/sysroots/x86_64-linux/usr/arm-dey-linux-gnueabi/sys-include --sysroot=/home/simon/work/goldilocks/tmp/work/x86_64-linux/gcc-cross-initial-arm/5.2.0-r0/gcc-5.2.0/build.x86_64-linux.arm-dey-linux-gnueabi/tmpsysroot   -Werror -S conftest.c -o conftest.s 1>&5
configure:4856: $? = 0
configure:4865: result: yes
configure:4893: checking whether the target assembler supports thread-local storage
configure:4903:  /home/simon/work/goldilocks/tmp/work/x86_64-linux/gcc-cross-initial-arm/5.2.0-r0/gcc-5.2.0/build.x86_64-linux.arm-dey-linux-gnueabi/./gcc/xgcc -B/home/simon/work/goldilocks/tmp/work/x86_64-linux/gcc-cross-initial-arm/5.2.0-r0/gcc-5.2.0/build.x86_64-linux.arm-dey-linux-gnueabi/./gcc/ -B/home/simon/work/goldilocks/tmp/sysroots/x86_64-linux/usr/arm-dey-linux-gnueabi/bin/ -B/home/simon/work/goldilocks/tmp/sysroots/x86_64-linux/usr/arm-dey-linux-gnueabi/lib/ -isystem /home/simon/work/goldilocks/tmp/sysroots/x86_64-linux/usr/arm-dey-linux-gnueabi/include -isystem /home/simon/work/goldilocks/tmp/sysroots/x86_64-linux/usr/arm-dey-linux-gnueabi/sys-include --sysroot=/home/simon/work/goldilocks/tmp/work/x86_64-linux/gcc-cross-initial-arm/5.2.0-r0/gcc-5.2.0/build.x86_64-linux.arm-dey-linux-gnueabi/tmpsysroot   -c -O2 -pipe -g -feliminate-unused-debug-types -g -Os  conftest.c >&5
configure:4903: $? = 0
configure:4911: result: yes
configure:4921: checking whether the thread-local storage support is from emutls
configure:4930:  /home/simon/work/goldilocks/tmp/work/x86_64-linux/gcc-cross-initial-arm/5.2.0-r0/gcc-5.2.0/build.x86_64-linux.arm-dey-linux-gnueabi/./gcc/xgcc -B/home/simon/work/goldilocks/tmp/work/x86_64-linux/gcc-cross-initial-arm/5.2.0-r0/gcc-5.2.0/build.x86_64-linux.arm-dey-linux-gnueabi/./gcc/ -B/home/simon/work/goldilocks/tmp/sysroots/x86_64-linux/usr/arm-dey-linux-gnueabi/bin/ -B/home/simon/work/goldilocks/tmp/sysroots/x86_64-linux/usr/arm-dey-linux-gnueabi/lib/ -isystem /home/simon/work/goldilocks/tmp/sysroots/x86_64-linux/usr/arm-dey-linux-gnueabi/include -isystem /home/simon/work/goldilocks/tmp/sysroots/x86_64-linux/usr/arm-dey-linux-gnueabi/sys-include --sysroot=/home/simon/work/goldilocks/tmp/work/x86_64-linux/gcc-cross-initial-arm/5.2.0-r0/gcc-5.2.0/build.x86_64-linux.arm-dey-linux-gnueabi/tmpsysroot   -Werror -S -o conftest.s conftest.c 1>&5
configure:4933: $? = 0
configure:4942: result: no
configure:4955: checking for init priority support
configure:4972:  /home/simon/work/goldilocks/tmp/work/x86_64-linux/gcc-cross-initial-arm/5.2.0-r0/gcc-5.2.0/build.x86_64-linux.arm-dey-linux-gnueabi/./gcc/xgcc -B/home/simon/work/goldilocks/tmp/work/x86_64-linux/gcc-cross-initial-arm/5.2.0-r0/gcc-5.2.0/build.x86_64-linux.arm-dey-linux-gnueabi/./gcc/ -B/home/simon/work/goldilocks/tmp/sysroots/x86_64-linux/usr/arm-dey-linux-gnueabi/bin/ -B/home/simon/work/goldilocks/tmp/sysroots/x86_64-linux/usr/arm-dey-linux-gnueabi/lib/ -isystem /home/simon/work/goldilocks/tmp/sysroots/x86_64-linux/usr/arm-dey-linux-gnueabi/include -isystem /home/simon/work/goldilocks/tmp/sysroots/x86_64-linux/usr/arm-dey-linux-gnueabi/sys-include --sysroot=/home/simon/work/goldilocks/tmp/work/x86_64-linux/gcc-cross-initial-arm/5.2.0-r0/gcc-5.2.0/build.x86_64-linux.arm-dey-linux-gnueabi/tmpsysroot   -c -O2 -pipe -g -feliminate-unused-debug-types -g -Os  conftest.c >&5
conftest.c: In function 'main':
conftest.c:26:1: warning: constructor priorities from 0 to 100 are reserved for the implementation
 void ip (void) __attribute__ ((constructor (1)));
 ^
configure:4972: $? = 0
configure:4979: result: yes
configure:5122: updating cache ./config.cache
configure:5159: creating ./config.status

## ---------------------- ##
## Running config.status. ##
## ---------------------- ##

This file was extended by GNU C Runtime Library config.status 1.0, which was
generated by GNU Autoconf 2.64.  Invocation command line was

  CONFIG_FILES    = 
  CONFIG_HEADERS  = 
  CONFIG_LINKS    = 
  CONFIG_COMMANDS = 
  $ ./config.status 

on simon-XNOTE

config.status:892: creating Makefile
config.status:892: creating auto-target.h
config.status:1077: linking /home/simon/work/goldilocks/tmp/work-shared/gcc-5.2.0-r0/gcc-5.2.0/libgcc/enable-execute-stack-empty.c to enable-execute-stack.c
config.status:1077: linking /home/simon/work/goldilocks/tmp/work-shared/gcc-5.2.0-r0/gcc-5.2.0/libgcc/config/arm/unwind-arm.h to unwind.h
config.status:1077: linking /home/simon/work/goldilocks/tmp/work-shared/gcc-5.2.0-r0/gcc-5.2.0/libgcc/config/no-unwind.h to md-unwind-support.h
config.status:1077: linking /home/simon/work/goldilocks/tmp/work-shared/gcc-5.2.0-r0/gcc-5.2.0/libgcc/config/arm/sfp-machine.h to sfp-machine.h
config.status:1077: linking /home/simon/work/goldilocks/tmp/work-shared/gcc-5.2.0-r0/gcc-5.2.0/libgcc/gthr-single.h to gthr-default.h
config.status:1096: executing default commands

## ---------------- ##
## Cache variables. ##
## ---------------- ##

ac_cv_build=x86_64-pc-linux-gnu
ac_cv_c_compiler_gnu=yes
ac_cv_env_CC_set=set
ac_cv_env_CC_value=' /home/simon/work/goldilocks/tmp/work/x86_64-linux/gcc-cross-initial-arm/5.2.0-r0/gcc-5.2.0/build.x86_64-linux.arm-dey-linux-gnueabi/./gcc/xgcc -B/home/simon/work/goldilocks/tmp/work/x86_64-linux/gcc-cross-initial-arm/5.2.0-r0/gcc-5.2.0/build.x86_64-linux.arm-dey-linux-gnueabi/./gcc/ -B/home/simon/work/goldilocks/tmp/sysroots/x86_64-linux/usr/arm-dey-linux-gnueabi/bin/ -B/home/simon/work/goldilocks/tmp/sysroots/x86_64-linux/usr/arm-dey-linux-gnueabi/lib/ -isystem /home/simon/work/goldilocks/tmp/sysroots/x86_64-linux/usr/arm-dey-linux-gnueabi/include -isystem /home/simon/work/goldilocks/tmp/sysroots/x86_64-linux/usr/arm-dey-linux-gnueabi/sys-include --sysroot=/home/simon/work/goldilocks/tmp/work/x86_64-linux/gcc-cross-initial-arm/5.2.0-r0/gcc-5.2.0/build.x86_64-linux.arm-dey-linux-gnueabi/tmpsysroot  '
ac_cv_env_CFLAGS_set=set
ac_cv_env_CFLAGS_value='-O2 -pipe -g -feliminate-unused-debug-types -g -Os'
ac_cv_env_CPPFLAGS_set=set
ac_cv_env_CPPFLAGS_value=
ac_cv_env_CPP_set=set
ac_cv_env_CPP_value='gcc -E '
ac_cv_env_LDFLAGS_set=set
ac_cv_env_LDFLAGS_value='-Wl,-O1 -Wl,--hash-style=gnu -Wl,--as-needed'
ac_cv_env_LIBS_set=
ac_cv_env_LIBS_value=
ac_cv_env_build_alias_set=set
ac_cv_env_build_alias_value=x86_64-linux
ac_cv_env_host_alias_set=set
ac_cv_env_host_alias_value=arm-dey-linux-gnueabi
ac_cv_env_target_alias_set=set
ac_cv_env_target_alias_value=arm-dey-linux-gnueabi
ac_cv_header_ftw_h=yes
ac_cv_header_inttypes_h=yes
ac_cv_header_memory_h=yes
ac_cv_header_stdc=no
ac_cv_header_stdint_h=yes
ac_cv_header_stdlib_h=yes
ac_cv_header_string_h=yes
ac_cv_header_strings_h=yes
ac_cv_header_sys_stat_h=yes
ac_cv_header_sys_types_h=yes
ac_cv_header_unistd_h=yes
ac_cv_host=arm-dey-linux-gnueabi
ac_cv_objext=o
ac_cv_path_EGREP='/bin/grep -E'
ac_cv_path_GREP=/bin/grep
ac_cv_path_install='/usr/bin/install -c'
ac_cv_prog_AR=arm-dey-linux-gnueabi-ar
ac_cv_prog_AWK=gawk
ac_cv_prog_CC=' /home/simon/work/goldilocks/tmp/work/x86_64-linux/gcc-cross-initial-arm/5.2.0-r0/gcc-5.2.0/build.x86_64-linux.arm-dey-linux-gnueabi/./gcc/xgcc -B/home/simon/work/goldilocks/tmp/work/x86_64-linux/gcc-cross-initial-arm/5.2.0-r0/gcc-5.2.0/build.x86_64-linux.arm-dey-linux-gnueabi/./gcc/ -B/home/simon/work/goldilocks/tmp/sysroots/x86_64-linux/usr/arm-dey-linux-gnueabi/bin/ -B/home/simon/work/goldilocks/tmp/sysroots/x86_64-linux/usr/arm-dey-linux-gnueabi/lib/ -isystem /home/simon/work/goldilocks/tmp/sysroots/x86_64-linux/usr/arm-dey-linux-gnueabi/include -isystem /home/simon/work/goldilocks/tmp/sysroots/x86_64-linux/usr/arm-dey-linux-gnueabi/sys-include --sysroot=/home/simon/work/goldilocks/tmp/work/x86_64-linux/gcc-cross-initial-arm/5.2.0-r0/gcc-5.2.0/build.x86_64-linux.arm-dey-linux-gnueabi/tmpsysroot  '
ac_cv_prog_CPP='gcc -E '
ac_cv_prog_LIPO=arm-dey-linux-gnueabi-lipo
ac_cv_prog_NM=/home/simon/work/goldilocks/tmp/work/x86_64-linux/gcc-cross-initial-arm/5.2.0-r0/gcc-5.2.0/build.x86_64-linux.arm-dey-linux-gnueabi/./gcc/nm
ac_cv_prog_RANLIB=arm-dey-linux-gnueabi-ranlib
ac_cv_prog_STRIP=arm-dey-linux-gnueabi-strip
ac_cv_prog_cc_c89=no
ac_cv_prog_cc_g=yes
ac_cv_sizeof_double=8
ac_cv_sizeof_long_double=8
acl_cv_prog_gnu_ld=yes
gcc_cv_collect2_libs='none required'
gcc_cv_have_cc_tls=yes
gcc_cv_use_emutls=no
libgcc_cv_cfi=yes
libgcc_cv_dfp=no
libgcc_cv_fixed_point=yes
libgcc_cv_hidden_visibility_attribute=yes
libgcc_cv_init_priority=yes
libgcc_cv_lib_sjlj_exceptions=no
lt_cv_sys_lib_dlsearch_path_spec='/home/simon/work/goldilocks/tmp/sysroots/x86_64-linux/usr/lib/arm-dey-linux-gnueabi.gcc-cross-initial-arm /home/simon/work/goldilocks/tmp/sysroots/x86_64-linux/lib'

## ----------------- ##
## Output variables. ##
## ----------------- ##

AR='arm-dey-linux-gnueabi-ar'
AWK='gawk'
CC=' /home/simon/work/goldilocks/tmp/work/x86_64-linux/gcc-cross-initial-arm/5.2.0-r0/gcc-5.2.0/build.x86_64-linux.arm-dey-linux-gnueabi/./gcc/xgcc -B/home/simon/work/goldilocks/tmp/work/x86_64-linux/gcc-cross-initial-arm/5.2.0-r0/gcc-5.2.0/build.x86_64-linux.arm-dey-linux-gnueabi/./gcc/ -B/home/simon/work/goldilocks/tmp/sysroots/x86_64-linux/usr/arm-dey-linux-gnueabi/bin/ -B/home/simon/work/goldilocks/tmp/sysroots/x86_64-linux/usr/arm-dey-linux-gnueabi/lib/ -isystem /home/simon/work/goldilocks/tmp/sysroots/x86_64-linux/usr/arm-dey-linux-gnueabi/include -isystem /home/simon/work/goldilocks/tmp/sysroots/x86_64-linux/usr/arm-dey-linux-gnueabi/sys-include --sysroot=/home/simon/work/goldilocks/tmp/work/x86_64-linux/gcc-cross-initial-arm/5.2.0-r0/gcc-5.2.0/build.x86_64-linux.arm-dey-linux-gnueabi/tmpsysroot  '
CFLAGS='-O2 -pipe -g -feliminate-unused-debug-types -g -Os'
CPP='gcc -E '
CPPFLAGS=''
DEFS='-DHAVE_CONFIG_H'
ECHO_C=''
ECHO_N='-n'
ECHO_T=''
EGREP='/bin/grep -E'
EXEEXT=''
GREP='/bin/grep'
INSTALL_DATA='${INSTALL} -m 644'
INSTALL_PROGRAM='${INSTALL}'
INSTALL_SCRIPT='${INSTALL}'
LDFLAGS='-Wl,-O1 -Wl,--hash-style=gnu -Wl,--as-needed'
LIBOBJS=''
LIBS=''
LIPO='arm-dey-linux-gnueabi-lipo'
LN_S='ln -s'
LTLIBOBJS=''
MAINT='#'
NM='/home/simon/work/goldilocks/tmp/work/x86_64-linux/gcc-cross-initial-arm/5.2.0-r0/gcc-5.2.0/build.x86_64-linux.arm-dey-linux-gnueabi/./gcc/nm'
OBJEXT='o'
PACKAGE_BUGREPORT=''
PACKAGE_NAME='GNU C Runtime Library'
PACKAGE_STRING='GNU C Runtime Library 1.0'
PACKAGE_TARNAME='libgcc'
PACKAGE_URL='http://www.gnu.org/software/libgcc/'
PACKAGE_VERSION='1.0'
PATH_SEPARATOR=':'
PICFLAG='-fPIC'
RANLIB='arm-dey-linux-gnueabi-ranlib'
SHELL='/bin/bash'
STRIP='arm-dey-linux-gnueabi-strip'
ac_ct_CC=''
accel_dir_suffix=''
asm_hidden_op='.hidden'
bindir='/home/simon/work/goldilocks/tmp/sysroots/x86_64-linux/usr/bin/arm-dey-linux-gnueabi.gcc-cross-initial-arm'
build='x86_64-pc-linux-gnu'
build_alias='x86_64-linux'
build_cpu='x86_64'
build_libsubdir='build-x86_64-linux'
build_os='linux-gnu'
build_subdir='build-x86_64-linux'
build_vendor='pc'
cpu_type='arm'
datadir='/home/simon/work/goldilocks/tmp/sysroots/x86_64-linux/usr/share'
datarootdir='${prefix}/share'
decimal_float='no'
docdir='${datarootdir}/doc/${PACKAGE_TARNAME}'
double_type_size='64'
dvidir='${docdir}'
enable_decimal_float='no'
enable_shared='no'
enable_vtable_verify='no'
exec_prefix='/home/simon/work/goldilocks/tmp/sysroots/x86_64-linux/usr'
extra_parts='crtbegin.o crtbeginS.o crtbeginT.o crtend.o crtendS.o'
fixed_point='yes'
force_explicit_eh_registry=''
host='arm-dey-linux-gnueabi'
host_alias='arm-dey-linux-gnueabi'
host_cpu='arm'
host_noncanonical='arm-dey-linux-gnueabi'
host_os='linux-gnueabi'
host_subdir='.'
host_vendor='dey'
htmldir='${docdir}'
includedir='/home/simon/work/goldilocks/tmp/sysroots/x86_64-linux/usr/include'
infodir='/home/simon/work/goldilocks/tmp/sysroots/x86_64-linux/usr/share/info'
libdir='/home/simon/work/goldilocks/tmp/sysroots/x86_64-linux/usr/lib/arm-dey-linux-gnueabi.gcc-cross-initial-arm'
libexecdir='/home/simon/work/goldilocks/tmp/sysroots/x86_64-linux/usr/libexec/arm-dey-linux-gnueabi.gcc-cross-initial-arm'
libgcc_topdir='/home/simon/work/goldilocks/tmp/work-shared/gcc-5.2.0-r0/gcc-5.2.0/libgcc/..'
localedir='${datarootdir}/locale'
localstatedir='/home/simon/work/goldilocks/tmp/sysroots/x86_64-linux/var'
long_double_type_size='64'
mandir='/home/simon/work/goldilocks/tmp/sysroots/x86_64-linux/usr/share/man'
oldincludedir='/home/simon/work/goldilocks/tmp/sysroots/x86_64-linux/usr/include'
pdfdir='${docdir}'
prefix='/home/simon/work/goldilocks/tmp/sysroots/x86_64-linux/usr'
program_transform_name='s&^&arm-dey-linux-gnueabi-&'
psdir='${docdir}'
sbindir='/home/simon/work/goldilocks/tmp/sysroots/x86_64-linux/usr/bin/arm-dey-linux-gnueabi.gcc-cross-initial-arm'
set_have_cc_tls='-DHAVE_CC_TLS'
set_use_emutls=''
sfp_machine_header='arm/sfp-machine.h'
sharedstatedir='/home/simon/work/goldilocks/tmp/sysroots/x86_64-linux/com'
slibdir='$(exec_prefix)/$(host_noncanonical)/lib'
sysconfdir='/home/simon/work/goldilocks/tmp/sysroots/x86_64-linux/etc'
target_alias='arm-dey-linux-gnueabi'
target_noncanonical='arm-dey-linux-gnueabi'
target_subdir='arm-dey-linux-gnueabi'
thread_header='gthr-single.h'
tm_defines=''
tm_file=' $(srcdir)/config/arm/bpabi-lib.h'
tmake_file=' $(srcdir)/config/t-crtstuff-pic $(srcdir)/config/t-libgcc-pic $(srcdir)/config/t-eh-dw2-dip $(srcdir)/config/t-slibgcc $(srcdir)/config/t-slibgcc-gld $(srcdir)/config/t-slibgcc-elf-ver $(srcdir)/config/t-linux $(srcdir)/config/arm/t-arm $(srcdir)/config/t-fixedpoint-gnu-prefix $(srcdir)/config/arm/t-elf $(srcdir)/config/arm/t-bpabi $(srcdir)/config/arm/t-linux-eabi $(srcdir)/config/t-slibgcc-libgcc $(srcdir)/config/t-softfp-sfdf $(srcdir)/config/t-softfp-excl $(srcdir)/config/arm/t-softfp $(srcdir)/config/t-softfp'
toolexecdir='$(exec_prefix)/$(target_noncanonical)'
toolexeclibdir='$(toolexecdir)/lib'
vis_hide='-fvisibility=hidden -DHIDE_EXPORTS'
with_aix_soname='aix'

## ----------- ##
## confdefs.h. ##
## ----------- ##

/* confdefs.h */
#define PACKAGE_NAME "GNU C Runtime Library"
#define PACKAGE_TARNAME "libgcc"
#define PACKAGE_VERSION "1.0"
#define PACKAGE_STRING "GNU C Runtime Library 1.0"
#define PACKAGE_BUGREPORT ""
#define PACKAGE_URL "http://www.gnu.org/software/libgcc/"
#define SIZEOF_DOUBLE 8
#define SIZEOF_LONG_DOUBLE 8
#define HAVE_INTTYPES_H 1
#define HAVE_STDINT_H 1
#define HAVE_STDLIB_H 1
#define HAVE_FTW_H 1
#define HAVE_UNISTD_H 1
#define HAVE_SYS_STAT_H 1
#define HAVE_SYS_TYPES_H 1
#define HAVE_STRING_H 1
#define HAVE_STRINGS_H 1
#define HAVE_MEMORY_H 1
#define HAVE_GETIPINFO 1
#define HAVE_INIT_PRIORITY 1

configure: exit 0
