This file contains any messages produced by compilers while
running configure, to aid debugging if configure makes a mistake.

It was created by libcc1 configure version-unused, which was
generated by GNU Autoconf 2.64.  Invocation command line was

  $ /home/simon/work/goldilocks/tmp/work-shared/gcc-5.2.0-r0/gcc-5.2.0/libcc1/configure --srcdir=/home/simon/work/goldilocks/tmp/work-shared/gcc-5.2.0-r0/gcc-5.2.0/libcc1 --cache-file=./config.cache --with-system-zlib --prefix=/home/simon/work/goldilocks/tmp/sysroots/x86_64-linux/usr --exec_prefix=/home/simon/work/goldilocks/tmp/sysroots/x86_64-linux/usr --bindir=/home/simon/work/goldilocks/tmp/sysroots/x86_64-linux/usr/bin/arm-dey-linux-gnueabi --sbindir=/home/simon/work/goldilocks/tmp/sysroots/x86_64-linux/usr/bin/arm-dey-linux-gnueabi --libexecdir=/home/simon/work/goldilocks/tmp/sysroots/x86_64-linux/usr/libexec/arm-dey-linux-gnueabi --datadir=/home/simon/work/goldilocks/tmp/sysroots/x86_64-linux/usr/share --sysconfdir=/home/simon/work/goldilocks/tmp/sysroots/x86_64-linux/etc --sharedstatedir=/home/simon/work/goldilocks/tmp/sysroots/x86_64-linux/com --localstatedir=/home/simon/work/goldilocks/tmp/sysroots/x86_64-linux/var --libdir=/home/simon/work/goldilocks/tmp/sysroots/x86_64-linux/usr/lib/arm-dey-linux-gnueabi --includedir=/home/simon/work/goldilocks/tmp/sysroots/x86_64-linux/usr/include --oldincludedir=/home/simon/work/goldilocks/tmp/sysroots/x86_64-linux/usr/include --infodir=/home/simon/work/goldilocks/tmp/sysroots/x86_64-linux/usr/share/info --mandir=/home/simon/work/goldilocks/tmp/sysroots/x86_64-linux/usr/share/man --disable-silent-rules --disable-dependency-tracking --with-libtool-sysroot=/home/simon/work/goldilocks/tmp/sysroots/x86_64-linux --enable-clocale=generic --with-gnu-ld --enable-shared --enable-threads=posix --disable-multilib --enable-c99 --enable-long-long --enable-symvers=gnu --enable-libstdcxx-pch --without-local-prefix --enable-target-optspace --enable-lto --enable-libssp --disable-bootstrap --disable-libmudflap --with-linker-hash-style=gnu --enable-linker-build-id --with-ppl=no --with-cloog=no --enable-checking=release --enable-cheaders=c_global --without-isl --with-gxx-include-dir=/not/exist/usr/include/c++/5.2.0 --with-sysroot=/not/exist --with-build-sysroot=/home/simon/work/goldilocks/tmp/sysroots/ccimx6ulstarter --enable-poison-system-directories --with-mpfr=/home/simon/work/goldilocks/tmp/sysroots/x86_64-linux/usr --with-system-zlib --disable-nls --with-arch=armv7-a --enable-languages=c,c++,lto --program-transform-name=s&^&arm-dey-linux-gnueabi-& --disable-option-checking --build=x86_64-linux --host=x86_64-linux --target=arm-dey-linux-gnueabi --enable-shared

## --------- ##
## Platform. ##
## --------- ##

hostname = simon-XNOTE
uname -m = x86_64
uname -r = 4.2.0-27-generic
uname -s = Linux
uname -v = #32~14.04.1-Ubuntu SMP Fri Jan 22 15:32:26 UTC 2016

/usr/bin/uname -p = unknown
/bin/uname -X     = unknown

/bin/arch              = unknown
/usr/bin/arch -k       = unknown
/usr/convex/getsysinfo = unknown
/usr/bin/hostinfo      = unknown
/bin/machine           = unknown
/usr/bin/oslevel       = unknown
/bin/universe          = unknown

PATH: /home/simon/work/goldilocks/tmp/sysroots/x86_64-linux/usr/bin/texinfo-dummy-native
PATH: /usr/local/dey-2.0/sources/poky/scripts
PATH: /home/simon/work/goldilocks/tmp/sysroots/x86_64-linux/usr/bin/arm-dey-linux-gnueabi
PATH: /home/simon/work/goldilocks/tmp/sysroots/x86_64-linux/home/simon/work/goldilocks/tmp/sysroots/x86_64-linux/usr/bin/arm-dey-linux-gnueabi/crossscripts
PATH: /home/simon/work/goldilocks/tmp/sysroots/x86_64-linux/usr/sbin
PATH: /home/simon/work/goldilocks/tmp/sysroots/x86_64-linux/usr/bin
PATH: /home/simon/work/goldilocks/tmp/sysroots/x86_64-linux/sbin
PATH: /home/simon/work/goldilocks/tmp/sysroots/x86_64-linux/bin
PATH: /usr/local/dey-2.0/sources/poky/scripts
PATH: /usr/local/dey-2.0/sources/poky/bitbake/bin
PATH: /usr/local/sbin
PATH: /usr/local/bin
PATH: /usr/sbin
PATH: /usr/bin
PATH: /sbin
PATH: /bin
PATH: /usr/games
PATH: /usr/local/games


## ----------- ##
## Core tests. ##
## ----------- ##

configure:2290: creating cache ./config.cache
configure:2397: checking build system type
configure:2411: result: x86_64-pc-linux-gnu
configure:2431: checking host system type
configure:2444: result: x86_64-pc-linux-gnu
configure:2464: checking target system type
configure:2477: result: arm-dey-linux-gnueabi
configure:2512: checking for x86_64-linux-gcc
configure:2539: result: gcc 
configure:2808: checking for C compiler version
configure:2817: gcc  --version >&5
gcc (Ubuntu 4.8.4-2ubuntu1~14.04.3) 4.8.4
Copyright (C) 2013 Free Software Foundation, Inc.
This is free software; see the source for copying conditions.  There is NO
warranty; not even for MERCHANTABILITY or FITNESS FOR A PARTICULAR PURPOSE.

configure:2828: $? = 0
configure:2817: gcc  -v >&5
Using built-in specs.
COLLECT_GCC=gcc
COLLECT_LTO_WRAPPER=/usr/lib/gcc/x86_64-linux-gnu/4.8/lto-wrapper
Target: x86_64-linux-gnu
Configured with: ../src/configure -v --with-pkgversion='Ubuntu 4.8.4-2ubuntu1~14.04.3' --with-bugurl=file:///usr/share/doc/gcc-4.8/README.Bugs --enable-languages=c,c++,java,go,d,fortran,objc,obj-c++ --prefix=/usr --program-suffix=-4.8 --enable-shared --enable-linker-build-id --libexecdir=/usr/lib --without-included-gettext --enable-threads=posix --with-gxx-include-dir=/usr/include/c++/4.8 --libdir=/usr/lib --enable-nls --with-sysroot=/ --enable-clocale=gnu --enable-libstdcxx-debug --enable-libstdcxx-time=yes --enable-gnu-unique-object --disable-libmudflap --enable-plugin --with-system-zlib --disable-browser-plugin --enable-java-awt=gtk --enable-gtk-cairo --with-java-home=/usr/lib/jvm/java-1.5.0-gcj-4.8-amd64/jre --enable-java-home --with-jvm-root-dir=/usr/lib/jvm/java-1.5.0-gcj-4.8-amd64 --with-jvm-jar-dir=/usr/lib/jvm-exports/java-1.5.0-gcj-4.8-amd64 --with-arch-directory=amd64 --with-ecj-jar=/usr/share/java/eclipse-ecj.jar --enable-objc-gc --enable-multiarch --disable-werror --with-arch-32=i686 --with-abi=m64 --with-multilib-list=m32,m64,mx32 --with-tune=generic --enable-checking=release --build=x86_64-linux-gnu --host=x86_64-linux-gnu --target=x86_64-linux-gnu
Thread model: posix
gcc version 4.8.4 (Ubuntu 4.8.4-2ubuntu1~14.04.3) 
configure:2828: $? = 0
configure:2817: gcc  -V >&5
gcc: error: unrecognized command line option '-V'
gcc: fatal error: no input files
compilation terminated.
configure:2828: $? = 4
configure:2817: gcc  -qversion >&5
gcc: error: unrecognized command line option '-qversion'
gcc: fatal error: no input files
compilation terminated.
configure:2828: $? = 4
configure:2848: checking for C compiler default output file name
configure:2870: gcc  -isystem/home/simon/work/goldilocks/tmp/sysroots/x86_64-linux/usr/include -O2 -pipe  -static-libstdc++ -static-libgcc -L/home/simon/work/goldilocks/tmp/sysroots/x86_64-linux/usr/lib -L/home/simon/work/goldilocks/tmp/sysroots/x86_64-linux/lib -Wl,-rpath-link,/home/simon/work/goldilocks/tmp/sysroots/x86_64-linux/usr/lib -Wl,-rpath-link,/home/simon/work/goldilocks/tmp/sysroots/x86_64-linux/lib -Wl,-rpath,/home/simon/work/goldilocks/tmp/sysroots/x86_64-linux/usr/lib -Wl,-rpath,/home/simon/work/goldilocks/tmp/sysroots/x86_64-linux/lib -Wl,-O1 conftest.c  >&5
configure:2874: $? = 0
configure:2911: result: a.out
configure:2927: checking whether the C compiler works
configure:2936: ./a.out
configure:2940: $? = 0
configure:2955: result: yes
configure:2962: checking whether we are cross compiling
configure:2964: result: no
configure:2967: checking for suffix of executables
configure:2974: gcc  -o conftest -isystem/home/simon/work/goldilocks/tmp/sysroots/x86_64-linux/usr/include -O2 -pipe  -static-libstdc++ -static-libgcc -L/home/simon/work/goldilocks/tmp/sysroots/x86_64-linux/usr/lib -L/home/simon/work/goldilocks/tmp/sysroots/x86_64-linux/lib -Wl,-rpath-link,/home/simon/work/goldilocks/tmp/sysroots/x86_64-linux/usr/lib -Wl,-rpath-link,/home/simon/work/goldilocks/tmp/sysroots/x86_64-linux/lib -Wl,-rpath,/home/simon/work/goldilocks/tmp/sysroots/x86_64-linux/usr/lib -Wl,-rpath,/home/simon/work/goldilocks/tmp/sysroots/x86_64-linux/lib -Wl,-O1 conftest.c  >&5
configure:2978: $? = 0
configure:3000: result: 
configure:3006: checking for suffix of object files
configure:3028: gcc  -c -isystem/home/simon/work/goldilocks/tmp/sysroots/x86_64-linux/usr/include -O2 -pipe  conftest.c >&5
configure:3032: $? = 0
configure:3053: result: o
configure:3057: checking whether we are using the GNU C compiler
configure:3076: gcc  -c -isystem/home/simon/work/goldilocks/tmp/sysroots/x86_64-linux/usr/include -O2 -pipe  conftest.c >&5
configure:3076: $? = 0
configure:3085: result: yes
configure:3094: checking whether gcc  accepts -g
configure:3114: gcc  -c -g  conftest.c >&5
configure:3114: $? = 0
configure:3155: result: yes
configure:3172: checking for gcc  option to accept ISO C89
configure:3236: gcc   -c -isystem/home/simon/work/goldilocks/tmp/sysroots/x86_64-linux/usr/include -O2 -pipe  conftest.c >&5
configure:3236: $? = 0
configure:3249: result: none needed
configure:3275: checking how to run the C preprocessor
configure:3345: result: gcc  -E
configure:3365: gcc  -E  conftest.c
configure:3365: $? = 0
configure:3379: gcc  -E  conftest.c
conftest.c:9:28: fatal error: ac_nonexistent.h: No such file or directory
 #include <ac_nonexistent.h>
                            ^
compilation terminated.
configure:3379: $? = 1
configure: failed program was:
| /* confdefs.h */
| #define PACKAGE_NAME "libcc1"
| #define PACKAGE_TARNAME "libcc1"
| #define PACKAGE_VERSION "version-unused"
| #define PACKAGE_STRING "libcc1 version-unused"
| #define PACKAGE_BUGREPORT ""
| #define PACKAGE_URL ""
| /* end confdefs.h.  */
| #include <ac_nonexistent.h>
configure:3408: checking for grep that handles long lines and -e
configure:3466: result: /bin/grep
configure:3471: checking for egrep
configure:3533: result: /bin/grep -E
configure:3538: checking for ANSI C header files
configure:3558: gcc  -c -isystem/home/simon/work/goldilocks/tmp/sysroots/x86_64-linux/usr/include -O2 -pipe  conftest.c >&5
configure:3558: $? = 0
configure:3631: gcc  -o conftest -isystem/home/simon/work/goldilocks/tmp/sysroots/x86_64-linux/usr/include -O2 -pipe  -static-libstdc++ -static-libgcc -L/home/simon/work/goldilocks/tmp/sysroots/x86_64-linux/usr/lib -L/home/simon/work/goldilocks/tmp/sysroots/x86_64-linux/lib -Wl,-rpath-link,/home/simon/work/goldilocks/tmp/sysroots/x86_64-linux/usr/lib -Wl,-rpath-link,/home/simon/work/goldilocks/tmp/sysroots/x86_64-linux/lib -Wl,-rpath,/home/simon/work/goldilocks/tmp/sysroots/x86_64-linux/usr/lib -Wl,-rpath,/home/simon/work/goldilocks/tmp/sysroots/x86_64-linux/lib -Wl,-O1 conftest.c  >&5
configure:3631: $? = 0
configure:3631: ./conftest
configure:3631: $? = 0
configure:3642: result: yes
configure:3655: checking for sys/types.h
configure:3655: gcc  -c -isystem/home/simon/work/goldilocks/tmp/sysroots/x86_64-linux/usr/include -O2 -pipe  conftest.c >&5
configure:3655: $? = 0
configure:3655: result: yes
configure:3655: checking for sys/stat.h
configure:3655: gcc  -c -isystem/home/simon/work/goldilocks/tmp/sysroots/x86_64-linux/usr/include -O2 -pipe  conftest.c >&5
configure:3655: $? = 0
configure:3655: result: yes
configure:3655: checking for stdlib.h
configure:3655: gcc  -c -isystem/home/simon/work/goldilocks/tmp/sysroots/x86_64-linux/usr/include -O2 -pipe  conftest.c >&5
configure:3655: $? = 0
configure:3655: result: yes
configure:3655: checking for string.h
configure:3655: gcc  -c -isystem/home/simon/work/goldilocks/tmp/sysroots/x86_64-linux/usr/include -O2 -pipe  conftest.c >&5
configure:3655: $? = 0
configure:3655: result: yes
configure:3655: checking for memory.h
configure:3655: gcc  -c -isystem/home/simon/work/goldilocks/tmp/sysroots/x86_64-linux/usr/include -O2 -pipe  conftest.c >&5
configure:3655: $? = 0
configure:3655: result: yes
configure:3655: checking for strings.h
configure:3655: gcc  -c -isystem/home/simon/work/goldilocks/tmp/sysroots/x86_64-linux/usr/include -O2 -pipe  conftest.c >&5
configure:3655: $? = 0
configure:3655: result: yes
configure:3655: checking for inttypes.h
configure:3655: gcc  -c -isystem/home/simon/work/goldilocks/tmp/sysroots/x86_64-linux/usr/include -O2 -pipe  conftest.c >&5
configure:3655: $? = 0
configure:3655: result: yes
configure:3655: checking for stdint.h
configure:3655: gcc  -c -isystem/home/simon/work/goldilocks/tmp/sysroots/x86_64-linux/usr/include -O2 -pipe  conftest.c >&5
configure:3655: $? = 0
configure:3655: result: yes
configure:3655: checking for unistd.h
configure:3655: gcc  -c -isystem/home/simon/work/goldilocks/tmp/sysroots/x86_64-linux/usr/include -O2 -pipe  conftest.c >&5
configure:3655: $? = 0
configure:3655: result: yes
configure:3669: checking minix/config.h usability
configure:3669: gcc  -c -isystem/home/simon/work/goldilocks/tmp/sysroots/x86_64-linux/usr/include -O2 -pipe  conftest.c >&5
conftest.c:52:26: fatal error: minix/config.h: No such file or directory
 #include <minix/config.h>
                          ^
compilation terminated.
configure:3669: $? = 1
configure: failed program was:
| /* confdefs.h */
| #define PACKAGE_NAME "libcc1"
| #define PACKAGE_TARNAME "libcc1"
| #define PACKAGE_VERSION "version-unused"
| #define PACKAGE_STRING "libcc1 version-unused"
| #define PACKAGE_BUGREPORT ""
| #define PACKAGE_URL ""
| #define STDC_HEADERS 1
| #define HAVE_SYS_TYPES_H 1
| #define HAVE_SYS_STAT_H 1
| #define HAVE_STDLIB_H 1
| #define HAVE_STRING_H 1
| #define HAVE_MEMORY_H 1
| #define HAVE_STRINGS_H 1
| #define HAVE_INTTYPES_H 1
| #define HAVE_STDINT_H 1
| #define HAVE_UNISTD_H 1
| /* end confdefs.h.  */
| #include <stdio.h>
| #ifdef HAVE_SYS_TYPES_H
| # include <sys/types.h>
| #endif
| #ifdef HAVE_SYS_STAT_H
| # include <sys/stat.h>
| #endif
| #ifdef STDC_HEADERS
| # include <stdlib.h>
| # include <stddef.h>
| #else
| # ifdef HAVE_STDLIB_H
| #  include <stdlib.h>
| # endif
| #endif
| #ifdef HAVE_STRING_H
| # if !defined STDC_HEADERS && defined HAVE_MEMORY_H
| #  include <memory.h>
| # endif
| # include <string.h>
| #endif
| #ifdef HAVE_STRINGS_H
| # include <strings.h>
| #endif
| #ifdef HAVE_INTTYPES_H
| # include <inttypes.h>
| #endif
| #ifdef HAVE_STDINT_H
| # include <stdint.h>
| #endif
| #ifdef HAVE_UNISTD_H
| # include <unistd.h>
| #endif
| #include <minix/config.h>
configure:3669: result: no
configure:3669: checking minix/config.h presence
configure:3669: gcc  -E  conftest.c
conftest.c:19:26: fatal error: minix/config.h: No such file or directory
 #include <minix/config.h>
                          ^
compilation terminated.
configure:3669: $? = 1
configure: failed program was:
| /* confdefs.h */
| #define PACKAGE_NAME "libcc1"
| #define PACKAGE_TARNAME "libcc1"
| #define PACKAGE_VERSION "version-unused"
| #define PACKAGE_STRING "libcc1 version-unused"
| #define PACKAGE_BUGREPORT ""
| #define PACKAGE_URL ""
| #define STDC_HEADERS 1
| #define HAVE_SYS_TYPES_H 1
| #define HAVE_SYS_STAT_H 1
| #define HAVE_STDLIB_H 1
| #define HAVE_STRING_H 1
| #define HAVE_MEMORY_H 1
| #define HAVE_STRINGS_H 1
| #define HAVE_INTTYPES_H 1
| #define HAVE_STDINT_H 1
| #define HAVE_UNISTD_H 1
| /* end confdefs.h.  */
| #include <minix/config.h>
configure:3669: result: no
configure:3669: checking for minix/config.h
configure:3669: result: no
configure:3690: checking whether it is safe to define __EXTENSIONS__
configure:3708: gcc  -c -isystem/home/simon/work/goldilocks/tmp/sysroots/x86_64-linux/usr/include -O2 -pipe  conftest.c >&5
configure:3708: $? = 0
configure:3715: result: yes
configure:3800: checking for a BSD-compatible install
configure:3868: result: /usr/bin/install -c
configure:3879: checking whether build environment is sane
configure:3929: result: yes
configure:4070: checking for a thread-safe mkdir -p
configure:4109: result: /bin/mkdir -p
configure:4122: checking for gawk
configure:4149: result: gawk
configure:4160: checking whether make sets $(MAKE)
configure:4182: result: yes
configure:4212: checking for style of include used by make
configure:4240: result: GNU
configure:4316: checking dependency style of gcc 
configure:4426: result: none
configure:4443: checking whether to enable maintainer-specific portions of Makefiles
configure:4452: result: no
configure:4512: checking how to print strings
configure:4539: result: printf
configure:4560: checking for a sed that does not truncate output
configure:4624: result: /bin/sed
configure:4642: checking for fgrep
configure:4704: result: /bin/grep -F
configure:4739: checking for ld used by gcc 
configure:4806: result: ld 
configure:4813: checking if the linker (ld ) is GNU ld
configure:4828: result: yes
configure:4840: checking for BSD- or MS-compatible name lister (nm)
configure:4889: result: nm
configure:5019: checking the name lister (nm) interface
configure:5026: gcc  -c -isystem/home/simon/work/goldilocks/tmp/sysroots/x86_64-linux/usr/include -O2 -pipe  conftest.c >&5
configure:5029: nm "conftest.o"
configure:5032: output
0000000000000000 B some_variable
configure:5039: result: BSD nm
configure:5042: checking whether ln -s works
configure:5046: result: yes
configure:5054: checking the maximum length of command line arguments
configure:5179: result: 3458764513820540925
configure:5196: checking whether the shell understands some XSI constructs
configure:5206: result: yes
configure:5210: checking whether the shell understands "+="
configure:5216: result: yes
configure:5251: checking for ld  option to reload object files
configure:5258: result: -r
configure:5287: checking for x86_64-linux-objdump
configure:5314: result: objdump
configure:5386: checking how to recognize dependent libraries
configure:5587: result: pass_all
configure:5607: checking for x86_64-linux-ar
configure:5634: result: ar
configure:5712: checking for x86_64-linux-strip
configure:5739: result: strip
configure:5811: checking for x86_64-linux-ranlib
configure:5838: result: ranlib
configure:5980: checking command to parse nm output from gcc  object
configure:6098: gcc  -c -isystem/home/simon/work/goldilocks/tmp/sysroots/x86_64-linux/usr/include -O2 -pipe  conftest.c >&5
configure:6101: $? = 0
configure:6105: nm conftest.o \| sed -n -e 's/^.*[ ]\([ABCDGIRSTW][ABCDGIRSTW]*\)[ ][ ]*\([_A-Za-z][_A-Za-z0-9]*\)$/\1 \2 \2/p' \> conftest.nm
configure:6108: $? = 0
configure:6162: gcc  -o conftest -isystem/home/simon/work/goldilocks/tmp/sysroots/x86_64-linux/usr/include -O2 -pipe  -static-libstdc++ -static-libgcc -L/home/simon/work/goldilocks/tmp/sysroots/x86_64-linux/usr/lib -L/home/simon/work/goldilocks/tmp/sysroots/x86_64-linux/lib -Wl,-rpath-link,/home/simon/work/goldilocks/tmp/sysroots/x86_64-linux/usr/lib -Wl,-rpath-link,/home/simon/work/goldilocks/tmp/sysroots/x86_64-linux/lib -Wl,-rpath,/home/simon/work/goldilocks/tmp/sysroots/x86_64-linux/usr/lib -Wl,-rpath,/home/simon/work/goldilocks/tmp/sysroots/x86_64-linux/lib -Wl,-O1 conftest.c conftstm.o >&5
configure:6165: $? = 0
configure:6203: result: ok
configure:6298: gcc  -c -isystem/home/simon/work/goldilocks/tmp/sysroots/x86_64-linux/usr/include -O2 -pipe  conftest.c >&5
configure:6301: $? = 0
configure:7051: checking for dlfcn.h
configure:7051: gcc  -c -isystem/home/simon/work/goldilocks/tmp/sysroots/x86_64-linux/usr/include -O2 -pipe  conftest.c >&5
configure:7051: $? = 0
configure:7051: result: yes
configure:7237: checking for objdir
configure:7252: result: .libs
configure:7523: checking if gcc  supports -fno-rtti -fno-exceptions
configure:7541: gcc  -c -isystem/home/simon/work/goldilocks/tmp/sysroots/x86_64-linux/usr/include -O2 -pipe  -fno-rtti -fno-exceptions conftest.c >&5
cc1: warning: command line option '-fno-rtti' is valid for C++/ObjC++ but not for C [enabled by default]
configure:7545: $? = 0
configure:7558: result: no
configure:7578: checking for gcc  option to produce PIC
configure:7864: result: -fPIC -DPIC
configure:7876: checking if gcc  PIC flag -fPIC -DPIC works
configure:7894: gcc  -c -isystem/home/simon/work/goldilocks/tmp/sysroots/x86_64-linux/usr/include -O2 -pipe  -fPIC -DPIC -DPIC conftest.c >&5
configure:7898: $? = 0
configure:7911: result: yes
configure:7935: checking if gcc  static flag -static works
configure:7963: result: yes
configure:7978: checking if gcc  supports -c -o file.o
configure:7999: gcc  -c -isystem/home/simon/work/goldilocks/tmp/sysroots/x86_64-linux/usr/include -O2 -pipe  -o out/conftest2.o conftest.c >&5
configure:8003: $? = 0
configure:8025: result: yes
configure:8033: checking if gcc  supports -c -o file.o
configure:8080: result: yes
configure:8113: checking whether the gcc  linker (ld  -m elf_x86_64) supports shared libraries
configure:9184: result: yes
configure:9221: checking whether -lc should be explicitly linked in
configure:9229: gcc  -c -isystem/home/simon/work/goldilocks/tmp/sysroots/x86_64-linux/usr/include -O2 -pipe  conftest.c >&5
configure:9232: $? = 0
configure:9247: gcc  -shared  -fPIC -DPIC conftest.o  -v -Wl,-soname -Wl,conftest -o conftest 2\>\&1 \| /bin/grep  -lc  \>/dev/null 2\>\&1
configure:9250: $? = 0
configure:9264: result: no
configure:9429: checking dynamic linker characteristics
configure:9880: gcc  -o conftest -isystem/home/simon/work/goldilocks/tmp/sysroots/x86_64-linux/usr/include -O2 -pipe  -static-libstdc++ -static-libgcc -L/home/simon/work/goldilocks/tmp/sysroots/x86_64-linux/usr/lib -L/home/simon/work/goldilocks/tmp/sysroots/x86_64-linux/lib -Wl,-rpath-link,/home/simon/work/goldilocks/tmp/sysroots/x86_64-linux/usr/lib -Wl,-rpath-link,/home/simon/work/goldilocks/tmp/sysroots/x86_64-linux/lib -Wl,-rpath,/home/simon/work/goldilocks/tmp/sysroots/x86_64-linux/usr/lib -Wl,-rpath,/home/simon/work/goldilocks/tmp/sysroots/x86_64-linux/lib -Wl,-O1 -Wl,-rpath -Wl,/foo conftest.c  >&5
configure:9880: $? = 0
configure:10102: result: GNU/Linux ld.so
configure:10209: checking how to hardcode library paths into programs
configure:10234: result: immediate
configure:10774: checking whether stripping libraries is possible
configure:10779: result: yes
configure:10814: checking if libtool supports shared libraries
configure:10816: result: yes
configure:10819: checking whether to build shared libraries
configure:10840: result: yes
configure:10843: checking whether to build static libraries
configure:10847: result: no
configure:10995: checking for C++ compiler version
configure:11004: g++  --version >&5
g++ (Ubuntu 4.8.4-2ubuntu1~14.04.3) 4.8.4
Copyright (C) 2013 Free Software Foundation, Inc.
This is free software; see the source for copying conditions.  There is NO
warranty; not even for MERCHANTABILITY or FITNESS FOR A PARTICULAR PURPOSE.

configure:11015: $? = 0
configure:11004: g++  -v >&5
Using built-in specs.
COLLECT_GCC=g++
COLLECT_LTO_WRAPPER=/usr/lib/gcc/x86_64-linux-gnu/4.8/lto-wrapper
Target: x86_64-linux-gnu
Configured with: ../src/configure -v --with-pkgversion='Ubuntu 4.8.4-2ubuntu1~14.04.3' --with-bugurl=file:///usr/share/doc/gcc-4.8/README.Bugs --enable-languages=c,c++,java,go,d,fortran,objc,obj-c++ --prefix=/usr --program-suffix=-4.8 --enable-shared --enable-linker-build-id --libexecdir=/usr/lib --without-included-gettext --enable-threads=posix --with-gxx-include-dir=/usr/include/c++/4.8 --libdir=/usr/lib --enable-nls --with-sysroot=/ --enable-clocale=gnu --enable-libstdcxx-debug --enable-libstdcxx-time=yes --enable-gnu-unique-object --disable-libmudflap --enable-plugin --with-system-zlib --disable-browser-plugin --enable-java-awt=gtk --enable-gtk-cairo --with-java-home=/usr/lib/jvm/java-1.5.0-gcj-4.8-amd64/jre --enable-java-home --with-jvm-root-dir=/usr/lib/jvm/java-1.5.0-gcj-4.8-amd64 --with-jvm-jar-dir=/usr/lib/jvm-exports/java-1.5.0-gcj-4.8-amd64 --with-arch-directory=amd64 --with-ecj-jar=/usr/share/java/eclipse-ecj.jar --enable-objc-gc --enable-multiarch --disable-werror --with-arch-32=i686 --with-abi=m64 --with-multilib-list=m32,m64,mx32 --with-tune=generic --enable-checking=release --build=x86_64-linux-gnu --host=x86_64-linux-gnu --target=x86_64-linux-gnu
Thread model: posix
gcc version 4.8.4 (Ubuntu 4.8.4-2ubuntu1~14.04.3) 
configure:11015: $? = 0
configure:11004: g++  -V >&5
g++: error: unrecognized command line option '-V'
g++: fatal error: no input files
compilation terminated.
configure:11015: $? = 4
configure:11004: g++  -qversion >&5
g++: error: unrecognized command line option '-qversion'
g++: fatal error: no input files
compilation terminated.
configure:11015: $? = 4
configure:11019: checking whether we are using the GNU C++ compiler
configure:11038: g++  -c -isystem/home/simon/work/goldilocks/tmp/sysroots/x86_64-linux/usr/include -O2 -pipe  conftest.cpp >&5
configure:11038: $? = 0
configure:11047: result: yes
configure:11056: checking whether g++  accepts -g
configure:11076: g++  -c -g  conftest.cpp >&5
configure:11076: $? = 0
configure:11117: result: yes
configure:11142: checking dependency style of g++ 
configure:11252: result: none
configure:11275: checking how to run the C++ preprocessor
configure:11302: g++  -E  conftest.cpp
configure:11302: $? = 0
configure:11316: g++  -E  conftest.cpp
conftest.cpp:26:28: fatal error: ac_nonexistent.h: No such file or directory
 #include <ac_nonexistent.h>
                            ^
compilation terminated.
configure:11316: $? = 1
configure: failed program was:
| /* confdefs.h */
| #define PACKAGE_NAME "libcc1"
| #define PACKAGE_TARNAME "libcc1"
| #define PACKAGE_VERSION "version-unused"
| #define PACKAGE_STRING "libcc1 version-unused"
| #define PACKAGE_BUGREPORT ""
| #define PACKAGE_URL ""
| #define STDC_HEADERS 1
| #define HAVE_SYS_TYPES_H 1
| #define HAVE_SYS_STAT_H 1
| #define HAVE_STDLIB_H 1
| #define HAVE_STRING_H 1
| #define HAVE_MEMORY_H 1
| #define HAVE_STRINGS_H 1
| #define HAVE_INTTYPES_H 1
| #define HAVE_STDINT_H 1
| #define HAVE_UNISTD_H 1
| #define __EXTENSIONS__ 1
| #define _ALL_SOURCE 1
| #define _GNU_SOURCE 1
| #define _POSIX_PTHREAD_SEMANTICS 1
| #define _TANDEM_SOURCE 1
| #define HAVE_DLFCN_H 1
| #define LT_OBJDIR ".libs/"
| /* end confdefs.h.  */
| #include <ac_nonexistent.h>
configure:11341: result: g++  -E
configure:11361: g++  -E  conftest.cpp
configure:11361: $? = 0
configure:11375: g++  -E  conftest.cpp
conftest.cpp:26:28: fatal error: ac_nonexistent.h: No such file or directory
 #include <ac_nonexistent.h>
                            ^
compilation terminated.
configure:11375: $? = 1
configure: failed program was:
| /* confdefs.h */
| #define PACKAGE_NAME "libcc1"
| #define PACKAGE_TARNAME "libcc1"
| #define PACKAGE_VERSION "version-unused"
| #define PACKAGE_STRING "libcc1 version-unused"
| #define PACKAGE_BUGREPORT ""
| #define PACKAGE_URL ""
| #define STDC_HEADERS 1
| #define HAVE_SYS_TYPES_H 1
| #define HAVE_SYS_STAT_H 1
| #define HAVE_STDLIB_H 1
| #define HAVE_STRING_H 1
| #define HAVE_MEMORY_H 1
| #define HAVE_STRINGS_H 1
| #define HAVE_INTTYPES_H 1
| #define HAVE_STDINT_H 1
| #define HAVE_UNISTD_H 1
| #define __EXTENSIONS__ 1
| #define _ALL_SOURCE 1
| #define _GNU_SOURCE 1
| #define _POSIX_PTHREAD_SEMANTICS 1
| #define _TANDEM_SOURCE 1
| #define HAVE_DLFCN_H 1
| #define LT_OBJDIR ".libs/"
| /* end confdefs.h.  */
| #include <ac_nonexistent.h>
configure:11543: checking for ld used by g++ 
configure:11610: result: ld  -m elf_x86_64
configure:11617: checking if the linker (ld  -m elf_x86_64) is GNU ld
configure:11632: result: yes
configure:11687: checking whether the g++  linker (ld  -m elf_x86_64) supports shared libraries
configure:12619: result: yes
configure:12647: g++  -c -isystem/home/simon/work/goldilocks/tmp/sysroots/x86_64-linux/usr/include -O2 -pipe  conftest.cpp >&5
configure:12650: $? = 0
configure:12832: checking for g++  option to produce PIC
configure:13155: result: -fPIC -DPIC
configure:13164: checking if g++  PIC flag -fPIC -DPIC works
configure:13182: g++  -c -isystem/home/simon/work/goldilocks/tmp/sysroots/x86_64-linux/usr/include -O2 -pipe  -fPIC -DPIC -DPIC conftest.cpp >&5
configure:13186: $? = 0
configure:13199: result: yes
configure:13220: checking if g++  static flag -static works
configure:13248: result: yes
configure:13260: checking if g++  supports -c -o file.o
configure:13281: g++  -c -isystem/home/simon/work/goldilocks/tmp/sysroots/x86_64-linux/usr/include -O2 -pipe  -o out/conftest2.o conftest.cpp >&5
configure:13285: $? = 0
configure:13307: result: yes
configure:13312: checking if g++  supports -c -o file.o
configure:13359: result: yes
configure:13389: checking whether the g++  linker (ld  -m elf_x86_64) supports shared libraries
configure:13417: result: yes
configure:13560: checking dynamic linker characteristics
configure:14167: result: GNU/Linux ld.so
configure:14220: checking how to hardcode library paths into programs
configure:14245: result: immediate
configure:14291: checking whether basename is declared
configure:14291: gcc  -c -isystem/home/simon/work/goldilocks/tmp/sysroots/x86_64-linux/usr/include -O2 -pipe  conftest.c >&5
configure:14291: $? = 0
configure:14291: result: yes
configure:14317: checking whether gcc  supports -W
configure:14334: gcc  -c -W  conftest.c >&5
configure:14334: $? = 0
configure:14343: result: yes
configure:14317: checking whether gcc  supports -Wall
configure:14334: gcc  -c -Wall  conftest.c >&5
configure:14334: $? = 0
configure:14343: result: yes
configure:14374: checking for socket libraries
configure:14381: checking for connect
configure:14381: gcc  -o conftest -isystem/home/simon/work/goldilocks/tmp/sysroots/x86_64-linux/usr/include -O2 -pipe  -static-libstdc++ -static-libgcc -L/home/simon/work/goldilocks/tmp/sysroots/x86_64-linux/usr/lib -L/home/simon/work/goldilocks/tmp/sysroots/x86_64-linux/lib -Wl,-rpath-link,/home/simon/work/goldilocks/tmp/sysroots/x86_64-linux/usr/lib -Wl,-rpath-link,/home/simon/work/goldilocks/tmp/sysroots/x86_64-linux/lib -Wl,-rpath,/home/simon/work/goldilocks/tmp/sysroots/x86_64-linux/usr/lib -Wl,-rpath,/home/simon/work/goldilocks/tmp/sysroots/x86_64-linux/lib -Wl,-O1 conftest.c  >&5
configure:14381: $? = 0
configure:14381: result: yes
configure:14442: checking for gethostbyname
configure:14442: gcc  -o conftest -isystem/home/simon/work/goldilocks/tmp/sysroots/x86_64-linux/usr/include -O2 -pipe  -static-libstdc++ -static-libgcc -L/home/simon/work/goldilocks/tmp/sysroots/x86_64-linux/usr/lib -L/home/simon/work/goldilocks/tmp/sysroots/x86_64-linux/lib -Wl,-rpath-link,/home/simon/work/goldilocks/tmp/sysroots/x86_64-linux/usr/lib -Wl,-rpath-link,/home/simon/work/goldilocks/tmp/sysroots/x86_64-linux/lib -Wl,-rpath,/home/simon/work/goldilocks/tmp/sysroots/x86_64-linux/usr/lib -Wl,-rpath,/home/simon/work/goldilocks/tmp/sysroots/x86_64-linux/lib -Wl,-O1 conftest.c  >&5
configure:14442: $? = 0
configure:14442: result: yes
configure:14486: result: 
configure:14526: checking for exported symbols
configure:14536: result: yes
configure:14538: checking for -rdynamic
configure:14548: result: yes
configure:14558: checking for library containing dlopen
configure:14589: gcc  -o conftest -isystem/home/simon/work/goldilocks/tmp/sysroots/x86_64-linux/usr/include -O2 -pipe  -static-libstdc++ -static-libgcc -L/home/simon/work/goldilocks/tmp/sysroots/x86_64-linux/usr/lib -L/home/simon/work/goldilocks/tmp/sysroots/x86_64-linux/lib -Wl,-rpath-link,/home/simon/work/goldilocks/tmp/sysroots/x86_64-linux/usr/lib -Wl,-rpath-link,/home/simon/work/goldilocks/tmp/sysroots/x86_64-linux/lib -Wl,-rpath,/home/simon/work/goldilocks/tmp/sysroots/x86_64-linux/usr/lib -Wl,-rpath,/home/simon/work/goldilocks/tmp/sysroots/x86_64-linux/lib -Wl,-O1 conftest.c   >&5
/tmp/ccE7vUka.o: In function `main':
conftest.c:(.text.startup+0x7): undefined reference to `dlopen'
collect2: error: ld returned 1 exit status
configure:14589: $? = 1
configure: failed program was:
| /* confdefs.h */
| #define PACKAGE_NAME "libcc1"
| #define PACKAGE_TARNAME "libcc1"
| #define PACKAGE_VERSION "version-unused"
| #define PACKAGE_STRING "libcc1 version-unused"
| #define PACKAGE_BUGREPORT ""
| #define PACKAGE_URL ""
| #define STDC_HEADERS 1
| #define HAVE_SYS_TYPES_H 1
| #define HAVE_SYS_STAT_H 1
| #define HAVE_STDLIB_H 1
| #define HAVE_STRING_H 1
| #define HAVE_MEMORY_H 1
| #define HAVE_STRINGS_H 1
| #define HAVE_INTTYPES_H 1
| #define HAVE_STDINT_H 1
| #define HAVE_UNISTD_H 1
| #define __EXTENSIONS__ 1
| #define _ALL_SOURCE 1
| #define _GNU_SOURCE 1
| #define _POSIX_PTHREAD_SEMANTICS 1
| #define _TANDEM_SOURCE 1
| #define HAVE_DLFCN_H 1
| #define LT_OBJDIR ".libs/"
| #define HAVE_DECL_BASENAME 1
| /* end confdefs.h.  */
| 
| /* Override any GCC internal prototype to avoid an error.
|    Use char because int might match the return type of a GCC
|    builtin and then its argument prototype would still apply.  */
| #ifdef __cplusplus
| extern "C"
| #endif
| char dlopen ();
| int
| main ()
| {
| return dlopen ();
|   ;
|   return 0;
| }
configure:14589: gcc  -o conftest -isystem/home/simon/work/goldilocks/tmp/sysroots/x86_64-linux/usr/include -O2 -pipe  -static-libstdc++ -static-libgcc -L/home/simon/work/goldilocks/tmp/sysroots/x86_64-linux/usr/lib -L/home/simon/work/goldilocks/tmp/sysroots/x86_64-linux/lib -Wl,-rpath-link,/home/simon/work/goldilocks/tmp/sysroots/x86_64-linux/usr/lib -Wl,-rpath-link,/home/simon/work/goldilocks/tmp/sysroots/x86_64-linux/lib -Wl,-rpath,/home/simon/work/goldilocks/tmp/sysroots/x86_64-linux/usr/lib -Wl,-rpath,/home/simon/work/goldilocks/tmp/sysroots/x86_64-linux/lib -Wl,-O1 conftest.c -ldl    >&5
configure:14589: $? = 0
configure:14606: result: -ldl
configure:14633: checking for -fPIC -shared
configure:14646: gcc  -o conftest -isystem/home/simon/work/goldilocks/tmp/sysroots/x86_64-linux/usr/include -O2 -pipe -fPIC  -static-libstdc++ -static-libgcc -L/home/simon/work/goldilocks/tmp/sysroots/x86_64-linux/usr/lib -L/home/simon/work/goldilocks/tmp/sysroots/x86_64-linux/lib -Wl,-rpath-link,/home/simon/work/goldilocks/tmp/sysroots/x86_64-linux/usr/lib -Wl,-rpath-link,/home/simon/work/goldilocks/tmp/sysroots/x86_64-linux/lib -Wl,-rpath,/home/simon/work/goldilocks/tmp/sysroots/x86_64-linux/usr/lib -Wl,-rpath,/home/simon/work/goldilocks/tmp/sysroots/x86_64-linux/lib -Wl,-O1 -fPIC -shared conftest.c   >&5
configure:14646: $? = 0
configure:14647: result: yes
configure:14672: checking for socketpair
configure:14672: gcc  -o conftest -isystem/home/simon/work/goldilocks/tmp/sysroots/x86_64-linux/usr/include -O2 -pipe  -static-libstdc++ -static-libgcc -L/home/simon/work/goldilocks/tmp/sysroots/x86_64-linux/usr/lib -L/home/simon/work/goldilocks/tmp/sysroots/x86_64-linux/lib -Wl,-rpath-link,/home/simon/work/goldilocks/tmp/sysroots/x86_64-linux/usr/lib -Wl,-rpath-link,/home/simon/work/goldilocks/tmp/sysroots/x86_64-linux/lib -Wl,-rpath,/home/simon/work/goldilocks/tmp/sysroots/x86_64-linux/usr/lib -Wl,-rpath,/home/simon/work/goldilocks/tmp/sysroots/x86_64-linux/lib -Wl,-O1 conftest.c   >&5
configure:14672: $? = 0
configure:14672: result: yes
configure:14679: checking for select
configure:14679: gcc  -o conftest -isystem/home/simon/work/goldilocks/tmp/sysroots/x86_64-linux/usr/include -O2 -pipe  -static-libstdc++ -static-libgcc -L/home/simon/work/goldilocks/tmp/sysroots/x86_64-linux/usr/lib -L/home/simon/work/goldilocks/tmp/sysroots/x86_64-linux/lib -Wl,-rpath-link,/home/simon/work/goldilocks/tmp/sysroots/x86_64-linux/usr/lib -Wl,-rpath-link,/home/simon/work/goldilocks/tmp/sysroots/x86_64-linux/lib -Wl,-rpath,/home/simon/work/goldilocks/tmp/sysroots/x86_64-linux/usr/lib -Wl,-rpath,/home/simon/work/goldilocks/tmp/sysroots/x86_64-linux/lib -Wl,-O1 conftest.c   >&5
configure:14679: $? = 0
configure:14679: result: yes
configure:14686: checking for fork
configure:14686: gcc  -o conftest -isystem/home/simon/work/goldilocks/tmp/sysroots/x86_64-linux/usr/include -O2 -pipe  -static-libstdc++ -static-libgcc -L/home/simon/work/goldilocks/tmp/sysroots/x86_64-linux/usr/lib -L/home/simon/work/goldilocks/tmp/sysroots/x86_64-linux/lib -Wl,-rpath-link,/home/simon/work/goldilocks/tmp/sysroots/x86_64-linux/usr/lib -Wl,-rpath-link,/home/simon/work/goldilocks/tmp/sysroots/x86_64-linux/lib -Wl,-rpath,/home/simon/work/goldilocks/tmp/sysroots/x86_64-linux/usr/lib -Wl,-rpath,/home/simon/work/goldilocks/tmp/sysroots/x86_64-linux/lib -Wl,-O1 conftest.c   >&5
conftest.c:50:6: warning: conflicting types for built-in function 'fork' [enabled by default]
 char fork ();
      ^
configure:14686: $? = 0
configure:14686: result: yes
configure:14769: updating cache ./config.cache
configure:14834: creating ./config.status

## ---------------------- ##
## Running config.status. ##
## ---------------------- ##

This file was extended by libcc1 config.status version-unused, which was
generated by GNU Autoconf 2.64.  Invocation command line was

  CONFIG_FILES    = 
  CONFIG_HEADERS  = 
  CONFIG_LINKS    = 
  CONFIG_COMMANDS = 
  $ ./config.status 

on simon-XNOTE

config.status:1152: creating Makefile
config.status:1152: creating cc1plugin-config.h
config.status:1365: executing depfiles commands
config.status:1365: executing libtool commands

## ---------------- ##
## Cache variables. ##
## ---------------- ##

ac_cv_build=x86_64-pc-linux-gnu
ac_cv_c_compiler_gnu=yes
ac_cv_cxx_compiler_gnu=yes
ac_cv_env_CCC_set=
ac_cv_env_CCC_value=
ac_cv_env_CC_set=set
ac_cv_env_CC_value='gcc '
ac_cv_env_CFLAGS_set=set
ac_cv_env_CFLAGS_value='-isystem/home/simon/work/goldilocks/tmp/sysroots/x86_64-linux/usr/include -O2 -pipe'
ac_cv_env_CPPFLAGS_set=set
ac_cv_env_CPPFLAGS_value=
ac_cv_env_CPP_set=set
ac_cv_env_CPP_value='gcc  -E'
ac_cv_env_CXXCPP_set=
ac_cv_env_CXXCPP_value=
ac_cv_env_CXXFLAGS_set=set
ac_cv_env_CXXFLAGS_value='-isystem/home/simon/work/goldilocks/tmp/sysroots/x86_64-linux/usr/include -O2 -pipe'
ac_cv_env_CXX_set=set
ac_cv_env_CXX_value='g++ '
ac_cv_env_GMPINC_set=set
ac_cv_env_GMPINC_value='-I/home/simon/work/goldilocks/tmp/sysroots/x86_64-linux/usr/include '
ac_cv_env_LDFLAGS_set=set
ac_cv_env_LDFLAGS_value='-static-libstdc++ -static-libgcc -L/home/simon/work/goldilocks/tmp/sysroots/x86_64-linux/usr/lib -L/home/simon/work/goldilocks/tmp/sysroots/x86_64-linux/lib -Wl,-rpath-link,/home/simon/work/goldilocks/tmp/sysroots/x86_64-linux/usr/lib -Wl,-rpath-link,/home/simon/work/goldilocks/tmp/sysroots/x86_64-linux/lib -Wl,-rpath,/home/simon/work/goldilocks/tmp/sysroots/x86_64-linux/usr/lib -Wl,-rpath,/home/simon/work/goldilocks/tmp/sysroots/x86_64-linux/lib -Wl,-O1'
ac_cv_env_LIBS_set=
ac_cv_env_LIBS_value=
ac_cv_env_build_alias_set=set
ac_cv_env_build_alias_value=x86_64-linux
ac_cv_env_host_alias_set=set
ac_cv_env_host_alias_value=x86_64-linux
ac_cv_env_target_alias_set=set
ac_cv_env_target_alias_value=arm-dey-linux-gnueabi
ac_cv_func_connect=yes
ac_cv_func_fork=yes
ac_cv_func_select=yes
ac_cv_func_socketpair=yes
ac_cv_have_decl_basename=yes
ac_cv_header_dlfcn_h=yes
ac_cv_header_inttypes_h=yes
ac_cv_header_memory_h=yes
ac_cv_header_minix_config_h=no
ac_cv_header_stdc=yes
ac_cv_header_stdint_h=yes
ac_cv_header_stdlib_h=yes
ac_cv_header_string_h=yes
ac_cv_header_strings_h=yes
ac_cv_header_sys_stat_h=yes
ac_cv_header_sys_types_h=yes
ac_cv_header_unistd_h=yes
ac_cv_host=x86_64-pc-linux-gnu
ac_cv_objext=o
ac_cv_path_EGREP='/bin/grep -E'
ac_cv_path_FGREP='/bin/grep -F'
ac_cv_path_GREP=/bin/grep
ac_cv_path_SED=/bin/sed
ac_cv_path_install='/usr/bin/install -c'
ac_cv_path_mkdir=/bin/mkdir
ac_cv_prog_AR=ar
ac_cv_prog_AWK=gawk
ac_cv_prog_CC='gcc '
ac_cv_prog_CPP='gcc  -E'
ac_cv_prog_CXXCPP='g++  -E'
ac_cv_prog_OBJDUMP=objdump
ac_cv_prog_RANLIB=ranlib
ac_cv_prog_STRIP=strip
ac_cv_prog_cc_c89=
ac_cv_prog_cc_g=yes
ac_cv_prog_cxx_g=yes
ac_cv_prog_make_make_set=yes
ac_cv_safe_to_define___extensions__=yes
ac_cv_search_dlopen=-ldl
ac_cv_target=arm-dey-linux-gnueabi
acx_cv_prog_cc_warning__W=yes
acx_cv_prog_cc_warning__Wall=yes
am_cv_CC_dependencies_compiler_type=none
am_cv_CXX_dependencies_compiler_type=none
gcc_cv_collect2_libs='none required'
libcc1_cv_lib_sockets=
lt_cv_archive_cmds_need_lc=no
lt_cv_deplibs_check_method=pass_all
lt_cv_file_magic_cmd='$MAGIC_CMD'
lt_cv_file_magic_test_file=
lt_cv_ld_reload_flag=-r
lt_cv_nm_interface='BSD nm'
lt_cv_objdir=.libs
lt_cv_path_LD='ld '
lt_cv_path_LDCXX='ld  -m elf_x86_64'
lt_cv_path_NM=nm
lt_cv_prog_compiler_c_o=yes
lt_cv_prog_compiler_c_o_CXX=yes
lt_cv_prog_compiler_pic_works=yes
lt_cv_prog_compiler_pic_works_CXX=yes
lt_cv_prog_compiler_rtti_exceptions=no
lt_cv_prog_compiler_static_works=yes
lt_cv_prog_compiler_static_works_CXX=yes
lt_cv_prog_gnu_ld=yes
lt_cv_prog_gnu_ldcxx=yes
lt_cv_shlibpath_overrides_runpath=no
lt_cv_sys_global_symbol_pipe='sed -n -e '\''s/^.*[	 ]\([ABCDGIRSTW][ABCDGIRSTW]*\)[	 ][	 ]*\([_A-Za-z][_A-Za-z0-9]*\)$/\1 \2 \2/p'\'''
lt_cv_sys_global_symbol_to_c_name_address='sed -n -e '\''s/^: \([^ ]*\) $/  {\"\1\", (void *) 0},/p'\'' -e '\''s/^[ABCDGIRSTW]* \([^ ]*\) \([^ ]*\)$/  {"\2", (void *) \&\2},/p'\'''
lt_cv_sys_global_symbol_to_c_name_address_lib_prefix='sed -n -e '\''s/^: \([^ ]*\) $/  {\"\1\", (void *) 0},/p'\'' -e '\''s/^[ABCDGIRSTW]* \([^ ]*\) \(lib[^ ]*\)$/  {"\2", (void *) \&\2},/p'\'' -e '\''s/^[ABCDGIRSTW]* \([^ ]*\) \([^ ]*\)$/  {"lib\2", (void *) \&\2},/p'\'''
lt_cv_sys_global_symbol_to_cdecl='sed -n -e '\''s/^T .* \(.*\)$/extern int \1();/p'\'' -e '\''s/^[ABCDGIRSTW]* .* \(.*\)$/extern char \1;/p'\'''
lt_cv_sys_lib_dlsearch_path_spec='/home/simon/work/goldilocks/tmp/sysroots/x86_64-linux/usr/lib/arm-dey-linux-gnueabi /home/simon/work/goldilocks/tmp/sysroots/x86_64-linux/lib'
lt_cv_sys_max_cmd_len=3458764513820540925

## ----------------- ##
## Output variables. ##
## ----------------- ##

ACLOCAL='${SHELL} /home/simon/work/goldilocks/tmp/work-shared/gcc-5.2.0-r0/gcc-5.2.0/missing --run aclocal-1.11'
AMDEPBACKSLASH=''
AMDEP_FALSE=''
AMDEP_TRUE='#'
AMTAR='${SHELL} /home/simon/work/goldilocks/tmp/work-shared/gcc-5.2.0-r0/gcc-5.2.0/missing --run tar'
AR='ar'
AUTOCONF='${SHELL} /home/simon/work/goldilocks/tmp/work-shared/gcc-5.2.0-r0/gcc-5.2.0/missing --run autoconf'
AUTOHEADER='${SHELL} /home/simon/work/goldilocks/tmp/work-shared/gcc-5.2.0-r0/gcc-5.2.0/missing --run autoheader'
AUTOMAKE='${SHELL} /home/simon/work/goldilocks/tmp/work-shared/gcc-5.2.0-r0/gcc-5.2.0/missing --run automake-1.11'
AWK='gawk'
CC='gcc '
CCDEPMODE='depmode=none'
CFLAGS='-isystem/home/simon/work/goldilocks/tmp/sysroots/x86_64-linux/usr/include -O2 -pipe'
CPP='gcc  -E'
CPPFLAGS=''
CXX='g++ '
CXXCPP='g++  -E'
CXXDEPMODE='depmode=none'
CXXFLAGS='-isystem/home/simon/work/goldilocks/tmp/sysroots/x86_64-linux/usr/include -O2 -pipe'
CYGPATH_W='echo'
DEFS='-DHAVE_CONFIG_H'
DEPDIR='.deps'
DSYMUTIL=''
DUMPBIN=''
ECHO_C=''
ECHO_N='-n'
ECHO_T=''
EGREP='/bin/grep -E'
ENABLE_PLUGIN_FALSE='#'
ENABLE_PLUGIN_TRUE=''
EXEEXT=''
FGREP='/bin/grep -F'
GMPINC='-I/home/simon/work/goldilocks/tmp/sysroots/x86_64-linux/usr/include '
GREP='/bin/grep'
INSTALL_DATA='${INSTALL} -m 644'
INSTALL_PROGRAM='${INSTALL}'
INSTALL_SCRIPT='${INSTALL}'
INSTALL_STRIP_PROGRAM='$(install_sh) -c -s'
LD='ld  -m elf_x86_64'
LDFLAGS='-static-libstdc++ -static-libgcc -L/home/simon/work/goldilocks/tmp/sysroots/x86_64-linux/usr/lib -L/home/simon/work/goldilocks/tmp/sysroots/x86_64-linux/lib -Wl,-rpath-link,/home/simon/work/goldilocks/tmp/sysroots/x86_64-linux/usr/lib -Wl,-rpath-link,/home/simon/work/goldilocks/tmp/sysroots/x86_64-linux/lib -Wl,-rpath,/home/simon/work/goldilocks/tmp/sysroots/x86_64-linux/usr/lib -Wl,-rpath,/home/simon/work/goldilocks/tmp/sysroots/x86_64-linux/lib -Wl,-O1'
LIBOBJS=''
LIBS=' '
LIBTOOL='$(SHELL) $(top_builddir)/libtool'
LIPO=''
LN_S='ln -s'
LTLIBOBJS=''
MAINT='#'
MAINTAINER_MODE_FALSE=''
MAINTAINER_MODE_TRUE='#'
MAKEINFO='makeinfo'
MKDIR_P='/bin/mkdir -p'
NM='nm'
NMEDIT=''
OBJDUMP='objdump'
OBJEXT='o'
OTOOL64=''
OTOOL=''
PACKAGE='libcc1'
PACKAGE_BUGREPORT=''
PACKAGE_NAME='libcc1'
PACKAGE_STRING='libcc1 version-unused'
PACKAGE_TARNAME='libcc1'
PACKAGE_URL=''
PACKAGE_VERSION='version-unused'
PATH_SEPARATOR=':'
RANLIB='ranlib'
SED='/bin/sed'
SET_MAKE=''
SHELL='/bin/bash'
STRIP='strip'
VERSION='version-unused'
WARN_FLAGS='-W -Wall'
WERROR=''
ac_ct_CC=''
ac_ct_CXX=''
ac_ct_DUMPBIN=''
am__EXEEXT_FALSE=''
am__EXEEXT_TRUE='#'
am__fastdepCC_FALSE=''
am__fastdepCC_TRUE='#'
am__fastdepCXX_FALSE=''
am__fastdepCXX_TRUE='#'
am__include='include'
am__isrc=' -I$(srcdir)'
am__leading_dot='.'
am__quote=''
am__tar='${AMTAR} chof - "$$tardir"'
am__untar='${AMTAR} xf -'
bindir='/home/simon/work/goldilocks/tmp/sysroots/x86_64-linux/usr/bin/arm-dey-linux-gnueabi'
build='x86_64-pc-linux-gnu'
build_alias='x86_64-linux'
build_cpu='x86_64'
build_libsubdir='build-x86_64-linux'
build_os='linux-gnu'
build_subdir='build-x86_64-linux'
build_vendor='pc'
datadir='/home/simon/work/goldilocks/tmp/sysroots/x86_64-linux/usr/share'
datarootdir='${prefix}/share'
docdir='${datarootdir}/doc/${PACKAGE_TARNAME}'
dvidir='${docdir}'
exec_prefix='/home/simon/work/goldilocks/tmp/sysroots/x86_64-linux/usr'
gcc_version='5.2.0'
host='x86_64-pc-linux-gnu'
host_alias='x86_64-linux'
host_cpu='x86_64'
host_os='linux-gnu'
host_subdir='.'
host_vendor='pc'
htmldir='${docdir}'
includedir='/home/simon/work/goldilocks/tmp/sysroots/x86_64-linux/usr/include'
infodir='/home/simon/work/goldilocks/tmp/sysroots/x86_64-linux/usr/share/info'
install_sh='${SHELL} /home/simon/work/goldilocks/tmp/work-shared/gcc-5.2.0-r0/gcc-5.2.0/install-sh'
libdir='/home/simon/work/goldilocks/tmp/sysroots/x86_64-linux/usr/lib/arm-dey-linux-gnueabi'
libexecdir='/home/simon/work/goldilocks/tmp/sysroots/x86_64-linux/usr/libexec/arm-dey-linux-gnueabi'
libsuffix='../lib'
localedir='${datarootdir}/locale'
localstatedir='/home/simon/work/goldilocks/tmp/sysroots/x86_64-linux/var'
mandir='/home/simon/work/goldilocks/tmp/sysroots/x86_64-linux/usr/share/man'
mkdir_p='/bin/mkdir -p'
oldincludedir='/home/simon/work/goldilocks/tmp/sysroots/x86_64-linux/usr/include'
pdfdir='${docdir}'
prefix='/home/simon/work/goldilocks/tmp/sysroots/x86_64-linux/usr'
program_transform_name='s&^&arm-dey-linux-gnueabi-&'
psdir='${docdir}'
sbindir='/home/simon/work/goldilocks/tmp/sysroots/x86_64-linux/usr/bin/arm-dey-linux-gnueabi'
sharedstatedir='/home/simon/work/goldilocks/tmp/sysroots/x86_64-linux/com'
sysconfdir='/home/simon/work/goldilocks/tmp/sysroots/x86_64-linux/etc'
target='arm-dey-linux-gnueabi'
target_alias='arm-dey-linux-gnueabi'
target_cpu='arm'
target_noncanonical='arm-dey-linux-gnueabi'
target_os='linux-gnueabi'
target_subdir='arm-dey-linux-gnueabi'
target_vendor='dey'
visibility='-fvisibility=hidden'

## ----------- ##
## confdefs.h. ##
## ----------- ##

/* confdefs.h */
#define PACKAGE_NAME "libcc1"
#define PACKAGE_TARNAME "libcc1"
#define PACKAGE_VERSION "version-unused"
#define PACKAGE_STRING "libcc1 version-unused"
#define PACKAGE_BUGREPORT ""
#define PACKAGE_URL ""
#define STDC_HEADERS 1
#define HAVE_SYS_TYPES_H 1
#define HAVE_SYS_STAT_H 1
#define HAVE_STDLIB_H 1
#define HAVE_STRING_H 1
#define HAVE_MEMORY_H 1
#define HAVE_STRINGS_H 1
#define HAVE_INTTYPES_H 1
#define HAVE_STDINT_H 1
#define HAVE_UNISTD_H 1
#define __EXTENSIONS__ 1
#define _ALL_SOURCE 1
#define _GNU_SOURCE 1
#define _POSIX_PTHREAD_SEMANTICS 1
#define _TANDEM_SOURCE 1
#define HAVE_DLFCN_H 1
#define LT_OBJDIR ".libs/"
#define HAVE_DECL_BASENAME 1

configure: exit 0
