This file contains any messages produced by compilers while
running configure, to aid debugging if configure makes a mistake.

It was created by configure, which was
generated by GNU Autoconf 2.64.  Invocation command line was

  $ /home/simon/work/goldilocks/tmp/work-shared/gcc-5.2.0-r0/gcc-5.2.0/configure --build=x86_64-linux --host=x86_64-linux --target=arm-dey-linux-gnueabi --prefix=/home/simon/work/goldilocks/tmp/sysroots/x86_64-linux/usr --exec_prefix=/home/simon/work/goldilocks/tmp/sysroots/x86_64-linux/usr --bindir=/home/simon/work/goldilocks/tmp/sysroots/x86_64-linux/usr/bin/arm-dey-linux-gnueabi --sbindir=/home/simon/work/goldilocks/tmp/sysroots/x86_64-linux/usr/bin/arm-dey-linux-gnueabi --libexecdir=/home/simon/work/goldilocks/tmp/sysroots/x86_64-linux/usr/libexec/arm-dey-linux-gnueabi --datadir=/home/simon/work/goldilocks/tmp/sysroots/x86_64-linux/usr/share --sysconfdir=/home/simon/work/goldilocks/tmp/sysroots/x86_64-linux/etc --sharedstatedir=/home/simon/work/goldilocks/tmp/sysroots/x86_64-linux/com --localstatedir=/home/simon/work/goldilocks/tmp/sysroots/x86_64-linux/var --libdir=/home/simon/work/goldilocks/tmp/sysroots/x86_64-linux/usr/lib/arm-dey-linux-gnueabi --includedir=/home/simon/work/goldilocks/tmp/sysroots/x86_64-linux/usr/include --oldincludedir=/home/simon/work/goldilocks/tmp/sysroots/x86_64-linux/usr/include --infodir=/home/simon/work/goldilocks/tmp/sysroots/x86_64-linux/usr/share/info --mandir=/home/simon/work/goldilocks/tmp/sysroots/x86_64-linux/usr/share/man --disable-silent-rules --disable-dependency-tracking --with-libtool-sysroot=/home/simon/work/goldilocks/tmp/sysroots/x86_64-linux --enable-clocale=generic --with-gnu-ld --enable-shared --enable-languages=c,c++ --enable-threads=posix --disable-multilib --enable-c99 --enable-long-long --enable-symvers=gnu --enable-libstdcxx-pch --program-prefix=arm-dey-linux-gnueabi- --without-local-prefix --enable-target-optspace --enable-lto --enable-libssp --disable-bootstrap --disable-libmudflap --with-system-zlib --with-linker-hash-style=gnu --enable-linker-build-id --with-ppl=no --with-cloog=no --enable-checking=release --enable-cheaders=c_global --without-isl --with-gxx-include-dir=/not/exist/usr/include/c++/5.2.0 --with-sysroot=/not/exist --with-build-sysroot=/home/simon/work/goldilocks/tmp/sysroots/ccimx6ulstarter --enable-poison-system-directories --with-mpfr=/home/simon/work/goldilocks/tmp/sysroots/x86_64-linux/usr --with-system-zlib --disable-nls --with-arch=armv7-a

## --------- ##
## Platform. ##
## --------- ##

hostname = simon-XNOTE
uname -m = x86_64
uname -r = 4.2.0-27-generic
uname -s = Linux
uname -v = #32~14.04.1-Ubuntu SMP Fri Jan 22 15:32:26 UTC 2016

/usr/bin/uname -p = unknown
/bin/uname -X     = unknown

/bin/arch              = unknown
/usr/bin/arch -k       = unknown
/usr/convex/getsysinfo = unknown
/usr/bin/hostinfo      = unknown
/bin/machine           = unknown
/usr/bin/oslevel       = unknown
/bin/universe          = unknown

PATH: /home/simon/work/goldilocks/tmp/sysroots/x86_64-linux/usr/bin/texinfo-dummy-native
PATH: /usr/local/dey-2.0/sources/poky/scripts
PATH: /home/simon/work/goldilocks/tmp/sysroots/x86_64-linux/usr/bin/arm-dey-linux-gnueabi
PATH: /home/simon/work/goldilocks/tmp/sysroots/x86_64-linux/home/simon/work/goldilocks/tmp/sysroots/x86_64-linux/usr/bin/arm-dey-linux-gnueabi/crossscripts
PATH: /home/simon/work/goldilocks/tmp/sysroots/x86_64-linux/usr/sbin
PATH: /home/simon/work/goldilocks/tmp/sysroots/x86_64-linux/usr/bin
PATH: /home/simon/work/goldilocks/tmp/sysroots/x86_64-linux/sbin
PATH: /home/simon/work/goldilocks/tmp/sysroots/x86_64-linux/bin
PATH: /usr/local/dey-2.0/sources/poky/scripts
PATH: /usr/local/dey-2.0/sources/poky/bitbake/bin
PATH: /usr/local/sbin
PATH: /usr/local/bin
PATH: /usr/sbin
PATH: /usr/bin
PATH: /sbin
PATH: /bin
PATH: /usr/games
PATH: /usr/local/games


## ----------- ##
## Core tests. ##
## ----------- ##

configure:2292: checking build system type
configure:2306: result: x86_64-pc-linux-gnu
configure:2353: checking host system type
configure:2366: result: x86_64-pc-linux-gnu
configure:2386: checking target system type
configure:2399: result: arm-dey-linux-gnueabi
configure:2453: checking for a BSD-compatible install
configure:2521: result: /usr/bin/install -c
configure:2532: checking whether ln works
configure:2554: result: yes
configure:2558: checking whether ln -s works
configure:2562: result: yes
configure:2569: checking for a sed that does not truncate output
configure:2633: result: /bin/sed
configure:2642: checking for gawk
configure:2658: found /usr/bin/gawk
configure:2669: result: gawk
configure:3183: checking for libatomic support
configure:3193: result: yes
configure:3202: checking for libcilkrts support
configure:3208: result: no
configure:3240: checking for libitm support
configure:3250: result: yes
configure:3259: checking for libsanitizer support
configure:3269: result: yes
configure:3278: checking for libvtv support
configure:3284: result: no
configure:4034: checking for x86_64-linux-gcc
configure:4061: result: gcc 
configure:4330: checking for C compiler version
configure:4339: gcc  --version >&5
gcc (Ubuntu 4.8.4-2ubuntu1~14.04.3) 4.8.4
Copyright (C) 2013 Free Software Foundation, Inc.
This is free software; see the source for copying conditions.  There is NO
warranty; not even for MERCHANTABILITY or FITNESS FOR A PARTICULAR PURPOSE.

configure:4350: $? = 0
configure:4339: gcc  -v >&5
Using built-in specs.
COLLECT_GCC=gcc
COLLECT_LTO_WRAPPER=/usr/lib/gcc/x86_64-linux-gnu/4.8/lto-wrapper
Target: x86_64-linux-gnu
Configured with: ../src/configure -v --with-pkgversion='Ubuntu 4.8.4-2ubuntu1~14.04.3' --with-bugurl=file:///usr/share/doc/gcc-4.8/README.Bugs --enable-languages=c,c++,java,go,d,fortran,objc,obj-c++ --prefix=/usr --program-suffix=-4.8 --enable-shared --enable-linker-build-id --libexecdir=/usr/lib --without-included-gettext --enable-threads=posix --with-gxx-include-dir=/usr/include/c++/4.8 --libdir=/usr/lib --enable-nls --with-sysroot=/ --enable-clocale=gnu --enable-libstdcxx-debug --enable-libstdcxx-time=yes --enable-gnu-unique-object --disable-libmudflap --enable-plugin --with-system-zlib --disable-browser-plugin --enable-java-awt=gtk --enable-gtk-cairo --with-java-home=/usr/lib/jvm/java-1.5.0-gcj-4.8-amd64/jre --enable-java-home --with-jvm-root-dir=/usr/lib/jvm/java-1.5.0-gcj-4.8-amd64 --with-jvm-jar-dir=/usr/lib/jvm-exports/java-1.5.0-gcj-4.8-amd64 --with-arch-directory=amd64 --with-ecj-jar=/usr/share/java/eclipse-ecj.jar --enable-objc-gc --enable-multiarch --disable-werror --with-arch-32=i686 --with-abi=m64 --with-multilib-list=m32,m64,mx32 --with-tune=generic --enable-checking=release --build=x86_64-linux-gnu --host=x86_64-linux-gnu --target=x86_64-linux-gnu
Thread model: posix
gcc version 4.8.4 (Ubuntu 4.8.4-2ubuntu1~14.04.3) 
configure:4350: $? = 0
configure:4339: gcc  -V >&5
gcc: error: unrecognized command line option '-V'
gcc: fatal error: no input files
compilation terminated.
configure:4350: $? = 4
configure:4339: gcc  -qversion >&5
gcc: error: unrecognized command line option '-qversion'
gcc: fatal error: no input files
compilation terminated.
configure:4350: $? = 4
configure:4370: checking for C compiler default output file name
configure:4392: gcc  -isystem/home/simon/work/goldilocks/tmp/sysroots/x86_64-linux/usr/include -O2 -pipe  -L/home/simon/work/goldilocks/tmp/sysroots/x86_64-linux/usr/lib -L/home/simon/work/goldilocks/tmp/sysroots/x86_64-linux/lib -Wl,-rpath-link,/home/simon/work/goldilocks/tmp/sysroots/x86_64-linux/usr/lib -Wl,-rpath-link,/home/simon/work/goldilocks/tmp/sysroots/x86_64-linux/lib -Wl,-rpath,/home/simon/work/goldilocks/tmp/sysroots/x86_64-linux/usr/lib -Wl,-rpath,/home/simon/work/goldilocks/tmp/sysroots/x86_64-linux/lib -Wl,-O1 conftest.c  >&5
configure:4396: $? = 0
configure:4433: result: a.out
configure:4449: checking whether the C compiler works
configure:4458: ./a.out
configure:4462: $? = 0
configure:4477: result: yes
configure:4484: checking whether we are cross compiling
configure:4486: result: no
configure:4489: checking for suffix of executables
configure:4496: gcc  -o conftest -isystem/home/simon/work/goldilocks/tmp/sysroots/x86_64-linux/usr/include -O2 -pipe  -L/home/simon/work/goldilocks/tmp/sysroots/x86_64-linux/usr/lib -L/home/simon/work/goldilocks/tmp/sysroots/x86_64-linux/lib -Wl,-rpath-link,/home/simon/work/goldilocks/tmp/sysroots/x86_64-linux/usr/lib -Wl,-rpath-link,/home/simon/work/goldilocks/tmp/sysroots/x86_64-linux/lib -Wl,-rpath,/home/simon/work/goldilocks/tmp/sysroots/x86_64-linux/usr/lib -Wl,-rpath,/home/simon/work/goldilocks/tmp/sysroots/x86_64-linux/lib -Wl,-O1 conftest.c  >&5
configure:4500: $? = 0
configure:4522: result: 
configure:4528: checking for suffix of object files
configure:4550: gcc  -c -isystem/home/simon/work/goldilocks/tmp/sysroots/x86_64-linux/usr/include -O2 -pipe  conftest.c >&5
configure:4554: $? = 0
configure:4575: result: o
configure:4579: checking whether we are using the GNU C compiler
configure:4598: gcc  -c -isystem/home/simon/work/goldilocks/tmp/sysroots/x86_64-linux/usr/include -O2 -pipe  conftest.c >&5
configure:4598: $? = 0
configure:4607: result: yes
configure:4616: checking whether gcc  accepts -g
configure:4636: gcc  -c -g  conftest.c >&5
configure:4636: $? = 0
configure:4677: result: yes
configure:4694: checking for gcc  option to accept ISO C89
configure:4758: gcc   -c -isystem/home/simon/work/goldilocks/tmp/sysroots/x86_64-linux/usr/include -O2 -pipe  conftest.c >&5
configure:4758: $? = 0
configure:4771: result: none needed
configure:4903: checking for C++ compiler version
configure:4912: g++  --version >&5
g++ (Ubuntu 4.8.4-2ubuntu1~14.04.3) 4.8.4
Copyright (C) 2013 Free Software Foundation, Inc.
This is free software; see the source for copying conditions.  There is NO
warranty; not even for MERCHANTABILITY or FITNESS FOR A PARTICULAR PURPOSE.

configure:4923: $? = 0
configure:4912: g++  -v >&5
Using built-in specs.
COLLECT_GCC=g++
COLLECT_LTO_WRAPPER=/usr/lib/gcc/x86_64-linux-gnu/4.8/lto-wrapper
Target: x86_64-linux-gnu
Configured with: ../src/configure -v --with-pkgversion='Ubuntu 4.8.4-2ubuntu1~14.04.3' --with-bugurl=file:///usr/share/doc/gcc-4.8/README.Bugs --enable-languages=c,c++,java,go,d,fortran,objc,obj-c++ --prefix=/usr --program-suffix=-4.8 --enable-shared --enable-linker-build-id --libexecdir=/usr/lib --without-included-gettext --enable-threads=posix --with-gxx-include-dir=/usr/include/c++/4.8 --libdir=/usr/lib --enable-nls --with-sysroot=/ --enable-clocale=gnu --enable-libstdcxx-debug --enable-libstdcxx-time=yes --enable-gnu-unique-object --disable-libmudflap --enable-plugin --with-system-zlib --disable-browser-plugin --enable-java-awt=gtk --enable-gtk-cairo --with-java-home=/usr/lib/jvm/java-1.5.0-gcj-4.8-amd64/jre --enable-java-home --with-jvm-root-dir=/usr/lib/jvm/java-1.5.0-gcj-4.8-amd64 --with-jvm-jar-dir=/usr/lib/jvm-exports/java-1.5.0-gcj-4.8-amd64 --with-arch-directory=amd64 --with-ecj-jar=/usr/share/java/eclipse-ecj.jar --enable-objc-gc --enable-multiarch --disable-werror --with-arch-32=i686 --with-abi=m64 --with-multilib-list=m32,m64,mx32 --with-tune=generic --enable-checking=release --build=x86_64-linux-gnu --host=x86_64-linux-gnu --target=x86_64-linux-gnu
Thread model: posix
gcc version 4.8.4 (Ubuntu 4.8.4-2ubuntu1~14.04.3) 
configure:4923: $? = 0
configure:4912: g++  -V >&5
g++: error: unrecognized command line option '-V'
g++: fatal error: no input files
compilation terminated.
configure:4923: $? = 4
configure:4912: g++  -qversion >&5
g++: error: unrecognized command line option '-qversion'
g++: fatal error: no input files
compilation terminated.
configure:4923: $? = 4
configure:4927: checking whether we are using the GNU C++ compiler
configure:4946: g++  -c -isystem/home/simon/work/goldilocks/tmp/sysroots/x86_64-linux/usr/include -O2 -pipe  conftest.cpp >&5
configure:4946: $? = 0
configure:4955: result: yes
configure:4964: checking whether g++  accepts -g
configure:4984: g++  -c -g  conftest.cpp >&5
configure:4984: $? = 0
configure:5025: result: yes
configure:5074: checking whether g++ accepts -static-libstdc++ -static-libgcc
configure:5091: g++  -o conftest -isystem/home/simon/work/goldilocks/tmp/sysroots/x86_64-linux/usr/include -O2 -pipe  -L/home/simon/work/goldilocks/tmp/sysroots/x86_64-linux/usr/lib -L/home/simon/work/goldilocks/tmp/sysroots/x86_64-linux/lib -Wl,-rpath-link,/home/simon/work/goldilocks/tmp/sysroots/x86_64-linux/usr/lib -Wl,-rpath-link,/home/simon/work/goldilocks/tmp/sysroots/x86_64-linux/lib -Wl,-rpath,/home/simon/work/goldilocks/tmp/sysroots/x86_64-linux/usr/lib -Wl,-rpath,/home/simon/work/goldilocks/tmp/sysroots/x86_64-linux/lib -Wl,-O1 -static-libstdc++ -static-libgcc conftest.cpp  >&5
configure:5091: $? = 0
configure:5092: result: yes
configure:5116: checking for x86_64-linux-gnatbind
configure:5146: result: no
configure:5156: checking for gnatbind
configure:5186: result: no
configure:5208: checking for x86_64-linux-gnatmake
configure:5238: result: no
configure:5248: checking for gnatmake
configure:5278: result: no
configure:5297: checking whether compiler driver understands Ada
configure:5320: result: no
configure:5329: checking how to compare bootstrapped objects
configure:5354: result: cmp --ignore-initial=16 $$f1 $$f2
configure:5408: checking for objdir
configure:5423: result: .libs
configure:5597: checking for the correct version of gmp.h
configure:5617: gcc  -c -isystem/home/simon/work/goldilocks/tmp/sysroots/x86_64-linux/usr/include -O2 -pipe -I/home/simon/work/goldilocks/tmp/sysroots/x86_64-linux/usr/include   conftest.c >&5
configure:5617: $? = 0
configure:5635: gcc  -c -isystem/home/simon/work/goldilocks/tmp/sysroots/x86_64-linux/usr/include -O2 -pipe -I/home/simon/work/goldilocks/tmp/sysroots/x86_64-linux/usr/include   conftest.c >&5
configure:5635: $? = 0
configure:5636: result: yes
configure:5652: checking for the correct version of mpfr.h
configure:5670: gcc  -c -isystem/home/simon/work/goldilocks/tmp/sysroots/x86_64-linux/usr/include -O2 -pipe -I/home/simon/work/goldilocks/tmp/sysroots/x86_64-linux/usr/include   conftest.c >&5
configure:5670: $? = 0
configure:5687: gcc  -c -isystem/home/simon/work/goldilocks/tmp/sysroots/x86_64-linux/usr/include -O2 -pipe -I/home/simon/work/goldilocks/tmp/sysroots/x86_64-linux/usr/include   conftest.c >&5
configure:5687: $? = 0
configure:5688: result: yes
configure:5705: checking for the correct version of mpc.h
configure:5722: gcc  -c -isystem/home/simon/work/goldilocks/tmp/sysroots/x86_64-linux/usr/include -O2 -pipe -I/home/simon/work/goldilocks/tmp/sysroots/x86_64-linux/usr/include   conftest.c >&5
configure:5722: $? = 0
configure:5738: gcc  -c -isystem/home/simon/work/goldilocks/tmp/sysroots/x86_64-linux/usr/include -O2 -pipe -I/home/simon/work/goldilocks/tmp/sysroots/x86_64-linux/usr/include   conftest.c >&5
configure:5738: $? = 0
configure:5739: result: yes
configure:5757: checking for the correct version of the gmp/mpfr/mpc libraries
configure:5788: gcc  -o conftest -isystem/home/simon/work/goldilocks/tmp/sysroots/x86_64-linux/usr/include -O2 -pipe -I/home/simon/work/goldilocks/tmp/sysroots/x86_64-linux/usr/include   -L/home/simon/work/goldilocks/tmp/sysroots/x86_64-linux/usr/lib -L/home/simon/work/goldilocks/tmp/sysroots/x86_64-linux/lib -Wl,-rpath-link,/home/simon/work/goldilocks/tmp/sysroots/x86_64-linux/usr/lib -Wl,-rpath-link,/home/simon/work/goldilocks/tmp/sysroots/x86_64-linux/lib -Wl,-rpath,/home/simon/work/goldilocks/tmp/sysroots/x86_64-linux/usr/lib -Wl,-rpath,/home/simon/work/goldilocks/tmp/sysroots/x86_64-linux/lib -Wl,-O1 conftest.c  -L/home/simon/work/goldilocks/tmp/sysroots/x86_64-linux/usr/lib -lmpc -lmpfr -lgmp >&5
configure:5788: $? = 0
configure:5789: result: yes
configure:7022: checking for default BUILD_CONFIG
configure:7054: result: 
configure:7059: checking for --enable-vtable-verify
configure:7072: result: no
configure:7668: checking for bison
configure:7684: found /home/simon/work/goldilocks/tmp/sysroots/x86_64-linux/usr/bin/bison
configure:7695: result: bison -y
configure:7715: checking for bison
configure:7731: found /home/simon/work/goldilocks/tmp/sysroots/x86_64-linux/usr/bin/bison
configure:7742: result: bison
configure:7762: checking for gm4
configure:7792: result: no
configure:7762: checking for gnum4
configure:7792: result: no
configure:7762: checking for m4
configure:7778: found /home/simon/work/goldilocks/tmp/sysroots/x86_64-linux/usr/bin/m4
configure:7789: result: m4
configure:7809: checking for flex
configure:7825: found /home/simon/work/goldilocks/tmp/sysroots/x86_64-linux/usr/bin/flex
configure:7836: result: flex
configure:7857: checking for flex
configure:7873: found /home/simon/work/goldilocks/tmp/sysroots/x86_64-linux/usr/bin/flex
configure:7884: result: flex
configure:7904: checking for makeinfo
configure:7920: found /home/simon/work/goldilocks/tmp/sysroots/x86_64-linux/usr/bin/texinfo-dummy-native/makeinfo
configure:7931: result: makeinfo
configure:7965: checking for expect
configure:7995: result: no
configure:8014: checking for runtest
configure:8044: result: no
configure:8078: checking for ar
configure:8105: result: ar
configure:8120: checking for x86_64-linux-ar
configure:8147: result: ar
configure:8219: checking for as
configure:8246: result: as 
configure:8261: checking for x86_64-linux-as
configure:8288: result: as 
configure:8402: checking for x86_64-linux-dlltool
configure:8432: result: no
configure:8441: checking for dlltool
configure:8471: result: no
configure:8501: checking for ld
configure:8528: result: ld 
configure:8543: checking for x86_64-linux-ld
configure:8570: result: ld 
configure:8684: checking for x86_64-linux-lipo
configure:8714: result: no
configure:8723: checking for lipo
configure:8753: result: no
configure:8783: checking for nm
configure:8810: result: nm
configure:8825: checking for x86_64-linux-nm
configure:8852: result: nm
configure:8924: checking for ranlib
configure:8951: result: ranlib
configure:8966: checking for x86_64-linux-ranlib
configure:8993: result: ranlib
configure:9060: checking for strip
configure:9087: result: strip
configure:9102: checking for x86_64-linux-strip
configure:9129: result: strip
configure:9238: checking for x86_64-linux-windres
configure:9268: result: no
configure:9277: checking for windres
configure:9307: result: no
configure:9379: checking for x86_64-linux-windmc
configure:9409: result: no
configure:9418: checking for windmc
configure:9448: result: no
configure:9478: checking for objcopy
configure:9505: result: objcopy
configure:9520: checking for x86_64-linux-objcopy
configure:9547: result: objcopy
configure:9619: checking for objdump
configure:9646: result: objdump
configure:9661: checking for x86_64-linux-objdump
configure:9688: result: objdump
configure:9802: checking for x86_64-linux-readelf
configure:9832: result: no
configure:9841: checking for readelf
configure:9857: found /usr/bin/readelf
configure:9868: result: readelf
configure:9982: checking for arm-dey-linux-gnueabi-cc
configure:10012: result: no
configure:9982: checking for arm-dey-linux-gnueabi-gcc
configure:10012: result: no
configure:10143: checking for arm-dey-linux-gnueabi-c++
configure:10173: result: no
configure:10143: checking for arm-dey-linux-gnueabi-g++
configure:10173: result: no
configure:10143: checking for arm-dey-linux-gnueabi-cxx
configure:10173: result: no
configure:10143: checking for arm-dey-linux-gnueabi-gxx
configure:10173: result: no
configure:10304: checking for arm-dey-linux-gnueabi-gcc
configure:10334: result: no
configure:10460: checking for arm-dey-linux-gnueabi-gcj
configure:10490: result: no
configure:10621: checking for arm-dey-linux-gnueabi-gfortran
configure:10651: result: no
configure:10782: checking for arm-dey-linux-gnueabi-gccgo
configure:10812: result: no
configure:10912: checking for ar
configure:10945: result: no
configure:11023: checking for arm-dey-linux-gnueabi-ar
configure:11039: found /home/simon/work/goldilocks/tmp/sysroots/x86_64-linux/usr/bin/arm-dey-linux-gnueabi/arm-dey-linux-gnueabi-ar
configure:11050: result: arm-dey-linux-gnueabi-ar
configure:11142: checking for as
configure:11175: result: no
configure:11253: checking for arm-dey-linux-gnueabi-as
configure:11269: found /home/simon/work/goldilocks/tmp/sysroots/x86_64-linux/usr/bin/arm-dey-linux-gnueabi/arm-dey-linux-gnueabi-as
configure:11280: result: arm-dey-linux-gnueabi-as
configure:11372: checking for dlltool
configure:11405: result: no
configure:11483: checking for arm-dey-linux-gnueabi-dlltool
configure:11513: result: no
configure:11602: checking for ld
configure:11635: result: no
configure:11713: checking for arm-dey-linux-gnueabi-ld
configure:11729: found /home/simon/work/goldilocks/tmp/sysroots/x86_64-linux/usr/bin/arm-dey-linux-gnueabi/arm-dey-linux-gnueabi-ld
configure:11740: result: arm-dey-linux-gnueabi-ld
configure:11832: checking for lipo
configure:11865: result: no
configure:11943: checking for arm-dey-linux-gnueabi-lipo
configure:11973: result: no
configure:12062: checking for nm
configure:12095: result: no
configure:12173: checking for arm-dey-linux-gnueabi-nm
configure:12189: found /home/simon/work/goldilocks/tmp/sysroots/x86_64-linux/usr/bin/arm-dey-linux-gnueabi/arm-dey-linux-gnueabi-nm
configure:12200: result: arm-dey-linux-gnueabi-nm
configure:12292: checking for objcopy
configure:12325: result: no
configure:12403: checking for arm-dey-linux-gnueabi-objcopy
configure:12419: found /home/simon/work/goldilocks/tmp/sysroots/x86_64-linux/usr/bin/arm-dey-linux-gnueabi/arm-dey-linux-gnueabi-objcopy
configure:12430: result: arm-dey-linux-gnueabi-objcopy
configure:12522: checking for objdump
configure:12555: result: no
configure:12633: checking for arm-dey-linux-gnueabi-objdump
configure:12649: found /home/simon/work/goldilocks/tmp/sysroots/x86_64-linux/usr/bin/arm-dey-linux-gnueabi/arm-dey-linux-gnueabi-objdump
configure:12660: result: arm-dey-linux-gnueabi-objdump
configure:12752: checking for ranlib
configure:12785: result: no
configure:12863: checking for arm-dey-linux-gnueabi-ranlib
configure:12879: found /home/simon/work/goldilocks/tmp/sysroots/x86_64-linux/usr/bin/arm-dey-linux-gnueabi/arm-dey-linux-gnueabi-ranlib
configure:12890: result: arm-dey-linux-gnueabi-ranlib
configure:12982: checking for readelf
configure:13015: result: no
configure:13093: checking for arm-dey-linux-gnueabi-readelf
configure:13109: found /home/simon/work/goldilocks/tmp/sysroots/x86_64-linux/usr/bin/arm-dey-linux-gnueabi/arm-dey-linux-gnueabi-readelf
configure:13120: result: arm-dey-linux-gnueabi-readelf
configure:13212: checking for strip
configure:13245: result: no
configure:13323: checking for arm-dey-linux-gnueabi-strip
configure:13339: found /home/simon/work/goldilocks/tmp/sysroots/x86_64-linux/usr/bin/arm-dey-linux-gnueabi/arm-dey-linux-gnueabi-strip
configure:13350: result: arm-dey-linux-gnueabi-strip
configure:13442: checking for windres
configure:13475: result: no
configure:13553: checking for arm-dey-linux-gnueabi-windres
configure:13583: result: no
configure:13672: checking for windmc
configure:13705: result: no
configure:13783: checking for arm-dey-linux-gnueabi-windmc
configure:13813: result: no
configure:13880: checking where to find the target ar
configure:13917: result: pre-installed
configure:13922: checking where to find the target as
configure:13959: result: pre-installed
configure:13964: checking where to find the target cc
configure:13987: result: just compiled
configure:14006: checking where to find the target c++
configure:14032: result: just compiled
configure:14051: checking where to find the target c++ for libstdc++
configure:14077: result: just compiled
configure:14096: checking where to find the target dlltool
configure:14133: result: pre-installed
configure:14138: checking where to find the target gcc
configure:14161: result: just compiled
configure:14180: checking where to find the target gcj
configure:14220: result: pre-installed
configure:14225: checking where to find the target gfortran
configure:14265: result: pre-installed
configure:14270: checking where to find the target gccgo
configure:14310: result: pre-installed
configure:14315: checking where to find the target ld
configure:14352: result: pre-installed
configure:14357: checking where to find the target lipo
configure:14383: result: pre-installed
configure:14388: checking where to find the target nm
configure:14425: result: pre-installed
configure:14430: checking where to find the target objcopy
configure:14467: result: pre-installed
configure:14472: checking where to find the target objdump
configure:14509: result: pre-installed
configure:14514: checking where to find the target ranlib
configure:14551: result: pre-installed
configure:14556: checking where to find the target readelf
configure:14593: result: pre-installed
configure:14598: checking where to find the target strip
configure:14635: result: pre-installed
configure:14640: checking where to find the target windres
configure:14677: result: pre-installed
configure:14682: checking where to find the target windmc
configure:14719: result: pre-installed
configure:14752: checking whether to enable maintainer-specific portions of Makefiles
configure:14761: result: no
configure:15018: creating ./config.status

## ---------------------- ##
## Running config.status. ##
## ---------------------- ##

This file was extended by config.status, which was
generated by GNU Autoconf 2.64.  Invocation command line was

  CONFIG_FILES    = 
  CONFIG_HEADERS  = 
  CONFIG_LINKS    = 
  CONFIG_COMMANDS = 
  $ ./config.status 

on simon-XNOTE

config.status:1043: creating Makefile

## ---------------- ##
## Cache variables. ##
## ---------------- ##

ac_cv_build=x86_64-pc-linux-gnu
ac_cv_c_compiler_gnu=yes
ac_cv_cxx_compiler_gnu=yes
ac_cv_env_AR_FOR_TARGET_set=
ac_cv_env_AR_FOR_TARGET_value=
ac_cv_env_AR_set=set
ac_cv_env_AR_value=ar
ac_cv_env_AS_FOR_TARGET_set=
ac_cv_env_AS_FOR_TARGET_value=
ac_cv_env_AS_set=set
ac_cv_env_AS_value='as '
ac_cv_env_CCC_set=
ac_cv_env_CCC_value=
ac_cv_env_CC_FOR_TARGET_set=
ac_cv_env_CC_FOR_TARGET_value=
ac_cv_env_CC_set=set
ac_cv_env_CC_value='gcc '
ac_cv_env_CFLAGS_set=set
ac_cv_env_CFLAGS_value='-isystem/home/simon/work/goldilocks/tmp/sysroots/x86_64-linux/usr/include -O2 -pipe'
ac_cv_env_CPPFLAGS_set=set
ac_cv_env_CPPFLAGS_value=
ac_cv_env_CXXFLAGS_set=set
ac_cv_env_CXXFLAGS_value='-isystem/home/simon/work/goldilocks/tmp/sysroots/x86_64-linux/usr/include -O2 -pipe'
ac_cv_env_CXX_FOR_TARGET_set=
ac_cv_env_CXX_FOR_TARGET_value=
ac_cv_env_CXX_set=set
ac_cv_env_CXX_value='g++ '
ac_cv_env_DLLTOOL_FOR_TARGET_set=
ac_cv_env_DLLTOOL_FOR_TARGET_value=
ac_cv_env_DLLTOOL_set=
ac_cv_env_DLLTOOL_value=
ac_cv_env_GCC_FOR_TARGET_set=
ac_cv_env_GCC_FOR_TARGET_value=
ac_cv_env_GCJ_FOR_TARGET_set=
ac_cv_env_GCJ_FOR_TARGET_value=
ac_cv_env_GFORTRAN_FOR_TARGET_set=
ac_cv_env_GFORTRAN_FOR_TARGET_value=
ac_cv_env_GOC_FOR_TARGET_set=
ac_cv_env_GOC_FOR_TARGET_value=
ac_cv_env_LDFLAGS_set=set
ac_cv_env_LDFLAGS_value='-L/home/simon/work/goldilocks/tmp/sysroots/x86_64-linux/usr/lib -L/home/simon/work/goldilocks/tmp/sysroots/x86_64-linux/lib -Wl,-rpath-link,/home/simon/work/goldilocks/tmp/sysroots/x86_64-linux/usr/lib -Wl,-rpath-link,/home/simon/work/goldilocks/tmp/sysroots/x86_64-linux/lib -Wl,-rpath,/home/simon/work/goldilocks/tmp/sysroots/x86_64-linux/usr/lib -Wl,-rpath,/home/simon/work/goldilocks/tmp/sysroots/x86_64-linux/lib -Wl,-O1'
ac_cv_env_LD_FOR_TARGET_set=
ac_cv_env_LD_FOR_TARGET_value=
ac_cv_env_LD_set=set
ac_cv_env_LD_value='ld '
ac_cv_env_LIBS_set=
ac_cv_env_LIBS_value=
ac_cv_env_LIPO_FOR_TARGET_set=
ac_cv_env_LIPO_FOR_TARGET_value=
ac_cv_env_LIPO_set=
ac_cv_env_LIPO_value=
ac_cv_env_NM_FOR_TARGET_set=
ac_cv_env_NM_FOR_TARGET_value=
ac_cv_env_NM_set=set
ac_cv_env_NM_value=nm
ac_cv_env_OBJCOPY_FOR_TARGET_set=
ac_cv_env_OBJCOPY_FOR_TARGET_value=
ac_cv_env_OBJCOPY_set=set
ac_cv_env_OBJCOPY_value=objcopy
ac_cv_env_OBJDUMP_FOR_TARGET_set=
ac_cv_env_OBJDUMP_FOR_TARGET_value=
ac_cv_env_OBJDUMP_set=set
ac_cv_env_OBJDUMP_value=objdump
ac_cv_env_RANLIB_FOR_TARGET_set=
ac_cv_env_RANLIB_FOR_TARGET_value=
ac_cv_env_RANLIB_set=set
ac_cv_env_RANLIB_value=ranlib
ac_cv_env_READELF_FOR_TARGET_set=
ac_cv_env_READELF_FOR_TARGET_value=
ac_cv_env_READELF_set=
ac_cv_env_READELF_value=
ac_cv_env_STRIP_FOR_TARGET_set=
ac_cv_env_STRIP_FOR_TARGET_value=
ac_cv_env_STRIP_set=set
ac_cv_env_STRIP_value=strip
ac_cv_env_WINDMC_FOR_TARGET_set=
ac_cv_env_WINDMC_FOR_TARGET_value=
ac_cv_env_WINDMC_set=
ac_cv_env_WINDMC_value=
ac_cv_env_WINDRES_FOR_TARGET_set=
ac_cv_env_WINDRES_FOR_TARGET_value=
ac_cv_env_WINDRES_set=
ac_cv_env_WINDRES_value=
ac_cv_env_build_alias_set=set
ac_cv_env_build_alias_value=x86_64-linux
ac_cv_env_build_configargs_set=
ac_cv_env_build_configargs_value=
ac_cv_env_host_alias_set=set
ac_cv_env_host_alias_value=x86_64-linux
ac_cv_env_host_configargs_set=
ac_cv_env_host_configargs_value=
ac_cv_env_target_alias_set=set
ac_cv_env_target_alias_value=arm-dey-linux-gnueabi
ac_cv_env_target_configargs_set=
ac_cv_env_target_configargs_value=
ac_cv_host=x86_64-pc-linux-gnu
ac_cv_objext=o
ac_cv_path_SED=/bin/sed
ac_cv_path_install='/usr/bin/install -c'
ac_cv_prog_AR=ar
ac_cv_prog_AR_FOR_TARGET=arm-dey-linux-gnueabi-ar
ac_cv_prog_AS='as '
ac_cv_prog_AS_FOR_TARGET=arm-dey-linux-gnueabi-as
ac_cv_prog_AWK=gawk
ac_cv_prog_BISON=bison
ac_cv_prog_CC='gcc '
ac_cv_prog_FLEX=flex
ac_cv_prog_LD='ld '
ac_cv_prog_LD_FOR_TARGET=arm-dey-linux-gnueabi-ld
ac_cv_prog_LEX=flex
ac_cv_prog_M4=m4
ac_cv_prog_MAKEINFO=makeinfo
ac_cv_prog_NM=nm
ac_cv_prog_NM_FOR_TARGET=arm-dey-linux-gnueabi-nm
ac_cv_prog_OBJCOPY=objcopy
ac_cv_prog_OBJCOPY_FOR_TARGET=arm-dey-linux-gnueabi-objcopy
ac_cv_prog_OBJDUMP=objdump
ac_cv_prog_OBJDUMP_FOR_TARGET=arm-dey-linux-gnueabi-objdump
ac_cv_prog_RANLIB=ranlib
ac_cv_prog_RANLIB_FOR_TARGET=arm-dey-linux-gnueabi-ranlib
ac_cv_prog_READELF=readelf
ac_cv_prog_READELF_FOR_TARGET=arm-dey-linux-gnueabi-readelf
ac_cv_prog_STRIP=strip
ac_cv_prog_STRIP_FOR_TARGET=arm-dey-linux-gnueabi-strip
ac_cv_prog_YACC='bison -y'
ac_cv_prog_cc_c89=
ac_cv_prog_cc_g=yes
ac_cv_prog_cxx_g=yes
ac_cv_target=arm-dey-linux-gnueabi
acx_cv_cc_gcc_supports_ada=no
acx_cv_prog_LN=ln
gcc_cv_collect2_libs='none required'
gcc_cv_prog_cmp_skip='cmp --ignore-initial=16 $$f1 $$f2'
gcc_cv_tool_dirs=/home/simon/work/goldilocks/tmp/sysroots/x86_64-linux/usr/libexec/gcc/arm-dey-linux-gnueabi/5.2.0:/home/simon/work/goldilocks/tmp/sysroots/x86_64-linux/usr/libexec/gcc/arm-dey-linux-gnueabi:/usr/lib/gcc/arm-dey-linux-gnueabi/5.2.0:/usr/lib/gcc/arm-dey-linux-gnueabi:/home/simon/work/goldilocks/tmp/sysroots/x86_64-linux/usr/arm-dey-linux-gnueabi/bin/arm-dey-linux-gnueabi/5.2.0:/home/simon/work/goldilocks/tmp/sysroots/x86_64-linux/usr/arm-dey-linux-gnueabi/bin:
gcc_cv_tool_prefix=/home/simon/work/goldilocks/tmp/sysroots/x86_64-linux/usr
lt_cv_objdir=.libs
lt_cv_sys_lib_dlsearch_path_spec='/home/simon/work/goldilocks/tmp/sysroots/x86_64-linux/usr/lib/arm-dey-linux-gnueabi /home/simon/work/goldilocks/tmp/sysroots/x86_64-linux/lib'

## ----------------- ##
## Output variables. ##
## ----------------- ##

AR='ar'
AR_FOR_BUILD='$(AR)'
AR_FOR_TARGET='arm-dey-linux-gnueabi-ar'
AS='as '
AS_FOR_BUILD='$(AS)'
AS_FOR_TARGET='arm-dey-linux-gnueabi-as'
AWK='gawk'
BISON='bison'
BUILD_CONFIG=''
CC='gcc '
CC_FOR_BUILD='$(CC)'
CC_FOR_TARGET='$$r/$(HOST_SUBDIR)/gcc/xgcc -B$$r/$(HOST_SUBDIR)/gcc/'
CFLAGS='-isystem/home/simon/work/goldilocks/tmp/sysroots/x86_64-linux/usr/include -O2 -pipe'
CFLAGS_FOR_BUILD='-isystem/home/simon/work/goldilocks/tmp/sysroots/x86_64-linux/usr/include -O2 -pipe'
CFLAGS_FOR_TARGET=' -O2 -pipe -g -feliminate-unused-debug-types'
COMPILER_AS_FOR_TARGET='$$r/$(HOST_SUBDIR)/gcc/as'
COMPILER_LD_FOR_TARGET='$$r/$(HOST_SUBDIR)/gcc/collect-ld'
COMPILER_NM_FOR_TARGET='$$r/$(HOST_SUBDIR)/gcc/nm'
CONFIGURE_GDB_TK=''
CPPFLAGS=''
CXX='g++ '
CXXFLAGS='-isystem/home/simon/work/goldilocks/tmp/sysroots/x86_64-linux/usr/include -O2 -pipe'
CXXFLAGS_FOR_BUILD='-isystem/home/simon/work/goldilocks/tmp/sysroots/x86_64-linux/usr/include -O2 -pipe'
CXXFLAGS_FOR_TARGET=' -O2 -pipe -g -feliminate-unused-debug-types'
CXX_FOR_BUILD='$(CXX)'
CXX_FOR_TARGET='$$r/$(HOST_SUBDIR)/gcc/xg++ -B$$r/$(HOST_SUBDIR)/gcc/ -nostdinc++ `if test -f $$r/$(TARGET_SUBDIR)/libstdc++-v3/scripts/testsuite_flags; then $(SHELL) $$r/$(TARGET_SUBDIR)/libstdc++-v3/scripts/testsuite_flags --build-includes; else echo -funconfigured-libstdc++-v3 ; fi` -L$$r/$(TARGET_SUBDIR)/libstdc++-v3/src -L$$r/$(TARGET_SUBDIR)/libstdc++-v3/src/.libs -L$$r/$(TARGET_SUBDIR)/libstdc++-v3/libsupc++/.libs'
DEBUG_PREFIX_CFLAGS_FOR_TARGET=''
DEFS='-DPACKAGE_NAME=\"\" -DPACKAGE_TARNAME=\"\" -DPACKAGE_VERSION=\"\" -DPACKAGE_STRING=\"\" -DPACKAGE_BUGREPORT=\"\" -DPACKAGE_URL=\"\" -DLT_OBJDIR=\".libs/\"'
DLLTOOL='dlltool'
DLLTOOL_FOR_BUILD='$(DLLTOOL)'
DLLTOOL_FOR_TARGET='arm-dey-linux-gnueabi-dlltool'
ECHO_C=''
ECHO_N='-n'
ECHO_T=''
EXEEXT=''
EXPECT='expect'
EXTRA_CONFIGARGS_LIBJAVA='--disable-static'
FLAGS_FOR_TARGET=' -B$(build_tooldir)/bin/ -B$(build_tooldir)/lib/ -isystem $(build_tooldir)/include -isystem $(build_tooldir)/sys-include'
FLEX='flex'
GCC_FOR_TARGET='$$r/$(HOST_SUBDIR)/gcc/xgcc -B$$r/$(HOST_SUBDIR)/gcc/'
GCC_SHLIB_SUBDIR=''
GCJ_FOR_BUILD='$(GCJ)'
GCJ_FOR_TARGET='arm-dey-linux-gnueabi-gcj'
GDB_TK=''
GFORTRAN_FOR_BUILD='$(GFORTRAN)'
GFORTRAN_FOR_TARGET='arm-dey-linux-gnueabi-gfortran'
GNATBIND='no'
GNATMAKE='no'
GOC_FOR_BUILD='$(GOC)'
GOC_FOR_TARGET='arm-dey-linux-gnueabi-gccgo'
INSTALL_DATA='${INSTALL} -m 644'
INSTALL_GDB_TK=''
INSTALL_PROGRAM='${INSTALL}'
INSTALL_SCRIPT='${INSTALL}'
LD='ld '
LDFLAGS='-L/home/simon/work/goldilocks/tmp/sysroots/x86_64-linux/usr/lib -L/home/simon/work/goldilocks/tmp/sysroots/x86_64-linux/lib -Wl,-rpath-link,/home/simon/work/goldilocks/tmp/sysroots/x86_64-linux/usr/lib -Wl,-rpath-link,/home/simon/work/goldilocks/tmp/sysroots/x86_64-linux/lib -Wl,-rpath,/home/simon/work/goldilocks/tmp/sysroots/x86_64-linux/usr/lib -Wl,-rpath,/home/simon/work/goldilocks/tmp/sysroots/x86_64-linux/lib -Wl,-O1'
LDFLAGS_FOR_BUILD='-L/home/simon/work/goldilocks/tmp/sysroots/x86_64-linux/usr/lib -L/home/simon/work/goldilocks/tmp/sysroots/x86_64-linux/lib -Wl,-rpath-link,/home/simon/work/goldilocks/tmp/sysroots/x86_64-linux/usr/lib -Wl,-rpath-link,/home/simon/work/goldilocks/tmp/sysroots/x86_64-linux/lib -Wl,-rpath,/home/simon/work/goldilocks/tmp/sysroots/x86_64-linux/usr/lib -Wl,-rpath,/home/simon/work/goldilocks/tmp/sysroots/x86_64-linux/lib -Wl,-O1'
LDFLAGS_FOR_TARGET='-Wl,-O1 -Wl,--hash-style=gnu -Wl,--as-needed'
LD_FOR_BUILD='$(LD)'
LD_FOR_TARGET='arm-dey-linux-gnueabi-ld'
LEX='flex'
LIBOBJS=''
LIBS=''
LIPO='lipo'
LIPO_FOR_TARGET='arm-dey-linux-gnueabi-lipo'
LN='ln'
LN_S='ln -s'
LTLIBOBJS=''
M4='m4'
MAINT='#'
MAINTAINER_MODE_FALSE=''
MAINTAINER_MODE_TRUE='#'
MAKEINFO='makeinfo'
NM='nm'
NM_FOR_BUILD='$(NM)'
NM_FOR_TARGET='arm-dey-linux-gnueabi-nm'
OBJCOPY='objcopy'
OBJCOPY_FOR_TARGET='arm-dey-linux-gnueabi-objcopy'
OBJDUMP='objdump'
OBJDUMP_FOR_TARGET='arm-dey-linux-gnueabi-objdump'
OBJEXT='o'
PACKAGE_BUGREPORT=''
PACKAGE_NAME=''
PACKAGE_STRING=''
PACKAGE_TARNAME=''
PACKAGE_URL=''
PACKAGE_VERSION=''
PATH_SEPARATOR=':'
RANLIB='ranlib'
RANLIB_FOR_BUILD='$(RANLIB)'
RANLIB_FOR_TARGET='arm-dey-linux-gnueabi-ranlib'
RAW_CXX_FOR_TARGET='$$r/$(HOST_SUBDIR)/gcc/xgcc -shared-libgcc -B$$r/$(HOST_SUBDIR)/gcc -nostdinc++ -L$$r/$(TARGET_SUBDIR)/libstdc++-v3/src -L$$r/$(TARGET_SUBDIR)/libstdc++-v3/src/.libs -L$$r/$(TARGET_SUBDIR)/libstdc++-v3/libsupc++/.libs'
READELF='readelf'
READELF_FOR_TARGET='arm-dey-linux-gnueabi-readelf'
RPATH_ENVVAR='LD_LIBRARY_PATH'
RUNTEST='runtest'
SED='/bin/sed'
SHELL='/bin/bash'
STRIP='strip'
STRIP_FOR_TARGET='arm-dey-linux-gnueabi-strip'
SYSROOT_CFLAGS_FOR_TARGET='--sysroot=/home/simon/work/goldilocks/tmp/sysroots/ccimx6ulstarter'
TOPLEVEL_CONFIGURE_ARGUMENTS='/home/simon/work/goldilocks/tmp/work-shared/gcc-5.2.0-r0/gcc-5.2.0/configure --build=x86_64-linux --host=x86_64-linux --target=arm-dey-linux-gnueabi --prefix=/home/simon/work/goldilocks/tmp/sysroots/x86_64-linux/usr --exec_prefix=/home/simon/work/goldilocks/tmp/sysroots/x86_64-linux/usr --bindir=/home/simon/work/goldilocks/tmp/sysroots/x86_64-linux/usr/bin/arm-dey-linux-gnueabi --sbindir=/home/simon/work/goldilocks/tmp/sysroots/x86_64-linux/usr/bin/arm-dey-linux-gnueabi --libexecdir=/home/simon/work/goldilocks/tmp/sysroots/x86_64-linux/usr/libexec/arm-dey-linux-gnueabi --datadir=/home/simon/work/goldilocks/tmp/sysroots/x86_64-linux/usr/share --sysconfdir=/home/simon/work/goldilocks/tmp/sysroots/x86_64-linux/etc --sharedstatedir=/home/simon/work/goldilocks/tmp/sysroots/x86_64-linux/com --localstatedir=/home/simon/work/goldilocks/tmp/sysroots/x86_64-linux/var --libdir=/home/simon/work/goldilocks/tmp/sysroots/x86_64-linux/usr/lib/arm-dey-linux-gnueabi --includedir=/home/simon/work/goldilocks/tmp/sysroots/x86_64-linux/usr/include --oldincludedir=/home/simon/work/goldilocks/tmp/sysroots/x86_64-linux/usr/include --infodir=/home/simon/work/goldilocks/tmp/sysroots/x86_64-linux/usr/share/info --mandir=/home/simon/work/goldilocks/tmp/sysroots/x86_64-linux/usr/share/man --disable-silent-rules --disable-dependency-tracking --with-libtool-sysroot=/home/simon/work/goldilocks/tmp/sysroots/x86_64-linux --enable-clocale=generic --with-gnu-ld --enable-shared --enable-languages=c,c++ --enable-threads=posix --disable-multilib --enable-c99 --enable-long-long --enable-symvers=gnu --enable-libstdcxx-pch --program-prefix=arm-dey-linux-gnueabi- --without-local-prefix --enable-target-optspace --enable-lto --enable-libssp --disable-bootstrap --disable-libmudflap --with-system-zlib --with-linker-hash-style=gnu --enable-linker-build-id --with-ppl=no --with-cloog=no --enable-checking=release --enable-cheaders=c_global --without-isl --with-gxx-include-dir=/not/exist/usr/include/c++/5.2.0 --with-sysroot=/not/exist --with-build-sysroot=/home/simon/work/goldilocks/tmp/sysroots/ccimx6ulstarter --enable-poison-system-directories --with-mpfr=/home/simon/work/goldilocks/tmp/sysroots/x86_64-linux/usr --with-system-zlib --disable-nls --with-arch=armv7-a'
WINDMC='windmc'
WINDMC_FOR_BUILD='$(WINDMC)'
WINDMC_FOR_TARGET='arm-dey-linux-gnueabi-windmc'
WINDRES='windres'
WINDRES_FOR_BUILD='$(WINDRES)'
WINDRES_FOR_TARGET='arm-dey-linux-gnueabi-windres'
YACC='bison -y'
ac_ct_CC=''
ac_ct_CXX=''
bindir='/home/simon/work/goldilocks/tmp/sysroots/x86_64-linux/usr/bin/arm-dey-linux-gnueabi'
build='x86_64-pc-linux-gnu'
build_alias='x86_64-linux'
build_configargs=' --cache-file=./config.cache '\''--prefix=/home/simon/work/goldilocks/tmp/sysroots/x86_64-linux/usr'\'' '\''--exec_prefix=/home/simon/work/goldilocks/tmp/sysroots/x86_64-linux/usr'\'' '\''--bindir=/home/simon/work/goldilocks/tmp/sysroots/x86_64-linux/usr/bin/arm-dey-linux-gnueabi'\'' '\''--sbindir=/home/simon/work/goldilocks/tmp/sysroots/x86_64-linux/usr/bin/arm-dey-linux-gnueabi'\'' '\''--libexecdir=/home/simon/work/goldilocks/tmp/sysroots/x86_64-linux/usr/libexec/arm-dey-linux-gnueabi'\'' '\''--datadir=/home/simon/work/goldilocks/tmp/sysroots/x86_64-linux/usr/share'\'' '\''--sysconfdir=/home/simon/work/goldilocks/tmp/sysroots/x86_64-linux/etc'\'' '\''--sharedstatedir=/home/simon/work/goldilocks/tmp/sysroots/x86_64-linux/com'\'' '\''--localstatedir=/home/simon/work/goldilocks/tmp/sysroots/x86_64-linux/var'\'' '\''--libdir=/home/simon/work/goldilocks/tmp/sysroots/x86_64-linux/usr/lib/arm-dey-linux-gnueabi'\'' '\''--includedir=/home/simon/work/goldilocks/tmp/sysroots/x86_64-linux/usr/include'\'' '\''--oldincludedir=/home/simon/work/goldilocks/tmp/sysroots/x86_64-linux/usr/include'\'' '\''--infodir=/home/simon/work/goldilocks/tmp/sysroots/x86_64-linux/usr/share/info'\'' '\''--mandir=/home/simon/work/goldilocks/tmp/sysroots/x86_64-linux/usr/share/man'\'' '\''--disable-silent-rules'\'' '\''--disable-dependency-tracking'\'' '\''--with-libtool-sysroot=/home/simon/work/goldilocks/tmp/sysroots/x86_64-linux'\'' '\''--enable-clocale=generic'\'' '\''--with-gnu-ld'\'' '\''--enable-shared'\'' '\''--enable-threads=posix'\'' '\''--disable-multilib'\'' '\''--enable-c99'\'' '\''--enable-long-long'\'' '\''--enable-symvers=gnu'\'' '\''--enable-libstdcxx-pch'\'' '\''--without-local-prefix'\'' '\''--enable-target-optspace'\'' '\''--enable-lto'\'' '\''--enable-libssp'\'' '\''--disable-bootstrap'\'' '\''--disable-libmudflap'\'' '\''--with-linker-hash-style=gnu'\'' '\''--enable-linker-build-id'\'' '\''--with-ppl=no'\'' '\''--with-cloog=no'\'' '\''--enable-checking=release'\'' '\''--enable-cheaders=c_global'\'' '\''--without-isl'\'' '\''--with-gxx-include-dir=/not/exist/usr/include/c++/5.2.0'\'' '\''--with-sysroot=/not/exist'\'' '\''--with-build-sysroot=/home/simon/work/goldilocks/tmp/sysroots/ccimx6ulstarter'\'' '\''--enable-poison-system-directories'\'' '\''--with-mpfr=/home/simon/work/goldilocks/tmp/sysroots/x86_64-linux/usr'\'' '\''--with-system-zlib'\'' '\''--disable-nls'\'' '\''--with-arch=armv7-a'\'' '\''--enable-languages=c,c++,lto'\'' --program-transform-name='\''s&^&arm-dey-linux-gnueabi-&'\'' --disable-option-checking'
build_configdirs=' libiberty libcpp fixincludes'
build_cpu='x86_64'
build_libsubdir='build-x86_64-linux'
build_noncanonical='x86_64-linux'
build_os='linux-gnu'
build_subdir='build-x86_64-linux'
build_tooldir='${exec_prefix}/arm-dey-linux-gnueabi'
build_vendor='pc'
compare_exclusions='gcc/cc*-checksum$(objext) | gcc/ada/*tools/*'
configdirs=' intl libiberty libbacktrace libcpp libdecnumber fixincludes gcc libcc1 lto-plugin'
datadir='/home/simon/work/goldilocks/tmp/sysroots/x86_64-linux/usr/share'
datarootdir='${prefix}/share'
do_compare='cmp --ignore-initial=16 $$f1 $$f2'
docdir='${datarootdir}/doc/${PACKAGE}'
dvidir='${docdir}'
exec_prefix='/home/simon/work/goldilocks/tmp/sysroots/x86_64-linux/usr'
extra_host_libiberty_configure_flags='--enable-shared'
extra_isl_gmp_configure_flags=''
extra_liboffloadmic_configure_flags=''
extra_linker_plugin_configure_flags=''
extra_linker_plugin_flags=''
extra_mpc_gmp_configure_flags=''
extra_mpc_mpfr_configure_flags=''
extra_mpfr_configure_flags=''
gmpinc='-I/home/simon/work/goldilocks/tmp/sysroots/x86_64-linux/usr/include '
gmplibs='-L/home/simon/work/goldilocks/tmp/sysroots/x86_64-linux/usr/lib -lmpc -lmpfr -lgmp'
host='x86_64-pc-linux-gnu'
host_alias='x86_64-linux'
host_configargs=' --cache-file=./config.cache  --with-system-zlib '\''--prefix=/home/simon/work/goldilocks/tmp/sysroots/x86_64-linux/usr'\'' '\''--exec_prefix=/home/simon/work/goldilocks/tmp/sysroots/x86_64-linux/usr'\'' '\''--bindir=/home/simon/work/goldilocks/tmp/sysroots/x86_64-linux/usr/bin/arm-dey-linux-gnueabi'\'' '\''--sbindir=/home/simon/work/goldilocks/tmp/sysroots/x86_64-linux/usr/bin/arm-dey-linux-gnueabi'\'' '\''--libexecdir=/home/simon/work/goldilocks/tmp/sysroots/x86_64-linux/usr/libexec/arm-dey-linux-gnueabi'\'' '\''--datadir=/home/simon/work/goldilocks/tmp/sysroots/x86_64-linux/usr/share'\'' '\''--sysconfdir=/home/simon/work/goldilocks/tmp/sysroots/x86_64-linux/etc'\'' '\''--sharedstatedir=/home/simon/work/goldilocks/tmp/sysroots/x86_64-linux/com'\'' '\''--localstatedir=/home/simon/work/goldilocks/tmp/sysroots/x86_64-linux/var'\'' '\''--libdir=/home/simon/work/goldilocks/tmp/sysroots/x86_64-linux/usr/lib/arm-dey-linux-gnueabi'\'' '\''--includedir=/home/simon/work/goldilocks/tmp/sysroots/x86_64-linux/usr/include'\'' '\''--oldincludedir=/home/simon/work/goldilocks/tmp/sysroots/x86_64-linux/usr/include'\'' '\''--infodir=/home/simon/work/goldilocks/tmp/sysroots/x86_64-linux/usr/share/info'\'' '\''--mandir=/home/simon/work/goldilocks/tmp/sysroots/x86_64-linux/usr/share/man'\'' '\''--disable-silent-rules'\'' '\''--disable-dependency-tracking'\'' '\''--with-libtool-sysroot=/home/simon/work/goldilocks/tmp/sysroots/x86_64-linux'\'' '\''--enable-clocale=generic'\'' '\''--with-gnu-ld'\'' '\''--enable-shared'\'' '\''--enable-threads=posix'\'' '\''--disable-multilib'\'' '\''--enable-c99'\'' '\''--enable-long-long'\'' '\''--enable-symvers=gnu'\'' '\''--enable-libstdcxx-pch'\'' '\''--without-local-prefix'\'' '\''--enable-target-optspace'\'' '\''--enable-lto'\'' '\''--enable-libssp'\'' '\''--disable-bootstrap'\'' '\''--disable-libmudflap'\'' '\''--with-linker-hash-style=gnu'\'' '\''--enable-linker-build-id'\'' '\''--with-ppl=no'\'' '\''--with-cloog=no'\'' '\''--enable-checking=release'\'' '\''--enable-cheaders=c_global'\'' '\''--without-isl'\'' '\''--with-gxx-include-dir=/not/exist/usr/include/c++/5.2.0'\'' '\''--with-sysroot=/not/exist'\'' '\''--with-build-sysroot=/home/simon/work/goldilocks/tmp/sysroots/ccimx6ulstarter'\'' '\''--enable-poison-system-directories'\'' '\''--with-mpfr=/home/simon/work/goldilocks/tmp/sysroots/x86_64-linux/usr'\'' '\''--with-system-zlib'\'' '\''--disable-nls'\'' '\''--with-arch=armv7-a'\'' '\''--enable-languages=c,c++,lto'\'' --program-transform-name='\''s&^&arm-dey-linux-gnueabi-&'\'' --disable-option-checking'
host_cpu='x86_64'
host_noncanonical='x86_64-linux'
host_os='linux-gnu'
host_shared='no'
host_subdir='.'
host_vendor='pc'
htmldir='${docdir}'
includedir='/home/simon/work/goldilocks/tmp/sysroots/x86_64-linux/usr/include'
infodir='/home/simon/work/goldilocks/tmp/sysroots/x86_64-linux/usr/share/info'
islinc=''
isllibs=''
libdir='/home/simon/work/goldilocks/tmp/sysroots/x86_64-linux/usr/lib/arm-dey-linux-gnueabi'
libexecdir='/home/simon/work/goldilocks/tmp/sysroots/x86_64-linux/usr/libexec/arm-dey-linux-gnueabi'
localedir='${datarootdir}/locale'
localstatedir='/home/simon/work/goldilocks/tmp/sysroots/x86_64-linux/var'
mandir='/home/simon/work/goldilocks/tmp/sysroots/x86_64-linux/usr/share/man'
oldincludedir='/home/simon/work/goldilocks/tmp/sysroots/x86_64-linux/usr/include'
pdfdir='${docdir}'
poststage1_ldflags='-static-libstdc++ -static-libgcc'
poststage1_libs=''
prefix='/home/simon/work/goldilocks/tmp/sysroots/x86_64-linux/usr'
program_transform_name='s&^&arm-dey-linux-gnueabi-&'
psdir='${docdir}'
sbindir='/home/simon/work/goldilocks/tmp/sysroots/x86_64-linux/usr/bin/arm-dey-linux-gnueabi'
sharedstatedir='/home/simon/work/goldilocks/tmp/sysroots/x86_64-linux/com'
stage1_cflags='-g'
stage1_checking='--enable-checking=release,types'
stage1_languages='c,c++,lto'
stage1_ldflags='-static-libstdc++ -static-libgcc'
stage1_libs=''
stage2_werror_flag=''
sysconfdir='/home/simon/work/goldilocks/tmp/sysroots/x86_64-linux/etc'
target='arm-dey-linux-gnueabi'
target_alias='arm-dey-linux-gnueabi'
target_configargs='--cache-file=./config.cache --with-cross-host=x86_64-linux   '\''--prefix=/home/simon/work/goldilocks/tmp/sysroots/x86_64-linux/usr'\'' '\''--exec_prefix=/home/simon/work/goldilocks/tmp/sysroots/x86_64-linux/usr'\'' '\''--bindir=/home/simon/work/goldilocks/tmp/sysroots/x86_64-linux/usr/bin/arm-dey-linux-gnueabi'\'' '\''--sbindir=/home/simon/work/goldilocks/tmp/sysroots/x86_64-linux/usr/bin/arm-dey-linux-gnueabi'\'' '\''--libexecdir=/home/simon/work/goldilocks/tmp/sysroots/x86_64-linux/usr/libexec/arm-dey-linux-gnueabi'\'' '\''--datadir=/home/simon/work/goldilocks/tmp/sysroots/x86_64-linux/usr/share'\'' '\''--sysconfdir=/home/simon/work/goldilocks/tmp/sysroots/x86_64-linux/etc'\'' '\''--sharedstatedir=/home/simon/work/goldilocks/tmp/sysroots/x86_64-linux/com'\'' '\''--localstatedir=/home/simon/work/goldilocks/tmp/sysroots/x86_64-linux/var'\'' '\''--libdir=/home/simon/work/goldilocks/tmp/sysroots/x86_64-linux/usr/lib/arm-dey-linux-gnueabi'\'' '\''--includedir=/home/simon/work/goldilocks/tmp/sysroots/x86_64-linux/usr/include'\'' '\''--oldincludedir=/home/simon/work/goldilocks/tmp/sysroots/x86_64-linux/usr/include'\'' '\''--infodir=/home/simon/work/goldilocks/tmp/sysroots/x86_64-linux/usr/share/info'\'' '\''--mandir=/home/simon/work/goldilocks/tmp/sysroots/x86_64-linux/usr/share/man'\'' '\''--disable-silent-rules'\'' '\''--disable-dependency-tracking'\'' '\''--with-libtool-sysroot=/home/simon/work/goldilocks/tmp/sysroots/x86_64-linux'\'' '\''--enable-clocale=generic'\'' '\''--with-gnu-ld'\'' '\''--enable-shared'\'' '\''--enable-threads=posix'\'' '\''--disable-multilib'\'' '\''--enable-c99'\'' '\''--enable-long-long'\'' '\''--enable-symvers=gnu'\'' '\''--enable-libstdcxx-pch'\'' '\''--without-local-prefix'\'' '\''--enable-target-optspace'\'' '\''--enable-lto'\'' '\''--enable-libssp'\'' '\''--disable-bootstrap'\'' '\''--disable-libmudflap'\'' '\''--with-linker-hash-style=gnu'\'' '\''--enable-linker-build-id'\'' '\''--with-ppl=no'\'' '\''--with-cloog=no'\'' '\''--enable-checking=release'\'' '\''--enable-cheaders=c_global'\'' '\''--with-gxx-include-dir=/not/exist/usr/include/c++/5.2.0'\'' '\''--with-sysroot=/not/exist'\'' '\''--with-build-sysroot=/home/simon/work/goldilocks/tmp/sysroots/ccimx6ulstarter'\'' '\''--enable-poison-system-directories'\'' '\''--with-system-zlib'\'' '\''--disable-nls'\'' '\''--with-arch=armv7-a'\'' '\''--enable-languages=c,c++,lto'\'' --program-transform-name='\''s&^&arm-dey-linux-gnueabi-&'\'' --disable-option-checking'
target_configdirs=' libgcc libgomp libatomic libitm libstdc++-v3 libsanitizer libssp libquadmath'
target_cpu='arm'
target_noncanonical='arm-dey-linux-gnueabi'
target_os='linux-gnueabi'
target_subdir='arm-dey-linux-gnueabi'
target_vendor='dey'
tooldir='${exec_prefix}/arm-dey-linux-gnueabi'

## ------------------- ##
## File substitutions. ##
## ------------------- ##

alphaieee_frag='/dev/null'
host_makefile_frag='/dev/null'
ospace_frag='/home/simon/work/goldilocks/tmp/work-shared/gcc-5.2.0-r0/gcc-5.2.0/config/mt-ospace'
serialization_dependencies='serdep.tmp'
target_makefile_frag='/home/simon/work/goldilocks/tmp/work-shared/gcc-5.2.0-r0/gcc-5.2.0/config/mt-gnu'

## ----------- ##
## confdefs.h. ##
## ----------- ##

/* confdefs.h */
#define PACKAGE_NAME ""
#define PACKAGE_TARNAME ""
#define PACKAGE_VERSION ""
#define PACKAGE_STRING ""
#define PACKAGE_BUGREPORT ""
#define PACKAGE_URL ""
#define LT_OBJDIR ".libs/"

configure: exit 0
